#
# A fatal error has been detected by the Java Runtime Environment:
#
#  SIGSEGV (0xb) at pc=0x00007fcdd1ea0b61, pid=26989, tid=0x00007fcdb62fd700
#
# JRE version: OpenJDK Runtime Environment (8.0_171-b11) (build 1.8.0_171-8u171-b11-0ubuntu0.16.04.1-b11)
# Java VM: OpenJDK 64-Bit Server VM (25.171-b11 mixed mode linux-amd64 compressed oops)
# Problematic frame:
# V  [libjvm.so+0x8aab61]
#
# Failed to write core dump. Core dumps have been disabled. To enable core dumping, try "ulimit -c unlimited" before starting Java again
#
# If you would like to submit a bug report, please visit:
#   http://bugreport.java.com/bugreport/crash.jsp
#

---------------  T H R E A D  ---------------

Current thread (0x00007fcdcc078800):  VMThread [stack: 0x00007fcdb61fd000,0x00007fcdb62fe000] [id=27001]

siginfo: si_signo: 11 (SIGSEGV), si_code: 1 (SEGV_MAPERR), si_addr: 0x0000000000000000

Registers:
RAX=0x0000000000000000, RBX=0x00007fcdb62fc5c0, RCX=0x00007fcdd27532c0, RDX=0x00007fcdb62fda20
RSP=0x00007fcdb62fc4c8, RBP=0x00007fcdb62fc540, RSI=0x0000000000000038, RDI=0x00007fcd68223760
R8 =0x0000000000000000, R9 =0x0000000000000000, R10=0x0000000000000000, R11=0x0000000000000400
R12=0x00007fcdb62fc5f0, R13=0x00007fcdb62fc5c0, R14=0x00007fcdb40bc640, R15=0x00007fcdbcbecffd
RIP=0x00007fcdd1ea0b61, EFLAGS=0x0000000000010246, CSGSFS=0x002b000000000033, ERR=0x0000000000000004
  TRAPNO=0x000000000000000e

Top of Stack: (sp=0x00007fcdb62fc4c8)
0x00007fcdb62fc4c8:   00007fcdd1ea10d2 00000000000003d8
0x00007fcdb62fc4d8:   00007fcdcc027fb8 00007fcdcc027be0
0x00007fcdb62fc4e8:   00007fcdcc077e90 00007fcdcc027bd0
0x00007fcdb62fc4f8:   00007fcdb62fc5f0 00007fcdb62fc5c0
0x00007fcdb62fc508:   00007fcdd1a3e15e 00007fcdb62fc5c0
0x00007fcdb62fc518:   00007fcdb62fc590 00007fcdb62fc5f0
0x00007fcdb62fc528:   00007fcdb62fc5c0 00007fcdb40bc640
0x00007fcdb62fc538:   00007fcdbcbecffd 00007fcdb62fc580
0x00007fcdb62fc548:   00007fcdd1b5c52f 0000000000000000
0x00007fcdb62fc558:   00007fcdb62fc5c0 00007fcdd251f280
0x00007fcdb62fc568:   00007fcdb62fc5f0 00007fcdb62fc590
0x00007fcdb62fc578:   0000000000000000 00007fcdb62fcbe0
0x00007fcdb62fc588:   00007fcdd200490e 00007fcd76bdfa68
0x00007fcdb62fc598:   00007fcdbcbe54e7 00007fcdbcbe53d0
0x00007fcdb62fc5a8:   0000000000000000 00007fcd76bdfad0
0x00007fcdb62fc5b8:   00007fcd76bdfa68 00007fcdb40bc5f0
0x00007fcdb62fc5c8:   00007fcdbd08eb38 00007fcdbd08e990
0x00007fcdb62fc5d8:   00007fcd00000000 0000000000000000
0x00007fcdb62fc5e8:   00007fcdb40bc5f0 00007fcd77cf4038
0x00007fcdb62fc5f8:   00007fcd77cf403c 00007fcd77cf4030
0x00007fcdb62fc608:   0000003000000010 00007fcdb62fcd10
0x00007fcdb62fc618:   00007fcdb62fcc30 00007fcd77cf4020
0x00007fcdb62fc628:   0000003000000010 00007fcdb62fcd10
0x00007fcdb62fc638:   00007fcdb62fcc40 00007fcd76bdfa58
0x00007fcdb62fc648:   00007fcd76bdfa58 00007fcd77cf4008
0x00007fcdb62fc658:   00007fcd77cf400c 00007fcd77cf4000
0x00007fcdb62fc668:   00007fcd77cf4004 00007fcd77cf3ff8
0x00007fcdb62fc678:   00007fcd77cf3ffc 00007fcd77cf3ff0
0x00007fcdb62fc688:   00007fcd77cf3ff4 00007fcd77cf3fe8
0x00007fcdb62fc698:   00007fcd77cf3fec 00007fcd77cf3fe0
0x00007fcdb62fc6a8:   00007fcd77cf3fe4 00007fcd77cf3fd8
0x00007fcdb62fc6b8:   00007fcd77cf3fdc 00007fcd77cf3fd0 

Instructions: (pc=0x00007fcdd1ea0b61)
0x00007fcdd1ea0b41:   8b 01 48 83 c1 08 3b 30 7e 0f 83 c2 01 44 39 c2
0x00007fcdd1ea0b51:   75 ed 48 63 d2 48 8b 04 d7 5d c3 48 8b 47 08 5d
0x00007fcdd1ea0b61:   48 8b 00 c3 90 66 2e 0f 1f 84 00 00 00 00 00 55
0x00007fcdd1ea0b71:   48 89 e5 41 57 41 56 41 55 41 54 53 48 83 ec 48 

Register to memory mapping:

RAX=0x0000000000000000 is an unknown value
RBX=0x00007fcdb62fc5c0 is an unknown value
RCX=0x00007fcdd27532c0: <offset 0x2182c0> in /lib/x86_64-linux-gnu/libpthread.so.0 at 0x00007fcdd253b000
RDX=0x00007fcdb62fda20 is an unknown value
RSP=0x00007fcdb62fc4c8 is an unknown value
RBP=0x00007fcdb62fc540 is an unknown value
RSI=0x0000000000000038 is an unknown value
RDI=0x00007fcd68223760 is an unknown value
R8 =0x0000000000000000 is an unknown value
R9 =0x0000000000000000 is an unknown value
R10=0x0000000000000000 is an unknown value
R11=0x0000000000000400 is an unknown value
R12=0x00007fcdb62fc5f0 is an unknown value
R13=0x00007fcdb62fc5c0 is an unknown value
R14=0x00007fcdb40bc640 is pointing into the stack for thread: 0x00007fcd44004000
R15=0x00007fcdbcbecffd is at code_begin+2301 in an Interpreter codelet
invoke return entry points  [0x00007fcdbcbec700, 0x00007fcdbcbed0e0]  2528 bytes


Stack: [0x00007fcdb61fd000,0x00007fcdb62fe000],  sp=0x00007fcdb62fc4c8,  free space=1021k
Native frames: (J=compiled Java code, j=interpreted, Vv=VM code, C=native code)
V  [libjvm.so+0x8aab61]
V  [libjvm.so+0x56652f]
V  [libjvm.so+0xa0e90e]
V  [libjvm.so+0xa1300b]
V  [libjvm.so+0x9ce992]
V  [libjvm.so+0x95be2c]
V  [libjvm.so+0x95c5dc]
V  [libjvm.so+0xa7382e]
V  [libjvm.so+0xa73a81]
V  [libjvm.so+0x8b7c22]


---------------  P R O C E S S  ---------------

Java Threads: ( => current thread )
  0x00007fcdcc36a800 JavaThread "Time-limited test" daemon [_thread_blocked, id=27124, stack(0x00007fcd76ae0000,0x00007fcd76be1000)]
  0x00007fcd44004000 JavaThread "process reaper" daemon [_thread_blocked, id=27030, stack(0x00007fcdb4085000,0x00007fcdb40be000)]
  0x00007fcd4c00e800 JavaThread "pool-1-thread-1" [_thread_blocked, id=27026, stack(0x00007fcd768de000,0x00007fcd769df000)]
  0x00007fcd68130000 JavaThread "Window Ready Timer" daemon [_thread_blocked, id=27019, stack(0x00007fcd76de1000,0x00007fcd76ee2000)]
  0x00007fcd680c2000 JavaThread "Timer-0" daemon [_thread_blocked, id=27016, stack(0x00007fcd771e3000,0x00007fcd772e4000)]
  0x00007fcd68084000 JavaThread "TimerQueue" daemon [_thread_blocked, id=27015, stack(0x00007fcd774e4000,0x00007fcd775e5000)]
  0x00007fcdcc326800 JavaThread "AWT-EventQueue-0" [_thread_in_native, id=27014, stack(0x00007fcd77bf8000,0x00007fcd77cf9000)]
  0x00007fcdcc324800 JavaThread "AWT-Shutdown" [_thread_blocked, id=27013, stack(0x00007fcd77cf9000,0x00007fcd77dfa000)]
  0x00007fcdcc320000 JavaThread "AWT-XAWT" daemon [_thread_in_native, id=27012, stack(0x00007fcd7c0c5000,0x00007fcd7c1c6000)]
  0x00007fcdcc2fd800 JavaThread "Java2D Disposer" daemon [_thread_blocked, id=27011, stack(0x00007fcd7c3d0000,0x00007fcd7c4d1000)]
  0x00007fcdcc1c5000 JavaThread "ReaderThread" [_thread_in_native, id=27010, stack(0x00007fcdb5390000,0x00007fcdb5491000)]
  0x00007fcdcc0e3800 JavaThread "Service Thread" daemon [_thread_blocked, id=27008, stack(0x00007fcdb5803000,0x00007fcdb5904000)]
  0x00007fcdcc0be800 JavaThread "C1 CompilerThread2" daemon [_thread_blocked, id=27007, stack(0x00007fcdb5904000,0x00007fcdb5a05000)]
  0x00007fcdcc0bc800 JavaThread "C2 CompilerThread1" daemon [_thread_blocked, id=27006, stack(0x00007fcdb5a05000,0x00007fcdb5b06000)]
  0x00007fcdcc0ba000 JavaThread "C2 CompilerThread0" daemon [_thread_blocked, id=27005, stack(0x00007fcdb5b06000,0x00007fcdb5c07000)]
  0x00007fcdcc0b8800 JavaThread "Signal Dispatcher" daemon [_thread_blocked, id=27004, stack(0x00007fcdb5c07000,0x00007fcdb5d08000)]
  0x00007fcdcc084800 JavaThread "Finalizer" daemon [_thread_blocked, id=27003, stack(0x00007fcdb5ffb000,0x00007fcdb60fc000)]
  0x00007fcdcc080000 JavaThread "Reference Handler" daemon [_thread_blocked, id=27002, stack(0x00007fcdb60fc000,0x00007fcdb61fd000)]
  0x00007fcdcc00b000 JavaThread "main" [_thread_blocked, id=26996, stack(0x00007fcdd3254000,0x00007fcdd3355000)]

Other Threads:
=>0x00007fcdcc078800 VMThread [stack: 0x00007fcdb61fd000,0x00007fcdb62fe000] [id=27001]
  0x00007fcdcc0e6000 WatcherThread [stack: 0x00007fcdb5702000,0x00007fcdb5803000] [id=27009]

VM state:at safepoint (normal execution)

VM Mutex/Monitor currently owned by a thread:  ([mutex/lock_event])
[0x00007fcdcc007510] Safepoint_lock - owner thread: 0x00007fcdcc078800
[0x00007fcdcc007590] Threads_lock - owner thread: 0x00007fcdcc078800

Heap:
 PSYoungGen      total 36864K, used 17027K [0x00000000d7000000, 0x00000000d9900000, 0x0000000100000000)
  eden space 31744K, 53% used [0x00000000d7000000,0x00000000d80a0e08,0x00000000d8f00000)
  from space 5120K, 0% used [0x00000000d9400000,0x00000000d9400000,0x00000000d9900000)
  to   space 5120K, 0% used [0x00000000d8f00000,0x00000000d8f00000,0x00000000d9400000)
 ParOldGen       total 56320K, used 3783K [0x0000000085000000, 0x0000000088700000, 0x00000000d7000000)
  object space 56320K, 6% used [0x0000000085000000,0x00000000853b1c88,0x0000000088700000)
 Metaspace       used 21296K, capacity 21798K, committed 21936K, reserved 1069056K
  class space    used 2602K, capacity 2752K, committed 2816K, reserved 1048576K

Card table byte_map: [0x00007fcdbc44c000,0x00007fcdbc825000] byte_map_base: 0x00007fcdbc024000

Marking Bits: (ParMarkBitMap*) 0x00007fcdd251e320
 Begin Bits: [0x00007fcdb8038000, 0x00007fcdb9ef8000)
 End Bits:   [0x00007fcdb9ef8000, 0x00007fcdbbdb8000)

Polling page: 0x00007fcdd3372000

CodeCache: size=245760Kb used=8236Kb max_used=8322Kb free=237523Kb
 bounds [0x00007fcdbcbe5000, 0x00007fcdbd415000, 0x00007fcdcbbe5000]
 total_blobs=3304 nmethods=2686 adapters=531
 compilation: enabled

Compilation events (10 events):
Event: 7,926 Thread 0x00007fcdcc0be800 nmethod 2728 0x00007fcdbd3f5a50 code [0x00007fcdbd3f5be0, 0x00007fcdbd3f6148]
Event: 7,956 Thread 0x00007fcdcc0ba000 nmethod 2712 0x00007fcdbd3fe9d0 code [0x00007fcdbd3ff000, 0x00007fcdbd404908]
Event: 7,988 Thread 0x00007fcdcc0bc800 2729       4       java.io.File::compareTo (9 bytes)
Event: 7,989 Thread 0x00007fcdcc0bc800 nmethod 2729 0x00007fcdbd3fb8d0 code [0x00007fcdbd3fba20, 0x00007fcdbd3fbb78]
Event: 7,995 Thread 0x00007fcdcc0be800 2730       3       java.awt.Container::processEvent (22 bytes)
Event: 7,995 Thread 0x00007fcdcc0be800 nmethod 2730 0x00007fcdbd3fe310 code [0x00007fcdbd3fe4a0, 0x00007fcdbd3fe8f8]
Event: 7,996 Thread 0x00007fcdcc0be800 2731       3       java.security.CodeSource::hashCode (17 bytes)
Event: 7,996 Thread 0x00007fcdcc0be800 nmethod 2731 0x00007fcdbcd08e90 code [0x00007fcdbcd09020, 0x00007fcdbcd09588]
Event: 8,080 Thread 0x00007fcdcc0be800 2732       3       java.util.HashSet::<init> (16 bytes)
Event: 8,081 Thread 0x00007fcdcc0be800 nmethod 2732 0x00007fcdbcd319d0 code [0x00007fcdbcd31b60, 0x00007fcdbcd31f70]

GC Heap History (6 events):
Event: 2,402 GC heap before
{Heap before GC invocations=1 (full 0):
 PSYoungGen      total 36864K, used 31744K [0x00000000d7000000, 0x00000000d9900000, 0x0000000100000000)
  eden space 31744K, 100% used [0x00000000d7000000,0x00000000d8f00000,0x00000000d8f00000)
  from space 5120K, 0% used [0x00000000d9400000,0x00000000d9400000,0x00000000d9900000)
  to   space 5120K, 0% used [0x00000000d8f00000,0x00000000d8f00000,0x00000000d9400000)
 ParOldGen       total 84992K, used 0K [0x0000000085000000, 0x000000008a300000, 0x00000000d7000000)
  object space 84992K, 0% used [0x0000000085000000,0x0000000085000000,0x000000008a300000)
 Metaspace       used 20423K, capacity 20842K, committed 21120K, reserved 1067008K
  class space    used 2539K, capacity 2638K, committed 2688K, reserved 1048576K
Event: 2,411 GC heap after
Heap after GC invocations=1 (full 0):
 PSYoungGen      total 36864K, used 4917K [0x00000000d7000000, 0x00000000d9900000, 0x0000000100000000)
  eden space 31744K, 0% used [0x00000000d7000000,0x00000000d7000000,0x00000000d8f00000)
  from space 5120K, 96% used [0x00000000d8f00000,0x00000000d93cd698,0x00000000d9400000)
  to   space 5120K, 0% used [0x00000000d9400000,0x00000000d9400000,0x00000000d9900000)
 ParOldGen       total 84992K, used 16K [0x0000000085000000, 0x000000008a300000, 0x00000000d7000000)
  object space 84992K, 0% used [0x0000000085000000,0x0000000085004000,0x000000008a300000)
 Metaspace       used 20423K, capacity 20842K, committed 21120K, reserved 1067008K
  class space    used 2539K, capacity 2638K, committed 2688K, reserved 1048576K
}
Event: 3,453 GC heap before
{Heap before GC invocations=2 (full 0):
 PSYoungGen      total 36864K, used 10445K [0x00000000d7000000, 0x00000000d9900000, 0x0000000100000000)
  eden space 31744K, 17% used [0x00000000d7000000,0x00000000d7565ff0,0x00000000d8f00000)
  from space 5120K, 96% used [0x00000000d8f00000,0x00000000d93cd698,0x00000000d9400000)
  to   space 5120K, 0% used [0x00000000d9400000,0x00000000d9400000,0x00000000d9900000)
 ParOldGen       total 84992K, used 16K [0x0000000085000000, 0x000000008a300000, 0x00000000d7000000)
  object space 84992K, 0% used [0x0000000085000000,0x0000000085004000,0x000000008a300000)
 Metaspace       used 20843K, capacity 21250K, committed 21296K, reserved 1069056K
  class space    used 2589K, capacity 2682K, committed 2688K, reserved 1048576K
Event: 3,462 GC heap after
Heap after GC invocations=2 (full 0):
 PSYoungGen      total 36864K, used 3858K [0x00000000d7000000, 0x00000000d9900000, 0x0000000100000000)
  eden space 31744K, 0% used [0x00000000d7000000,0x00000000d7000000,0x00000000d8f00000)
  from space 5120K, 75% used [0x00000000d9400000,0x00000000d97c4a10,0x00000000d9900000)
  to   space 5120K, 0% used [0x00000000d8f00000,0x00000000d8f00000,0x00000000d9400000)
 ParOldGen       total 84992K, used 24K [0x0000000085000000, 0x000000008a300000, 0x00000000d7000000)
  object space 84992K, 0% used [0x0000000085000000,0x0000000085006000,0x000000008a300000)
 Metaspace       used 20843K, capacity 21250K, committed 21296K, reserved 1069056K
  class space    used 2589K, capacity 2682K, committed 2688K, reserved 1048576K
}
Event: 3,462 GC heap before
{Heap before GC invocations=3 (full 1):
 PSYoungGen      total 36864K, used 3858K [0x00000000d7000000, 0x00000000d9900000, 0x0000000100000000)
  eden space 31744K, 0% used [0x00000000d7000000,0x00000000d7000000,0x00000000d8f00000)
  from space 5120K, 75% used [0x00000000d9400000,0x00000000d97c4a10,0x00000000d9900000)
  to   space 5120K, 0% used [0x00000000d8f00000,0x00000000d8f00000,0x00000000d9400000)
 ParOldGen       total 84992K, used 24K [0x0000000085000000, 0x000000008a300000, 0x00000000d7000000)
  object space 84992K, 0% used [0x0000000085000000,0x0000000085006000,0x000000008a300000)
 Metaspace       used 20843K, capacity 21250K, committed 21296K, reserved 1069056K
  class space    used 2589K, capacity 2682K, committed 2688K, reserved 1048576K
Event: 3,496 GC heap after
Heap after GC invocations=3 (full 1):
 PSYoungGen      total 36864K, used 0K [0x00000000d7000000, 0x00000000d9900000, 0x0000000100000000)
  eden space 31744K, 0% used [0x00000000d7000000,0x00000000d7000000,0x00000000d8f00000)
  from space 5120K, 0% used [0x00000000d9400000,0x00000000d9400000,0x00000000d9900000)
  to   space 5120K, 0% used [0x00000000d8f00000,0x00000000d8f00000,0x00000000d9400000)
 ParOldGen       total 56320K, used 3783K [0x0000000085000000, 0x0000000088700000, 0x00000000d7000000)
  object space 56320K, 6% used [0x0000000085000000,0x00000000853b1c88,0x0000000088700000)
 Metaspace       used 20843K, capacity 21250K, committed 21296K, reserved 1069056K
  class space    used 2589K, capacity 2682K, committed 2688K, reserved 1048576K
}

Deoptimization events (10 events):
Event: 7,615 Thread 0x00007fcdcc326800 Uncommon trap: reason=bimorphic action=maybe_recompile pc=0x00007fcdbd31d1bc method=javax.swing.JComponent.putClientProperty(Ljava/lang/Object;Ljava/lang/Object;)V @ 97
Event: 7,616 Thread 0x00007fcdcc326800 Uncommon trap: reason=bimorphic action=maybe_recompile pc=0x00007fcdbd31d1bc method=javax.swing.JComponent.putClientProperty(Ljava/lang/Object;Ljava/lang/Object;)V @ 97
Event: 7,618 Thread 0x00007fcdcc326800 Uncommon trap: reason=class_check action=maybe_recompile pc=0x00007fcdbcf6d9f4 method=javax.swing.UIDefaults.getFromHashtable(Ljava/lang/Object;)Ljava/lang/Object; @ 92
Event: 7,618 Thread 0x00007fcdcc326800 Uncommon trap: reason=unstable_if action=reinterpret pc=0x00007fcdbd12cf0c method=javax.swing.DefaultListCellRenderer.firePropertyChange(Ljava/lang/String;Ljava/lang/Object;Ljava/lang/Object;)V @ 20
Event: 7,618 Thread 0x00007fcdcc326800 Uncommon trap: reason=bimorphic action=maybe_recompile pc=0x00007fcdbd31d1bc method=javax.swing.JComponent.putClientProperty(Ljava/lang/Object;Ljava/lang/Object;)V @ 97
Event: 7,621 Thread 0x00007fcdcc326800 Uncommon trap: reason=bimorphic action=maybe_recompile pc=0x00007fcdbd31d1bc method=javax.swing.JComponent.putClientProperty(Ljava/lang/Object;Ljava/lang/Object;)V @ 97
Event: 7,625 Thread 0x00007fcdcc326800 Uncommon trap: reason=unstable_if action=reinterpret pc=0x00007fcdbd336918 method=javax.swing.plaf.basic.BasicHTML.isHTMLString(Ljava/lang/String;)Z @ 1
Event: 7,625 Thread 0x00007fcdcc326800 Uncommon trap: reason=unstable_if action=reinterpret pc=0x00007fcdbd3279bc method=javax.swing.plaf.basic.BasicHTML.isHTMLString(Ljava/lang/String;)Z @ 1
Event: 7,627 Thread 0x00007fcdcc326800 Uncommon trap: reason=class_check action=maybe_recompile pc=0x00007fcdbcf6d9f4 method=javax.swing.UIDefaults.getFromHashtable(Ljava/lang/Object;)Ljava/lang/Object; @ 92
Event: 7,632 Thread 0x00007fcdcc326800 Uncommon trap: reason=class_check action=maybe_recompile pc=0x00007fcdbcf6d9f4 method=javax.swing.UIDefaults.getFromHashtable(Ljava/lang/Object;)Ljava/lang/Object; @ 92

Classes redefined (0 events):
No events

Internal exceptions (10 events):
Event: 2,337 Thread 0x00007fcdcc326800 Exception <a 'java/lang/UnsupportedOperationException': > (0x00000000d8e623d0) thrown at [/build/openjdk-8-wnL82d/openjdk-8-8u171-b11/src/hotspot/src/share/vm/prims/jni.cpp, line 735]
Event: 2,652 Thread 0x00007fcdcc326800 Implicit null exception at 0x00007fcdbd11ce67 to 0x00007fcdbd11ddf9
Event: 2,736 Thread 0x00007fcdcc37f800 Exception <a 'java/lang/reflect/InvocationTargetException'> (0x00000000d71f4200) thrown at [/build/openjdk-8-wnL82d/openjdk-8-8u171-b11/src/hotspot/src/share/vm/runtime/reflection.cpp, line 1092]
Event: 4,370 Thread 0x00007fcdcc326800 Exception <a 'java/lang/UnsupportedOperationException': > (0x00000000d72fdcc8) thrown at [/build/openjdk-8-wnL82d/openjdk-8-8u171-b11/src/hotspot/src/share/vm/prims/jni.cpp, line 735]
Event: 6,425 Thread 0x00007fcdcc326800 Exception <a 'java/lang/UnsupportedOperationException': > (0x00000000d7862ad8) thrown at [/build/openjdk-8-wnL82d/openjdk-8-8u171-b11/src/hotspot/src/share/vm/prims/jni.cpp, line 735]
Event: 6,791 Thread 0x00007fcdcc380800 Exception <a 'java/lang/reflect/InvocationTargetException'> (0x00000000d798ca88) thrown at [/build/openjdk-8-wnL82d/openjdk-8-8u171-b11/src/hotspot/src/share/vm/runtime/reflection.cpp, line 1092]
Event: 6,863 Thread 0x00007fcdcc326800 Exception <a 'java/lang/UnsupportedOperationException': > (0x00000000d7ae34d0) thrown at [/build/openjdk-8-wnL82d/openjdk-8-8u171-b11/src/hotspot/src/share/vm/prims/jni.cpp, line 735]
Event: 7,625 Thread 0x00007fcdcc326800 Implicit null exception at 0x00007fcdbd335f50 to 0x00007fcdbd3368fd
Event: 7,625 Thread 0x00007fcdcc326800 Implicit null exception at 0x00007fcdbd32792f to 0x00007fcdbd3279ad
Event: 7,709 Thread 0x00007fcdcc326800 Exception <a 'java/lang/UnsupportedOperationException': > (0x00000000d7deab08) thrown at [/build/openjdk-8-wnL82d/openjdk-8-8u171-b11/src/hotspot/src/share/vm/prims/jni.cpp, line 735]

Events (10 events):
Event: 7,996 loading class org/espeakng/jeditor/jni/SpectSeq
Event: 7,996 loading class org/espeakng/jeditor/jni/SpectSeq done
Event: 7,997 loading class org/espeakng/jeditor/jni/ESpeakService
Event: 7,997 loading class org/espeakng/jeditor/jni/ESpeakService done
Event: 8,081 Thread 0x00007fcdcc0be800 flushing nmethod 0x00007fcdbcdbbf50
Event: 8,081 Thread 0x00007fcdcc0be800 flushing nmethod 0x00007fcdbcdbcb10
Event: 8,081 Thread 0x00007fcdcc0be800 flushing nmethod 0x00007fcdbcdbd8d0
Event: 8,081 Thread 0x00007fcdcc0be800 flushing nmethod 0x00007fcdbcdcc8d0
Event: 8,081 Thread 0x00007fcdcc0be800 flushing nmethod 0x00007fcdbcdd8d10
Event: 8,081 Thread 0x00007fcdcc0be800 flushing nmethod 0x00007fcdbcdf10d0


Dynamic libraries:
00400000-00401000 r-xp 00000000 08:01 4204813                            /usr/lib/jvm/java-8-openjdk-amd64/jre/bin/java
00600000-00601000 r--p 00000000 08:01 4204813                            /usr/lib/jvm/java-8-openjdk-amd64/jre/bin/java
00601000-00602000 rw-p 00001000 08:01 4204813                            /usr/lib/jvm/java-8-openjdk-amd64/jre/bin/java
01c55000-01c76000 rw-p 00000000 00:00 0                                  [heap]
85000000-88700000 rw-p 00000000 00:00 0 
88700000-d7000000 ---p 00000000 00:00 0 
d7000000-d9900000 rw-p 00000000 00:00 0 
d9900000-100000000 ---p 00000000 00:00 0 
100000000-1002c0000 rw-p 00000000 00:00 0 
1002c0000-140000000 ---p 00000000 00:00 0 
7fcd3c000000-7fcd3c021000 rw-p 00000000 00:00 0 
7fcd3c021000-7fcd40000000 ---p 00000000 00:00 0 
7fcd44000000-7fcd44021000 rw-p 00000000 00:00 0 
7fcd44021000-7fcd48000000 ---p 00000000 00:00 0 
7fcd48000000-7fcd48021000 rw-p 00000000 00:00 0 
7fcd48021000-7fcd4c000000 ---p 00000000 00:00 0 
7fcd4c000000-7fcd4c021000 rw-p 00000000 00:00 0 
7fcd4c021000-7fcd50000000 ---p 00000000 00:00 0 
7fcd50000000-7fcd50021000 rw-p 00000000 00:00 0 
7fcd50021000-7fcd54000000 ---p 00000000 00:00 0 
7fcd54000000-7fcd54021000 rw-p 00000000 00:00 0 
7fcd54021000-7fcd58000000 ---p 00000000 00:00 0 
7fcd58000000-7fcd58021000 rw-p 00000000 00:00 0 
7fcd58021000-7fcd5c000000 ---p 00000000 00:00 0 
7fcd5c000000-7fcd5c021000 rw-p 00000000 00:00 0 
7fcd5c021000-7fcd60000000 ---p 00000000 00:00 0 
7fcd60000000-7fcd60021000 rw-p 00000000 00:00 0 
7fcd60021000-7fcd64000000 ---p 00000000 00:00 0 
7fcd64000000-7fcd64021000 rw-p 00000000 00:00 0 
7fcd64021000-7fcd68000000 ---p 00000000 00:00 0 
7fcd68000000-7fcd682f3000 rw-p 00000000 00:00 0 
7fcd682f3000-7fcd6c000000 ---p 00000000 00:00 0 
7fcd6c000000-7fcd6c021000 rw-p 00000000 00:00 0 
7fcd6c021000-7fcd70000000 ---p 00000000 00:00 0 
7fcd70000000-7fcd70021000 rw-p 00000000 00:00 0 
7fcd70021000-7fcd74000000 ---p 00000000 00:00 0 
7fcd76277000-7fcd76397000 r-xp 00000000 08:01 2231404                    /home/student/Documents/code/ESpeak/.lib/libespeakservice.so
7fcd76397000-7fcd76596000 ---p 00120000 08:01 2231404                    /home/student/Documents/code/ESpeak/.lib/libespeakservice.so
7fcd76596000-7fcd765ab000 rw-p 0011f000 08:01 2231404                    /home/student/Documents/code/ESpeak/.lib/libespeakservice.so
7fcd765ab000-7fcd765dd000 rw-p 00000000 00:00 0 
7fcd765dd000-7fcd765e0000 ---p 00000000 00:00 0 
7fcd765e0000-7fcd7678a000 rw-p 00000000 00:00 0 
7fcd7678a000-7fcd768de000 ---p 00000000 00:00 0 
7fcd768de000-7fcd768e1000 ---p 00000000 00:00 0 
7fcd768e1000-7fcd769df000 rw-p 00000000 00:00 0 
7fcd769df000-7fcd769e2000 ---p 00000000 00:00 0 
7fcd769e2000-7fcd76ae0000 rw-p 00000000 00:00 0 
7fcd76ae0000-7fcd76ae3000 ---p 00000000 00:00 0 
7fcd76ae3000-7fcd76de1000 rw-p 00000000 00:00 0 
7fcd76de1000-7fcd76de4000 ---p 00000000 00:00 0 
7fcd76de4000-7fcd770e2000 rw-p 00000000 00:00 0 
7fcd770e2000-7fcd770e5000 ---p 00000000 00:00 0 
7fcd770e5000-7fcd771e3000 rw-p 00000000 00:00 0 
7fcd771e3000-7fcd771e6000 ---p 00000000 00:00 0 
7fcd771e6000-7fcd774e4000 rw-p 00000000 00:00 0 
7fcd774e4000-7fcd774e7000 ---p 00000000 00:00 0 
7fcd774e7000-7fcd775e5000 rw-p 00000000 00:00 0 
7fcd775e5000-7fcd775f6000 r-xp 00000000 08:01 4204869                    /usr/lib/jvm/java-8-openjdk-amd64/jre/lib/amd64/libnio.so
7fcd775f6000-7fcd777f6000 ---p 00011000 08:01 4204869                    /usr/lib/jvm/java-8-openjdk-amd64/jre/lib/amd64/libnio.so
7fcd777f6000-7fcd777f7000 r--p 00011000 08:01 4204869                    /usr/lib/jvm/java-8-openjdk-amd64/jre/lib/amd64/libnio.so
7fcd777f7000-7fcd777f8000 rw-p 00012000 08:01 4204869                    /usr/lib/jvm/java-8-openjdk-amd64/jre/lib/amd64/libnio.so
7fcd777f8000-7fcd779f8000 rw-p 00000000 00:00 0 
7fcd779f8000-7fcd77bf8000 rw-p 00000000 00:00 0 
7fcd77bf8000-7fcd77bfb000 ---p 00000000 00:00 0 
7fcd77bfb000-7fcd77cf9000 rw-p 00000000 00:00 0 
7fcd77cf9000-7fcd77cfc000 ---p 00000000 00:00 0 
7fcd77cfc000-7fcd77dfa000 rw-p 00000000 00:00 0 
7fcd77dfa000-7fcd77dff000 r-xp 00000000 08:01 4199584                    /usr/lib/x86_64-linux-gnu/libXfixes.so.3.1.0
7fcd77dff000-7fcd77ffe000 ---p 00005000 08:01 4199584                    /usr/lib/x86_64-linux-gnu/libXfixes.so.3.1.0
7fcd77ffe000-7fcd77fff000 r--p 00004000 08:01 4199584                    /usr/lib/x86_64-linux-gnu/libXfixes.so.3.1.0
7fcd77fff000-7fcd78000000 rw-p 00005000 08:01 4199584                    /usr/lib/x86_64-linux-gnu/libXfixes.so.3.1.0
7fcd78000000-7fcd78021000 rw-p 00000000 00:00 0 
7fcd78021000-7fcd7c000000 ---p 00000000 00:00 0 
7fcd7c0c5000-7fcd7c0c8000 ---p 00000000 00:00 0 
7fcd7c0c8000-7fcd7c1c6000 rw-p 00000000 00:00 0 
7fcd7c1c6000-7fcd7c1cf000 r-xp 00000000 08:01 4199576                    /usr/lib/x86_64-linux-gnu/libXcursor.so.1.0.2
7fcd7c1cf000-7fcd7c3ce000 ---p 00009000 08:01 4199576                    /usr/lib/x86_64-linux-gnu/libXcursor.so.1.0.2
7fcd7c3ce000-7fcd7c3cf000 r--p 00008000 08:01 4199576                    /usr/lib/x86_64-linux-gnu/libXcursor.so.1.0.2
7fcd7c3cf000-7fcd7c3d0000 rw-p 00009000 08:01 4199576                    /usr/lib/x86_64-linux-gnu/libXcursor.so.1.0.2
7fcd7c3d0000-7fcd7c3d3000 ---p 00000000 00:00 0 
7fcd7c3d3000-7fcd7c4d1000 rw-p 00000000 00:00 0 
7fcd7c4d1000-7fcd7c4f5000 r-xp 00000000 08:01 5247733                    /lib/x86_64-linux-gnu/libpng12.so.0.54.0
7fcd7c4f5000-7fcd7c6f4000 ---p 00024000 08:01 5247733                    /lib/x86_64-linux-gnu/libpng12.so.0.54.0
7fcd7c6f4000-7fcd7c6f5000 r--p 00023000 08:01 5247733                    /lib/x86_64-linux-gnu/libpng12.so.0.54.0
7fcd7c6f5000-7fcd7c6f6000 rw-p 00024000 08:01 5247733                    /lib/x86_64-linux-gnu/libpng12.so.0.54.0
7fcd7c6f6000-7fcd7c79a000 r-xp 00000000 08:01 4199918                    /usr/lib/x86_64-linux-gnu/libfreetype.so.6.12.1
7fcd7c79a000-7fcd7c999000 ---p 000a4000 08:01 4199918                    /usr/lib/x86_64-linux-gnu/libfreetype.so.6.12.1
7fcd7c999000-7fcd7c99f000 r--p 000a3000 08:01 4199918                    /usr/lib/x86_64-linux-gnu/libfreetype.so.6.12.1
7fcd7c99f000-7fcd7c9a0000 rw-p 000a9000 08:01 4199918                    /usr/lib/x86_64-linux-gnu/libfreetype.so.6.12.1
7fcd7c9a0000-7fcd7c9f2000 r-xp 00000000 08:01 4204837                    /usr/lib/jvm/java-8-openjdk-amd64/jre/lib/amd64/libfontmanager.so
7fcd7c9f2000-7fcd7cbf2000 ---p 00052000 08:01 4204837                    /usr/lib/jvm/java-8-openjdk-amd64/jre/lib/amd64/libfontmanager.so
7fcd7cbf2000-7fcd7cbf4000 r--p 00052000 08:01 4204837                    /usr/lib/jvm/java-8-openjdk-amd64/jre/lib/amd64/libfontmanager.so
7fcd7cbf4000-7fcd7cbf5000 rw-p 00054000 08:01 4204837                    /usr/lib/jvm/java-8-openjdk-amd64/jre/lib/amd64/libfontmanager.so
7fcd7cbf5000-7fcd7cbfa000 r-xp 00000000 08:01 4199580                    /usr/lib/x86_64-linux-gnu/libXdmcp.so.6.0.0
7fcd7cbfa000-7fcd7cdf9000 ---p 00005000 08:01 4199580                    /usr/lib/x86_64-linux-gnu/libXdmcp.so.6.0.0
7fcd7cdf9000-7fcd7cdfa000 r--p 00004000 08:01 4199580                    /usr/lib/x86_64-linux-gnu/libXdmcp.so.6.0.0
7fcd7cdfa000-7fcd7cdfb000 rw-p 00005000 08:01 4199580                    /usr/lib/x86_64-linux-gnu/libXdmcp.so.6.0.0
7fcd7cdfb000-7fcd7cdfd000 r-xp 00000000 08:01 4199569                    /usr/lib/x86_64-linux-gnu/libXau.so.6.0.0
7fcd7cdfd000-7fcd7cffd000 ---p 00002000 08:01 4199569                    /usr/lib/x86_64-linux-gnu/libXau.so.6.0.0
7fcd7cffd000-7fcd7cffe000 r--p 00002000 08:01 4199569                    /usr/lib/x86_64-linux-gnu/libXau.so.6.0.0
7fcd7cffe000-7fcd7cfff000 rw-p 00003000 08:01 4199569                    /usr/lib/x86_64-linux-gnu/libXau.so.6.0.0
7fcd7cfff000-7fcd80000000 rw-p 00000000 00:00 0 
7fcd80000000-7fcd80021000 rw-p 00000000 00:00 0 
7fcd80021000-7fcd84000000 ---p 00000000 00:00 0 
7fcd84000000-7fcd84021000 rw-p 00000000 00:00 0 
7fcd84021000-7fcd88000000 ---p 00000000 00:00 0 
7fcd88000000-7fcd88696000 rw-p 00000000 00:00 0 
7fcd88696000-7fcd8c000000 ---p 00000000 00:00 0 
7fcd8c000000-7fcd8c44e000 rw-p 00000000 00:00 0 
7fcd8c44e000-7fcd90000000 ---p 00000000 00:00 0 
7fcd90000000-7fcd90021000 rw-p 00000000 00:00 0 
7fcd90021000-7fcd94000000 ---p 00000000 00:00 0 
7fcd94000000-7fcd9463c000 rw-p 00000000 00:00 0 
7fcd9463c000-7fcd98000000 ---p 00000000 00:00 0 
7fcd98000000-7fcd98021000 rw-p 00000000 00:00 0 
7fcd98021000-7fcd9c000000 ---p 00000000 00:00 0 
7fcd9c000000-7fcd9c021000 rw-p 00000000 00:00 0 
7fcd9c021000-7fcda0000000 ---p 00000000 00:00 0 
7fcda0000000-7fcda0021000 rw-p 00000000 00:00 0 
7fcda0021000-7fcda4000000 ---p 00000000 00:00 0 
7fcda4000000-7fcda4021000 rw-p 00000000 00:00 0 
7fcda4021000-7fcda8000000 ---p 00000000 00:00 0 
7fcda8000000-7fcda8021000 rw-p 00000000 00:00 0 
7fcda8021000-7fcdac000000 ---p 00000000 00:00 0 
7fcdac000000-7fcdac021000 rw-p 00000000 00:00 0 
7fcdac021000-7fcdb0000000 ---p 00000000 00:00 0 
7fcdb0000000-7fcdb0021000 rw-p 00000000 00:00 0 
7fcdb0021000-7fcdb4000000 ---p 00000000 00:00 0 
7fcdb4085000-7fcdb4088000 ---p 00000000 00:00 0 
7fcdb4088000-7fcdb40be000 rw-p 00000000 00:00 0 
7fcdb40be000-7fcdb40df000 r-xp 00000000 08:01 4200669                    /usr/lib/x86_64-linux-gnu/libxcb.so.1.1.0
7fcdb40df000-7fcdb42de000 ---p 00021000 08:01 4200669                    /usr/lib/x86_64-linux-gnu/libxcb.so.1.1.0
7fcdb42de000-7fcdb42df000 r--p 00020000 08:01 4200669                    /usr/lib/x86_64-linux-gnu/libxcb.so.1.1.0
7fcdb42df000-7fcdb42e0000 rw-p 00021000 08:01 4200669                    /usr/lib/x86_64-linux-gnu/libxcb.so.1.1.0
7fcdb42e0000-7fcdb42ef000 r-xp 00000000 08:01 4199592                    /usr/lib/x86_64-linux-gnu/libXi.so.6.1.0
7fcdb42ef000-7fcdb44ee000 ---p 0000f000 08:01 4199592                    /usr/lib/x86_64-linux-gnu/libXi.so.6.1.0
7fcdb44ee000-7fcdb44ef000 r--p 0000e000 08:01 4199592                    /usr/lib/x86_64-linux-gnu/libXi.so.6.1.0
7fcdb44ef000-7fcdb44f0000 rw-p 0000f000 08:01 4199592                    /usr/lib/x86_64-linux-gnu/libXi.so.6.1.0
7fcdb44f0000-7fcdb44f5000 r-xp 00000000 08:01 4199610                    /usr/lib/x86_64-linux-gnu/libXtst.so.6.1.0
7fcdb44f5000-7fcdb46f4000 ---p 00005000 08:01 4199610                    /usr/lib/x86_64-linux-gnu/libXtst.so.6.1.0
7fcdb46f4000-7fcdb46f5000 r--p 00004000 08:01 4199610                    /usr/lib/x86_64-linux-gnu/libXtst.so.6.1.0
7fcdb46f5000-7fcdb46f6000 rw-p 00005000 08:01 4199610                    /usr/lib/x86_64-linux-gnu/libXtst.so.6.1.0
7fcdb46f6000-7fcdb46ff000 r-xp 00000000 08:01 4199604                    /usr/lib/x86_64-linux-gnu/libXrender.so.1.3.0
7fcdb46ff000-7fcdb48fe000 ---p 00009000 08:01 4199604                    /usr/lib/x86_64-linux-gnu/libXrender.so.1.3.0
7fcdb48fe000-7fcdb48ff000 r--p 00008000 08:01 4199604                    /usr/lib/x86_64-linux-gnu/libXrender.so.1.3.0
7fcdb48ff000-7fcdb4900000 rw-p 00009000 08:01 4199604                    /usr/lib/x86_64-linux-gnu/libXrender.so.1.3.0
7fcdb4900000-7fcdb4a35000 r-xp 00000000 08:01 4199565                    /usr/lib/x86_64-linux-gnu/libX11.so.6.3.0
7fcdb4a35000-7fcdb4c35000 ---p 00135000 08:01 4199565                    /usr/lib/x86_64-linux-gnu/libX11.so.6.3.0
7fcdb4c35000-7fcdb4c36000 r--p 00135000 08:01 4199565                    /usr/lib/x86_64-linux-gnu/libX11.so.6.3.0
7fcdb4c36000-7fcdb4c3a000 rw-p 00136000 08:01 4199565                    /usr/lib/x86_64-linux-gnu/libX11.so.6.3.0
7fcdb4c3a000-7fcdb4c4b000 r-xp 00000000 08:01 4199582                    /usr/lib/x86_64-linux-gnu/libXext.so.6.4.0
7fcdb4c4b000-7fcdb4e4a000 ---p 00011000 08:01 4199582                    /usr/lib/x86_64-linux-gnu/libXext.so.6.4.0
7fcdb4e4a000-7fcdb4e4b000 r--p 00010000 08:01 4199582                    /usr/lib/x86_64-linux-gnu/libXext.so.6.4.0
7fcdb4e4b000-7fcdb4e4c000 rw-p 00011000 08:01 4199582                    /usr/lib/x86_64-linux-gnu/libXext.so.6.4.0
7fcdb4e53000-7fcdb4e66000 r--s 00346000 08:01 4204830                    /usr/lib/jvm/java-8-openjdk-amd64/jre/lib/resources.jar
7fcdb4e66000-7fcdb4ebb000 r-xp 00000000 08:01 4204841                    /usr/lib/jvm/java-8-openjdk-amd64/jre/lib/amd64/libawt_xawt.so
7fcdb4ebb000-7fcdb50ba000 ---p 00055000 08:01 4204841                    /usr/lib/jvm/java-8-openjdk-amd64/jre/lib/amd64/libawt_xawt.so
7fcdb50ba000-7fcdb50bb000 r--p 00054000 08:01 4204841                    /usr/lib/jvm/java-8-openjdk-amd64/jre/lib/amd64/libawt_xawt.so
7fcdb50bb000-7fcdb50be000 rw-p 00055000 08:01 4204841                    /usr/lib/jvm/java-8-openjdk-amd64/jre/lib/amd64/libawt_xawt.so
7fcdb50be000-7fcdb50bf000 rw-p 00000000 00:00 0 
7fcdb50bf000-7fcdb515f000 r-xp 00000000 08:01 4204840                    /usr/lib/jvm/java-8-openjdk-amd64/jre/lib/amd64/libawt.so
7fcdb515f000-7fcdb535f000 ---p 000a0000 08:01 4204840                    /usr/lib/jvm/java-8-openjdk-amd64/jre/lib/amd64/libawt.so
7fcdb535f000-7fcdb5360000 r--p 000a0000 08:01 4204840                    /usr/lib/jvm/java-8-openjdk-amd64/jre/lib/amd64/libawt.so
7fcdb5360000-7fcdb536b000 rw-p 000a1000 08:01 4204840                    /usr/lib/jvm/java-8-openjdk-amd64/jre/lib/amd64/libawt.so
7fcdb536b000-7fcdb5390000 rw-p 00000000 00:00 0 
7fcdb5390000-7fcdb5393000 ---p 00000000 00:00 0 
7fcdb5393000-7fcdb5491000 rw-p 00000000 00:00 0 
7fcdb5491000-7fcdb54a7000 r-xp 00000000 08:01 4204863                    /usr/lib/jvm/java-8-openjdk-amd64/jre/lib/amd64/libnet.so
7fcdb54a7000-7fcdb56a7000 ---p 00016000 08:01 4204863                    /usr/lib/jvm/java-8-openjdk-amd64/jre/lib/amd64/libnet.so
7fcdb56a7000-7fcdb56a8000 r--p 00016000 08:01 4204863                    /usr/lib/jvm/java-8-openjdk-amd64/jre/lib/amd64/libnet.so
7fcdb56a8000-7fcdb56a9000 rw-p 00017000 08:01 4204863                    /usr/lib/jvm/java-8-openjdk-amd64/jre/lib/amd64/libnet.so
7fcdb56a9000-7fcdb56ac000 r--s 00009000 08:01 1052333                    /home/student/.m2/repository/org/easytesting/fest-reflect/1.4.1/fest-reflect-1.4.1.jar
7fcdb56ac000-7fcdb56ad000 r--s 00007000 08:01 1052329                    /home/student/.m2/repository/org/easytesting/fest-util/1.2.5/fest-util-1.2.5.jar
7fcdb56ad000-7fcdb56c4000 r--s 00115000 08:01 1052328                    /home/student/.m2/repository/org/assertj/assertj-core/3.8.0/assertj-core-3.8.0.jar
7fcdb56c4000-7fcdb56d5000 r--s 000ad000 08:01 1052325                    /home/student/.m2/repository/org/assertj/assertj-swing/3.8.0/assertj-swing-3.8.0.jar
7fcdb56d5000-7fcdb56dc000 r--s 0002c000 08:01 1052324                    /home/student/.m2/repository/org/assertj/assertj-swing-junit/3.8.0/assertj-swing-junit-3.8.0.jar
7fcdb56dc000-7fcdb56e5000 r--s 0006f000 08:01 1182685                    /home/student/.m2/repository/log4j/log4j/1.2.17/log4j-1.2.17.jar
7fcdb56e5000-7fcdb56e7000 r--s 00009000 08:01 1052320                    /home/student/.m2/repository/org/hamcrest/hamcrest-core/1.3/hamcrest-core-1.3.jar
7fcdb56e7000-7fcdb5702000 r--s 00394000 08:01 4204823                    /usr/lib/jvm/java-8-openjdk-amd64/jre/lib/ext/cldrdata.jar
7fcdb5702000-7fcdb5703000 ---p 00000000 00:00 0 
7fcdb5703000-7fcdb5803000 rw-p 00000000 00:00 0 
7fcdb5803000-7fcdb5806000 ---p 00000000 00:00 0 
7fcdb5806000-7fcdb5904000 rw-p 00000000 00:00 0 
7fcdb5904000-7fcdb5907000 ---p 00000000 00:00 0 
7fcdb5907000-7fcdb5a05000 rw-p 00000000 00:00 0 
7fcdb5a05000-7fcdb5a08000 ---p 00000000 00:00 0 
7fcdb5a08000-7fcdb5b06000 rw-p 00000000 00:00 0 
7fcdb5b06000-7fcdb5b09000 ---p 00000000 00:00 0 
7fcdb5b09000-7fcdb5c07000 rw-p 00000000 00:00 0 
7fcdb5c07000-7fcdb5c0a000 ---p 00000000 00:00 0 
7fcdb5c0a000-7fcdb5d08000 rw-p 00000000 00:00 0 
7fcdb5d08000-7fcdb5ffb000 r--p 00000000 08:01 4196649                    /usr/lib/locale/locale-archive
7fcdb5ffb000-7fcdb5ffe000 ---p 00000000 00:00 0 
7fcdb5ffe000-7fcdb60fc000 rw-p 00000000 00:00 0 
7fcdb60fc000-7fcdb60ff000 ---p 00000000 00:00 0 
7fcdb60ff000-7fcdb61fd000 rw-p 00000000 00:00 0 
7fcdb61fd000-7fcdb61fe000 ---p 00000000 00:00 0 
7fcdb61fe000-7fcdb7291000 rw-p 00000000 00:00 0 
7fcdb7291000-7fcdb7460000 r--s 03c2f000 08:01 4204892                    /usr/lib/jvm/java-8-openjdk-amd64/jre/lib/rt.jar
7fcdb7460000-7fcdbbdb8000 rw-p 00000000 00:00 0 
7fcdbbdb8000-7fcdbbdb9000 ---p 00000000 00:00 0 
7fcdbbdb9000-7fcdbbeb9000 rw-p 00000000 00:00 0 
7fcdbbeb9000-7fcdbbeba000 ---p 00000000 00:00 0 
7fcdbbeba000-7fcdbbfba000 rw-p 00000000 00:00 0 
7fcdbbfba000-7fcdbbfbb000 ---p 00000000 00:00 0 
7fcdbbfbb000-7fcdbc0bb000 rw-p 00000000 00:00 0 
7fcdbc0bb000-7fcdbc0bc000 ---p 00000000 00:00 0 
7fcdbc0bc000-7fcdbc1d8000 rw-p 00000000 00:00 0 
7fcdbc1d8000-7fcdbc44c000 ---p 00000000 00:00 0 
7fcdbc44c000-7fcdbc468000 rw-p 00000000 00:00 0 
7fcdbc468000-7fcdbc6dc000 ---p 00000000 00:00 0 
7fcdbc6dc000-7fcdbc6f1000 rw-p 00000000 00:00 0 
7fcdbc6f1000-7fcdbc824000 ---p 00000000 00:00 0 
7fcdbc824000-7fcdbc846000 rw-p 00000000 00:00 0 
7fcdbc846000-7fcdbcbe5000 ---p 00000000 00:00 0 
7fcdbcbe5000-7fcdbd415000 rwxp 00000000 00:00 0 
7fcdbd415000-7fcdcbbe5000 ---p 00000000 00:00 0 
7fcdcbbe5000-7fcdcbbed000 r-xp 00000000 08:01 4204855                    /usr/lib/jvm/java-8-openjdk-amd64/jre/lib/amd64/libzip.so
7fcdcbbed000-7fcdcbdec000 ---p 00008000 08:01 4204855                    /usr/lib/jvm/java-8-openjdk-amd64/jre/lib/amd64/libzip.so
7fcdcbdec000-7fcdcbded000 r--p 00007000 08:01 4204855                    /usr/lib/jvm/java-8-openjdk-amd64/jre/lib/amd64/libzip.so
7fcdcbded000-7fcdcbdee000 rw-p 00008000 08:01 4204855                    /usr/lib/jvm/java-8-openjdk-amd64/jre/lib/amd64/libzip.so
7fcdcbdee000-7fcdcbdf9000 r-xp 00000000 08:01 5247697                    /lib/x86_64-linux-gnu/libnss_files-2.23.so
7fcdcbdf9000-7fcdcbff8000 ---p 0000b000 08:01 5247697                    /lib/x86_64-linux-gnu/libnss_files-2.23.so
7fcdcbff8000-7fcdcbff9000 r--p 0000a000 08:01 5247697                    /lib/x86_64-linux-gnu/libnss_files-2.23.so
7fcdcbff9000-7fcdcbffa000 rw-p 0000b000 08:01 5247697                    /lib/x86_64-linux-gnu/libnss_files-2.23.so
7fcdcbffa000-7fcdcc000000 rw-p 00000000 00:00 0 
7fcdcc000000-7fcdcc385000 rw-p 00000000 00:00 0 
7fcdcc385000-7fcdd0000000 ---p 00000000 00:00 0 
7fcdd0000000-7fcdd001b000 r--s 001d6000 08:01 4204826                    /usr/lib/jvm/java-8-openjdk-amd64/jre/lib/ext/nashorn.jar
7fcdd001b000-7fcdd00df000 rw-p 00000000 00:00 0 
7fcdd00df000-7fcdd00ea000 r-xp 00000000 08:01 5247701                    /lib/x86_64-linux-gnu/libnss_nis-2.23.so
7fcdd00ea000-7fcdd02e9000 ---p 0000b000 08:01 5247701                    /lib/x86_64-linux-gnu/libnss_nis-2.23.so
7fcdd02e9000-7fcdd02ea000 r--p 0000a000 08:01 5247701                    /lib/x86_64-linux-gnu/libnss_nis-2.23.so
7fcdd02ea000-7fcdd02eb000 rw-p 0000b000 08:01 5247701                    /lib/x86_64-linux-gnu/libnss_nis-2.23.so
7fcdd02eb000-7fcdd0301000 r-xp 00000000 08:01 5247691                    /lib/x86_64-linux-gnu/libnsl-2.23.so
7fcdd0301000-7fcdd0500000 ---p 00016000 08:01 5247691                    /lib/x86_64-linux-gnu/libnsl-2.23.so
7fcdd0500000-7fcdd0501000 r--p 00015000 08:01 5247691                    /lib/x86_64-linux-gnu/libnsl-2.23.so
7fcdd0501000-7fcdd0502000 rw-p 00016000 08:01 5247691                    /lib/x86_64-linux-gnu/libnsl-2.23.so
7fcdd0502000-7fcdd0504000 rw-p 00000000 00:00 0 
7fcdd0504000-7fcdd050c000 r-xp 00000000 08:01 5247693                    /lib/x86_64-linux-gnu/libnss_compat-2.23.so
7fcdd050c000-7fcdd070b000 ---p 00008000 08:01 5247693                    /lib/x86_64-linux-gnu/libnss_compat-2.23.so
7fcdd070b000-7fcdd070c000 r--p 00007000 08:01 5247693                    /lib/x86_64-linux-gnu/libnss_compat-2.23.so
7fcdd070c000-7fcdd070d000 rw-p 00008000 08:01 5247693                    /lib/x86_64-linux-gnu/libnss_compat-2.23.so
7fcdd070d000-7fcdd073a000 r-xp 00000000 08:01 4204846                    /usr/lib/jvm/java-8-openjdk-amd64/jre/lib/amd64/libjava.so
7fcdd073a000-7fcdd0939000 ---p 0002d000 08:01 4204846                    /usr/lib/jvm/java-8-openjdk-amd64/jre/lib/amd64/libjava.so
7fcdd0939000-7fcdd093a000 r--p 0002c000 08:01 4204846                    /usr/lib/jvm/java-8-openjdk-amd64/jre/lib/amd64/libjava.so
7fcdd093a000-7fcdd093c000 rw-p 0002d000 08:01 4204846                    /usr/lib/jvm/java-8-openjdk-amd64/jre/lib/amd64/libjava.so
7fcdd093c000-7fcdd094b000 r-xp 00000000 08:01 4204832                    /usr/lib/jvm/java-8-openjdk-amd64/jre/lib/amd64/libverify.so
7fcdd094b000-7fcdd0b4a000 ---p 0000f000 08:01 4204832                    /usr/lib/jvm/java-8-openjdk-amd64/jre/lib/amd64/libverify.so
7fcdd0b4a000-7fcdd0b4c000 r--p 0000e000 08:01 4204832                    /usr/lib/jvm/java-8-openjdk-amd64/jre/lib/amd64/libverify.so
7fcdd0b4c000-7fcdd0b4d000 rw-p 00010000 08:01 4204832                    /usr/lib/jvm/java-8-openjdk-amd64/jre/lib/amd64/libverify.so
7fcdd0b4d000-7fcdd0b54000 r-xp 00000000 08:01 5247746                    /lib/x86_64-linux-gnu/librt-2.23.so
7fcdd0b54000-7fcdd0d53000 ---p 00007000 08:01 5247746                    /lib/x86_64-linux-gnu/librt-2.23.so
7fcdd0d53000-7fcdd0d54000 r--p 00006000 08:01 5247746                    /lib/x86_64-linux-gnu/librt-2.23.so
7fcdd0d54000-7fcdd0d55000 rw-p 00007000 08:01 5247746                    /lib/x86_64-linux-gnu/librt-2.23.so
7fcdd0d55000-7fcdd0d6b000 r-xp 00000000 08:01 5247638                    /lib/x86_64-linux-gnu/libgcc_s.so.1
7fcdd0d6b000-7fcdd0f6a000 ---p 00016000 08:01 5247638                    /lib/x86_64-linux-gnu/libgcc_s.so.1
7fcdd0f6a000-7fcdd0f6b000 rw-p 00015000 08:01 5247638                    /lib/x86_64-linux-gnu/libgcc_s.so.1
7fcdd0f6b000-7fcdd1073000 r-xp 00000000 08:01 5247670                    /lib/x86_64-linux-gnu/libm-2.23.so
7fcdd1073000-7fcdd1272000 ---p 00108000 08:01 5247670                    /lib/x86_64-linux-gnu/libm-2.23.so
7fcdd1272000-7fcdd1273000 r--p 00107000 08:01 5247670                    /lib/x86_64-linux-gnu/libm-2.23.so
7fcdd1273000-7fcdd1274000 rw-p 00108000 08:01 5247670                    /lib/x86_64-linux-gnu/libm-2.23.so
7fcdd1274000-7fcdd13e6000 r-xp 00000000 08:01 4194720                    /usr/lib/x86_64-linux-gnu/libstdc++.so.6.0.21
7fcdd13e6000-7fcdd15e6000 ---p 00172000 08:01 4194720                    /usr/lib/x86_64-linux-gnu/libstdc++.so.6.0.21
7fcdd15e6000-7fcdd15f0000 r--p 00172000 08:01 4194720                    /usr/lib/x86_64-linux-gnu/libstdc++.so.6.0.21
7fcdd15f0000-7fcdd15f2000 rw-p 0017c000 08:01 4194720                    /usr/lib/x86_64-linux-gnu/libstdc++.so.6.0.21
7fcdd15f2000-7fcdd15f6000 rw-p 00000000 00:00 0 
7fcdd15f6000-7fcdd224f000 r-xp 00000000 08:01 4204861                    /usr/lib/jvm/java-8-openjdk-amd64/jre/lib/amd64/server/libjvm.so
7fcdd224f000-7fcdd244f000 ---p 00c59000 08:01 4204861                    /usr/lib/jvm/java-8-openjdk-amd64/jre/lib/amd64/server/libjvm.so
7fcdd244f000-7fcdd24e2000 r--p 00c59000 08:01 4204861                    /usr/lib/jvm/java-8-openjdk-amd64/jre/lib/amd64/server/libjvm.so
7fcdd24e2000-7fcdd250b000 rw-p 00cec000 08:01 4204861                    /usr/lib/jvm/java-8-openjdk-amd64/jre/lib/amd64/server/libjvm.so
7fcdd250b000-7fcdd253b000 rw-p 00000000 00:00 0 
7fcdd253b000-7fcdd2553000 r-xp 00000000 08:01 5247738                    /lib/x86_64-linux-gnu/libpthread-2.23.so
7fcdd2553000-7fcdd2752000 ---p 00018000 08:01 5247738                    /lib/x86_64-linux-gnu/libpthread-2.23.so
7fcdd2752000-7fcdd2753000 r--p 00017000 08:01 5247738                    /lib/x86_64-linux-gnu/libpthread-2.23.so
7fcdd2753000-7fcdd2754000 rw-p 00018000 08:01 5247738                    /lib/x86_64-linux-gnu/libpthread-2.23.so
7fcdd2754000-7fcdd2758000 rw-p 00000000 00:00 0 
7fcdd2758000-7fcdd275b000 r-xp 00000000 08:01 5247624                    /lib/x86_64-linux-gnu/libdl-2.23.so
7fcdd275b000-7fcdd295a000 ---p 00003000 08:01 5247624                    /lib/x86_64-linux-gnu/libdl-2.23.so
7fcdd295a000-7fcdd295b000 r--p 00002000 08:01 5247624                    /lib/x86_64-linux-gnu/libdl-2.23.so
7fcdd295b000-7fcdd295c000 rw-p 00003000 08:01 5247624                    /lib/x86_64-linux-gnu/libdl-2.23.so
7fcdd295c000-7fcdd2975000 r-xp 00000000 08:01 5247782                    /lib/x86_64-linux-gnu/libz.so.1.2.8
7fcdd2975000-7fcdd2b74000 ---p 00019000 08:01 5247782                    /lib/x86_64-linux-gnu/libz.so.1.2.8
7fcdd2b74000-7fcdd2b75000 r--p 00018000 08:01 5247782                    /lib/x86_64-linux-gnu/libz.so.1.2.8
7fcdd2b75000-7fcdd2b76000 rw-p 00019000 08:01 5247782                    /lib/x86_64-linux-gnu/libz.so.1.2.8
7fcdd2b76000-7fcdd2d36000 r-xp 00000000 08:01 5247602                    /lib/x86_64-linux-gnu/libc-2.23.so
7fcdd2d36000-7fcdd2f36000 ---p 001c0000 08:01 5247602                    /lib/x86_64-linux-gnu/libc-2.23.so
7fcdd2f36000-7fcdd2f3a000 r--p 001c0000 08:01 5247602                    /lib/x86_64-linux-gnu/libc-2.23.so
7fcdd2f3a000-7fcdd2f3c000 rw-p 001c4000 08:01 5247602                    /lib/x86_64-linux-gnu/libc-2.23.so
7fcdd2f3c000-7fcdd2f40000 rw-p 00000000 00:00 0 
7fcdd2f40000-7fcdd2f4d000 r-xp 00000000 08:01 4204857                    /usr/lib/jvm/java-8-openjdk-amd64/jre/lib/amd64/jli/libjli.so
7fcdd2f4d000-7fcdd314d000 ---p 0000d000 08:01 4204857                    /usr/lib/jvm/java-8-openjdk-amd64/jre/lib/amd64/jli/libjli.so
7fcdd314d000-7fcdd314e000 r--p 0000d000 08:01 4204857                    /usr/lib/jvm/java-8-openjdk-amd64/jre/lib/amd64/jli/libjli.so
7fcdd314e000-7fcdd314f000 rw-p 0000e000 08:01 4204857                    /usr/lib/jvm/java-8-openjdk-amd64/jre/lib/amd64/jli/libjli.so
7fcdd314f000-7fcdd3175000 r-xp 00000000 08:01 5247576                    /lib/x86_64-linux-gnu/ld-2.23.so
7fcdd3175000-7fcdd317d000 r--s 00045000 08:01 1052319                    /home/student/.m2/repository/junit/junit/4.12/junit-4.12.jar
7fcdd317d000-7fcdd3183000 r--s 0003b000 08:01 4204824                    /usr/lib/jvm/java-8-openjdk-amd64/jre/lib/ext/sunjce_provider.jar
7fcdd3183000-7fcdd3184000 r--s 0000a000 08:01 4204827                    /usr/lib/jvm/java-8-openjdk-amd64/jre/lib/ext/jaccess.jar
7fcdd3184000-7fcdd3185000 r--s 00010000 08:01 4204820                    /usr/lib/jvm/java-8-openjdk-amd64/jre/lib/ext/zipfs.jar
7fcdd3185000-7fcdd3187000 r--s 00001000 08:01 4204821                    /usr/lib/jvm/java-8-openjdk-amd64/jre/lib/ext/dnsns.jar
7fcdd3187000-7fcdd3189000 r--s 00008000 08:01 4204819                    /usr/lib/jvm/java-8-openjdk-amd64/jre/lib/ext/sunec.jar
7fcdd3189000-7fcdd3254000 rw-p 00000000 00:00 0 
7fcdd3254000-7fcdd3257000 ---p 00000000 00:00 0 
7fcdd3257000-7fcdd3359000 rw-p 00000000 00:00 0 
7fcdd3359000-7fcdd335c000 r--s 00038000 08:01 4204822                    /usr/lib/jvm/java-8-openjdk-amd64/jre/lib/ext/sunpkcs11.jar
7fcdd335c000-7fcdd3366000 r--s 00116000 08:01 4204828                    /usr/lib/jvm/java-8-openjdk-amd64/jre/lib/ext/localedata.jar
7fcdd3366000-7fcdd3369000 r--s 0000f000 08:01 4204825                    /usr/lib/jvm/java-8-openjdk-amd64/jre/lib/ext/icedtea-sound.jar
7fcdd3369000-7fcdd3371000 rw-s 00000000 08:01 3287569                    /tmp/hsperfdata_student/26989
7fcdd3371000-7fcdd3372000 rw-p 00000000 00:00 0 
7fcdd3372000-7fcdd3373000 ---p 00000000 00:00 0 
7fcdd3373000-7fcdd3374000 rw-p 00000000 00:00 0 
7fcdd3374000-7fcdd3375000 r--p 00025000 08:01 5247576                    /lib/x86_64-linux-gnu/ld-2.23.so
7fcdd3375000-7fcdd3376000 rw-p 00026000 08:01 5247576                    /lib/x86_64-linux-gnu/ld-2.23.so
7fcdd3376000-7fcdd3377000 rw-p 00000000 00:00 0 
7ffdbad03000-7ffdbad24000 rw-p 00000000 00:00 0                          [stack]
7ffdbadc5000-7ffdbadc8000 r--p 00000000 00:00 0                          [vvar]
7ffdbadc8000-7ffdbadca000 r-xp 00000000 00:00 0                          [vdso]
ffffffffff600000-ffffffffff601000 r-xp 00000000 00:00 0                  [vsyscall]

VM Arguments:
jvm_args: -ea -Dfile.encoding=UTF-8 
java_command: org.eclipse.jdt.internal.junit.runner.RemoteTestRunner -version 3 -port 37627 -testLoaderClass org.eclipse.jdt.internal.junit4.runner.JUnit4TestLoader -loaderpluginname org.eclipse.jdt.junit4.runtime -classNames org.espeakng.jeditor.gui.AllTests
java_class_path (initial): /home/student/Documents/code/ESpeak/target/test-classes:/home/student/Documents/code/ESpeak/target/classes:/home/student/.m2/repository/junit/junit/4.12/junit-4.12.jar:/home/student/.m2/repository/org/hamcrest/hamcrest-core/1.3/hamcrest-core-1.3.jar:/home/student/.m2/repository/log4j/log4j/1.2.17/log4j-1.2.17.jar:/home/student/.m2/repository/org/assertj/assertj-swing-junit/3.8.0/assertj-swing-junit-3.8.0.jar:/home/student/.m2/repository/org/assertj/assertj-swing/3.8.0/assertj-swing-3.8.0.jar:/home/student/.m2/repository/org/assertj/assertj-core/3.8.0/assertj-core-3.8.0.jar:/home/student/.m2/repository/org/easytesting/fest-util/1.2.5/fest-util-1.2.5.jar:/home/student/.m2/repository/org/easytesting/fest-reflect/1.4.1/fest-reflect-1.4.1.jar:/home/student/Downloads/eclipse/configuration/org.eclipse.osgi/387/0/.cp/:/home/student/Downloads/eclipse/configuration/org.eclipse.osgi/386/0/.cp/
Launcher Type: SUN_STANDARD

Environment Variables:
PATH=/home/student/bin:/home/student/.local/bin:/usr/local/sbin:/usr/local/bin:/usr/sbin:/usr/bin:/sbin:/bin:/usr/games:/usr/local/games
SHELL=/bin/bash
DISPLAY=:0

Signal Handlers:
SIGSEGV: [libjvm.so+0xa6e6f0], sa_mask[0]=11111111011111111101111111111110, sa_flags=SA_RESTART|SA_SIGINFO
SIGBUS: [libjvm.so+0xa6e6f0], sa_mask[0]=11111111011111111101111111111110, sa_flags=SA_RESTART|SA_SIGINFO
SIGFPE: [libjvm.so+0x8b5d50], sa_mask[0]=11111111011111111101111111111110, sa_flags=SA_RESTART|SA_SIGINFO
SIGPIPE: [libjvm.so+0x8b5d50], sa_mask[0]=11111111011111111101111111111110, sa_flags=SA_RESTART|SA_SIGINFO
SIGXFSZ: [libjvm.so+0x8b5d50], sa_mask[0]=11111111011111111101111111111110, sa_flags=SA_RESTART|SA_SIGINFO
SIGILL: [libjvm.so+0x8b5d50], sa_mask[0]=11111111011111111101111111111110, sa_flags=SA_RESTART|SA_SIGINFO
SIGUSR1: SIG_DFL, sa_mask[0]=00000000000000000000000000000000, sa_flags=none
SIGUSR2: [libjvm.so+0x8b5c00], sa_mask[0]=00100000000000000000000000000000, sa_flags=SA_RESTART|SA_SIGINFO
SIGHUP: [libjvm.so+0x8b60d0], sa_mask[0]=11111111011111111101111111111110, sa_flags=SA_RESTART|SA_SIGINFO
SIGINT: [libjvm.so+0x8b60d0], sa_mask[0]=11111111011111111101111111111110, sa_flags=SA_RESTART|SA_SIGINFO
SIGTERM: [libjvm.so+0x8b60d0], sa_mask[0]=11111111011111111101111111111110, sa_flags=SA_RESTART|SA_SIGINFO
SIGQUIT: [libjvm.so+0x8b60d0], sa_mask[0]=11111111011111111101111111111110, sa_flags=SA_RESTART|SA_SIGINFO


---------------  S Y S T E M  ---------------

OS:DISTRIB_ID=Ubuntu
DISTRIB_RELEASE=16.04
DISTRIB_CODENAME=xenial
DISTRIB_DESCRIPTION="Ubuntu 16.04.4 LTS"

uname:Linux 4.15.0-24-generic #26~16.04.1-Ubuntu SMP Fri Jun 15 14:35:08 UTC 2018 x86_64
libc:glibc 2.23 NPTL 2.23 
rlimit: STACK 8192k, CORE 0k, NPROC 31261, NOFILE 1048576, AS infinity
load average:0,84 0,74 0,68

/proc/meminfo:
MemTotal:        8060752 kB
MemFree:         3453432 kB
MemAvailable:    5036000 kB
Buffers:          198104 kB
Cached:          1642872 kB
SwapCached:            0 kB
Active:          3694908 kB
Inactive:         616084 kB
Active(anon):    2472628 kB
Inactive(anon):   121872 kB
Active(file):    1222280 kB
Inactive(file):   494212 kB
Unevictable:          80 kB
Mlocked:              80 kB
SwapTotal:       8281084 kB
SwapFree:        8281084 kB
Dirty:               140 kB
Writeback:             0 kB
AnonPages:       2470112 kB
Mapped:           440540 kB
Shmem:            124488 kB
Slab:             207984 kB
SReclaimable:     170296 kB
SUnreclaim:        37688 kB
KernelStack:        9696 kB
PageTables:        30240 kB
NFS_Unstable:          0 kB
Bounce:                0 kB
WritebackTmp:          0 kB
CommitLimit:    12311460 kB
Committed_AS:    6247360 kB
VmallocTotal:   34359738367 kB
VmallocUsed:           0 kB
VmallocChunk:          0 kB
HardwareCorrupted:     0 kB
AnonHugePages:         0 kB
ShmemHugePages:        0 kB
ShmemPmdMapped:        0 kB
CmaTotal:              0 kB
CmaFree:               0 kB
HugePages_Total:       0
HugePages_Free:        0
HugePages_Rsvd:        0
HugePages_Surp:        0
Hugepagesize:       2048 kB
DirectMap4k:      101840 kB
DirectMap2M:     8181760 kB


CPU:total 4 (initial active 4) (2 cores per cpu, 2 threads per core) family 6 model 42 stepping 7, cmov, cx8, fxsr, mmx, sse, sse2, sse3, ssse3, sse4.1, sse4.2, popcnt, avx, aes, clmul, ht, tsc, tscinvbit

/proc/cpuinfo:
processor	: 0
vendor_id	: GenuineIntel
cpu family	: 6
model		: 42
model name	: Intel(R) Core(TM) i5-2410M CPU @ 2.30GHz
stepping	: 7
microcode	: 0x2d
cpu MHz		: 2693.914
cache size	: 3072 KB
physical id	: 0
siblings	: 4
core id		: 0
cpu cores	: 2
apicid		: 0
initial apicid	: 0
fpu		: yes
fpu_exception	: yes
cpuid level	: 13
wp		: yes
flags		: fpu vme de pse tsc msr pae mce cx8 apic sep mtrr pge mca cmov pat pse36 clflush dts acpi mmx fxsr sse sse2 ss ht tm pbe syscall nx rdtscp lm constant_tsc arch_perfmon pebs bts rep_good nopl xtopology nonstop_tsc cpuid aperfmperf pni pclmulqdq dtes64 monitor ds_cpl vmx est tm2 ssse3 cx16 xtpr pdcm pcid sse4_1 sse4_2 x2apic popcnt tsc_deadline_timer aes xsave avx lahf_lm epb pti ibrs ibpb stibp tpr_shadow vnmi flexpriority ept vpid xsaveopt dtherm ida arat pln pts
bugs		: cpu_meltdown spectre_v1 spectre_v2 spec_store_bypass
bogomips	: 4589.56
clflush size	: 64
cache_alignment	: 64
address sizes	: 36 bits physical, 48 bits virtual
power management:

processor	: 1
vendor_id	: GenuineIntel
cpu family	: 6
model		: 42
model name	: Intel(R) Core(TM) i5-2410M CPU @ 2.30GHz
stepping	: 7
microcode	: 0x2d
cpu MHz		: 2865.054
cache size	: 3072 KB
physical id	: 0
siblings	: 4
core id		: 1
cpu cores	: 2
apicid		: 2
initial apicid	: 2
fpu		: yes
fpu_exception	: yes
cpuid level	: 13
wp		: yes
flags		: fpu vme de pse tsc msr pae mce cx8 apic sep mtrr pge mca cmov pat pse36 clflush dts acpi mmx fxsr sse sse2 ss ht tm pbe syscall nx rdtscp lm constant_tsc arch_perfmon pebs bts rep_good nopl xtopology nonstop_tsc cpuid aperfmperf pni pclmulqdq dtes64 monitor ds_cpl vmx est tm2 ssse3 cx16 xtpr pdcm pcid sse4_1 sse4_2 x2apic popcnt tsc_deadline_timer aes xsave avx lahf_lm epb pti ibrs ibpb stibp tpr_shadow vnmi flexpriority ept vpid xsaveopt dtherm ida arat pln pts
bugs		: cpu_meltdown spectre_v1 spectre_v2 spec_store_bypass
bogomips	: 4589.56
clflush size	: 64
cache_alignment	: 64
address sizes	: 36 bits physical, 48 bits virtual
power management:

processor	: 2
vendor_id	: GenuineIntel
cpu family	: 6
model		: 42
model name	: Intel(R) Core(TM) i5-2410M CPU @ 2.30GHz
stepping	: 7
microcode	: 0x2d
cpu MHz		: 2693.894
cache size	: 3072 KB
physical id	: 0
siblings	: 4
core id		: 0
cpu cores	: 2
apicid		: 1
initial apicid	: 1
fpu		: yes
fpu_exception	: yes
cpuid level	: 13
wp		: yes
flags		: fpu vme de pse tsc msr pae mce cx8 apic sep mtrr pge mca cmov pat pse36 clflush dts acpi mmx fxsr sse sse2 ss ht tm pbe syscall nx rdtscp lm constant_tsc arch_perfmon pebs bts rep_good nopl xtopology nonstop_tsc cpuid aperfmperf pni pclmulqdq dtes64 monitor ds_cpl vmx est tm2 ssse3 cx16 xtpr pdcm pcid sse4_1 sse4_2 x2apic popcnt tsc_deadline_timer aes xsave avx lahf_lm epb pti ibrs ibpb stibp tpr_shadow vnmi flexpriority ept vpid xsaveopt dtherm ida arat pln pts
bugs		: cpu_meltdown spectre_v1 spectre_v2 spec_store_bypass
bogomips	: 4589.56
clflush size	: 64
cache_alignment	: 64
address sizes	: 36 bits physical, 48 bits virtual
power management:

processor	: 3
vendor_id	: GenuineIntel
cpu family	: 6
model		: 42
model name	: Intel(R) Core(TM) i5-2410M CPU @ 2.30GHz
stepping	: 7
microcode	: 0x2d
cpu MHz		: 2888.510
cache size	: 3072 KB
physical id	: 0
siblings	: 4
core id		: 1
cpu cores	: 2
apicid		: 3
initial apicid	: 3
fpu		: yes
fpu_exception	: yes
cpuid level	: 13
wp		: yes
flags		: fpu vme de pse tsc msr pae mce cx8 apic sep mtrr pge mca cmov pat pse36 clflush dts acpi mmx fxsr sse sse2 ss ht tm pbe syscall nx rdtscp lm constant_tsc arch_perfmon pebs bts rep_good nopl xtopology nonstop_tsc cpuid aperfmperf pni pclmulqdq dtes64 monitor ds_cpl vmx est tm2 ssse3 cx16 xtpr pdcm pcid sse4_1 sse4_2 x2apic popcnt tsc_deadline_timer aes xsave avx lahf_lm epb pti ibrs ibpb stibp tpr_shadow vnmi flexpriority ept vpid xsaveopt dtherm ida arat pln pts
bugs		: cpu_meltdown spectre_v1 spectre_v2 spec_store_bypass
bogomips	: 4589.56
clflush size	: 64
cache_alignment	: 64
address sizes	: 36 bits physical, 48 bits virtual
power management:



Memory: 4k page, physical 8060752k(3453432k free), swap 8281084k(8281084k free)

vm_info: OpenJDK 64-Bit Server VM (25.171-b11) for linux-amd64 JRE (1.8.0_171-8u171-b11-0ubuntu0.16.04.1-b11), built on Apr 27 2018 17:19:03 by "buildd" with gcc 5.4.0 20160609

time: Thu Jul 26 16:35:02 2018
elapsed time: 9 seconds (0d 0h 0m 9s)

