#
# A fatal error has been detected by the Java Runtime Environment:
#
#  SIGSEGV (0xb) at pc=0x00007f662579859e, pid=9994, tid=0x00007f6626e69700
#
# JRE version: OpenJDK Runtime Environment (8.0_121-b13) (build 1.8.0_121-8u121-b13-0ubuntu1.16.04.2-b13)
# Java VM: OpenJDK 64-Bit Server VM (25.121-b13 mixed mode linux-amd64 compressed oops)
# Problematic frame:
# V  [libjvm.so+0x67f59e]
#
# Failed to write core dump. Core dumps have been disabled. To enable core dumping, try "ulimit -c unlimited" before starting Java again
#
# If you would like to submit a bug report, please visit:
#   http://bugreport.java.com/bugreport/crash.jsp
#

---------------  T H R E A D  ---------------

Current thread (0x00007f662000a000):  JavaThread "main" [_thread_in_vm, id=9997, stack(0x00007f6626d69000,0x00007f6626e6a000)]

siginfo: si_signo: 11 (SIGSEGV), si_code: 1 (SEGV_MAPERR), si_addr: 0x0000000000000000

Registers:
RAX=0x00007f66200788b8, RBX=0x00007f662000a000, RCX=0x0000000000000003, RDX=0x0000000000000004
RSP=0x00007f6626e68830, RBP=0x00007f6626e688e0, RSI=0x00000000ec7e4b50, RDI=0x00007f66200788a0
R8 =0x00007f662600afe0, R9 =0x00000000000000b2, R10=0x0000000000000000, R11=0xfffffffffffffffd
R12=0x00007f662000a1e0, R13=0x00007f66200788b8, R14=0x0000000000000000, R15=0x0000000000000000
RIP=0x00007f662579859e, EFLAGS=0x0000000000010202, CSGSFS=0x0000000000000033, ERR=0x0000000000000004
  TRAPNO=0x000000000000000e

Top of Stack: (sp=0x00007f6626e68830)
0x00007f6626e68830:   00007f662000a000 a2db48faf8466e00
0x00007f6626e68840:   00007f6626e688e0 00007f662000a000
0x00007f6626e68850:   00007f662000a000 00007f662000a470
0x00007f6626e68860:   00007f660000062d 00007f6625bdfa30
0x00007f6626e68870:   00007f6626e688e0 00007f6625793c92
0x00007f6626e68880:   00007f662000a000 0000000000000000
0x00007f6626e68890:   00007f6626e688e0 00007f662578a092
0x00007f6626e688a0:   0000000132515354 a2db48faf8466e00
0x00007f6626e688b0:   0000000000000000 00007f662000a1e0
0x00007f6626e688c0:   00007f6620141ee0 00007f66200788b0
0x00007f6626e688d0:   00007f6626e689b0 00007f66200788a0
0x00007f6626e688e0:   0000000000000000 00007f6607503ba3
0x00007f6626e688f0:   00007f6626e689b0 00007f660d9c8758
0x00007f6626e68900:   00007f6626e68988 0000000000000000
0x00007f6626e68910:   00007f660d9c8758 00007f6626e689b0
0x00007f6626e68920:   00007f662000a000 00007f66107d71d4
0x00007f6626e68930:   00007f6626e68988 00007f66107d6f67
0x00007f6626e68940:   00007f66107d6f22 00007f6626e68948
0x00007f6626e68950:   00007f660d9c8758 00007f6626e689b0
0x00007f6626e68960:   00007f660d9c8928 0000000000000000
0x00007f6626e68970:   00007f660d9c8758 0000000000000000
0x00007f6626e68980:   00007f6626e689a8 00007f6626e689f8
0x00007f6626e68990:   00007f66107c7a40 00000000ec7dce30
0x00007f6626e689a0:   00007f66107d1276 00000000ec7e1df0
0x00007f6626e689b0:   00000000ec7e1ca0 00007f6626e689b8
0x00007f6626e689c0:   00007f660d9c8836 00007f6626e68a18
0x00007f6626e689d0:   00007f660d9c8928 0000000000000000
0x00007f6626e689e0:   00007f660d9c88d0 00007f6626e689a8
0x00007f6626e689f0:   00007f6626e68a18 00007f6626e68a80
0x00007f6626e68a00:   00007f66107c04e7 00000000ec7e1ca0
0x00007f6626e68a10:   00000000ec7e1470 00000000ec7e13c0
0x00007f6626e68a20:   0000000000001fa0 00007f660d9c88d0 

Instructions: (pc=0x00007f662579859e)
0x00007f662579857e:   00 00 00 5b 41 5c 41 5d 41 5e 41 5f 5d c3 0f 1f
0x00007f662579858e:   40 00 48 89 c6 4c 89 e7 e8 05 28 02 00 49 89 c5
0x00007f662579859e:   49 8b 06 4c 8d 45 90 c7 85 60 ff ff ff 0e 00 00
0x00007f66257985ae:   00 4c 89 c7 4c 89 85 58 ff ff ff 48 8b 40 08 0f 

Register to memory mapping:

RAX=0x00007f66200788b8 is an unknown value
RBX=0x00007f662000a000 is a thread
RCX=0x0000000000000003 is an unknown value
RDX=0x0000000000000004 is an unknown value
RSP=0x00007f6626e68830 is pointing into the stack for thread: 0x00007f662000a000
RBP=0x00007f6626e688e0 is pointing into the stack for thread: 0x00007f662000a000
RSI=0x00000000ec7e4b50 is an oop
dataStructure.eSpeakStructure.SpectFrame 
 - klass: 'dataStructure/eSpeakStructure/SpectFrame'
RDI=0x00007f66200788a0 is an unknown value
R8 =0x00007f662600afe0: <offset 0xef1fe0> in /usr/lib/jvm/java-8-openjdk-amd64/jre/lib/amd64/server/libjvm.so at 0x00007f6625119000
R9 =0x00000000000000b2 is an unknown value
R10=0x0000000000000000 is an unknown value
R11=0xfffffffffffffffd is an unknown value
R12=0x00007f662000a1e0 is an unknown value
R13=0x00007f66200788b8 is an unknown value
R14=0x0000000000000000 is an unknown value
R15=0x0000000000000000 is an unknown value


Stack: [0x00007f6626d69000,0x00007f6626e6a000],  sp=0x00007f6626e68830,  free space=1022k
Native frames: (J=compiled Java code, j=interpreted, Vv=VM code, C=native code)
V  [libjvm.so+0x67f59e]
C  [libespeakservice.so+0xba3]  Java_eSpeakServices_ESpeakService_nativeGetSpectSeq+0x184

Java frames: (J=compiled Java code, j=interpreted, Vv=VM code)
j  eSpeakServices.ESpeakService.nativeGetSpectSeq(LdataStructure/eSpeakStructure/SpectSeq;Ljava/lang/String;)I+0
j  eSpeakServices.ESpeakService.main([Ljava/lang/String;)V+70
v  ~StubRoutines::call_stub

---------------  P R O C E S S  ---------------

Java Threads: ( => current thread )
  0x00007f66200d2000 JavaThread "Service Thread" daemon [_thread_blocked, id=10012, stack(0x00007f6607808000,0x00007f6607909000)]
  0x00007f66200b2800 JavaThread "C1 CompilerThread2" daemon [_thread_blocked, id=10011, stack(0x00007f6607909000,0x00007f6607a0a000)]
  0x00007f66200b1000 JavaThread "C2 CompilerThread1" daemon [_thread_blocked, id=10010, stack(0x00007f6607a0a000,0x00007f6607b0b000)]
  0x00007f66200ae000 JavaThread "C2 CompilerThread0" daemon [_thread_blocked, id=10009, stack(0x00007f6607b0b000,0x00007f6607c0c000)]
  0x00007f66200ac000 JavaThread "Signal Dispatcher" daemon [_thread_blocked, id=10008, stack(0x00007f6607c0c000,0x00007f6607d0d000)]
  0x00007f6620083800 JavaThread "Finalizer" daemon [_thread_blocked, id=10007, stack(0x00007f660c0e3000,0x00007f660c1e4000)]
  0x00007f662007f000 JavaThread "Reference Handler" daemon [_thread_blocked, id=10006, stack(0x00007f660c1e4000,0x00007f660c2e5000)]
=>0x00007f662000a000 JavaThread "main" [_thread_in_vm, id=9997, stack(0x00007f6626d69000,0x00007f6626e6a000)]

Other Threads:
  0x00007f6620077000 VMThread [stack: 0x00007f660c2e5000,0x00007f660c3e6000] [id=10005]
  0x00007f66200d4800 WatcherThread [stack: 0x00007f6607707000,0x00007f6607808000] [id=10013]

VM state:not at safepoint (normal execution)

VM Mutex/Monitor currently owned by a thread: None

Heap:
 PSYoungGen      total 17920K, used 614K [0x00000000ec780000, 0x00000000edb80000, 0x0000000100000000)
  eden space 15360K, 4% used [0x00000000ec780000,0x00000000ec8199c8,0x00000000ed680000)
  from space 2560K, 0% used [0x00000000ed900000,0x00000000ed900000,0x00000000edb80000)
  to   space 2560K, 0% used [0x00000000ed680000,0x00000000ed680000,0x00000000ed900000)
 ParOldGen       total 40960K, used 0K [0x00000000c5600000, 0x00000000c7e00000, 0x00000000ec780000)
  object space 40960K, 0% used [0x00000000c5600000,0x00000000c5600000,0x00000000c7e00000)
 Metaspace       used 2557K, capacity 4490K, committed 4864K, reserved 1056768K
  class space    used 270K, capacity 386K, committed 512K, reserved 1048576K

Card table byte_map: [0x00007f661022a000,0x00007f6610400000] byte_map_base: 0x00007f660fbff000

Marking Bits: (ParMarkBitMap*) 0x00007f6626037220
 Begin Bits: [0x00007f660df9d000, 0x00007f660ee45000)
 End Bits:   [0x00007f660ee45000, 0x00007f660fced000)

Polling page: 0x00007f6626e89000

CodeCache: size=245760Kb used=1084Kb max_used=1084Kb free=244675Kb
 bounds [0x00007f66107c0000, 0x00007f6610a30000, 0x00007f661f7c0000]
 total_blobs=244 nmethods=16 adapters=145
 compilation: enabled

Compilation events (10 events):
Event: 0,080 Thread 0x00007f66200b2800 nmethod 11 0x00007f66108cc510 code [0x00007f66108cc660, 0x00007f66108cc770]
Event: 0,080 Thread 0x00007f66200b2800   12       1       java.lang.ThreadLocal::access$400 (5 bytes)
Event: 0,080 Thread 0x00007f66200b2800 nmethod 12 0x00007f66108cc7d0 code [0x00007f66108cc920, 0x00007f66108cca10]
Event: 0,084 Thread 0x00007f66200b2800   13       3       java.lang.AbstractStringBuilder::append (50 bytes)
Event: 0,085 Thread 0x00007f66200b2800 nmethod 13 0x00007f66108cca90 code [0x00007f66108ccc60, 0x00007f66108cd398]
Event: 0,085 Thread 0x00007f66200b2800   14       3       java.lang.String::getChars (62 bytes)
Event: 0,086 Thread 0x00007f66200b2800 nmethod 14 0x00007f66108cd690 code [0x00007f66108cd840, 0x00007f66108cdc78]
Event: 0,087 Thread 0x00007f66200b2800   15       3       java.lang.System::getSecurityManager (4 bytes)
Event: 0,088 Thread 0x00007f66200b2800 nmethod 15 0x00007f66108cde90 code [0x00007f66108cdfe0, 0x00007f66108ce110]
Event: 0,092 Thread 0x00007f66200b2800   16       3       sun.nio.cs.UTF_8$Encoder::encode (359 bytes)

GC Heap History (0 events):
No events

Deoptimization events (0 events):
No events

Internal exceptions (3 events):
Event: 0,027 Thread 0x00007f662000a000 Exception <a 'java/lang/NoSuchMethodError': Method sun.misc.Unsafe.defineClass(Ljava/lang/String;[BII)Ljava/lang/Class; name or signature does not match> (0x00000000ec787ca8) thrown at [/build/openjdk-8-YiEakL/openjdk-8-8u121-b13/src/hotspot/src/share/vm/
Event: 0,027 Thread 0x00007f662000a000 Exception <a 'java/lang/NoSuchMethodError': Method sun.misc.Unsafe.prefetchRead(Ljava/lang/Object;J)V name or signature does not match> (0x00000000ec787f90) thrown at [/build/openjdk-8-YiEakL/openjdk-8-8u121-b13/src/hotspot/src/share/vm/prims/jni.cpp, lin
Event: 0,093 Thread 0x00007f662000a000 Exception <a 'java/lang/NoSuchMethodError': <init>> (0x00000000ec7e4948) thrown at [/build/openjdk-8-YiEakL/openjdk-8-8u121-b13/src/hotspot/src/share/vm/prims/jni.cpp, line 1581]

Events (10 events):
Event: 0,091 loading class java/nio/charset/CoderResult
Event: 0,091 loading class java/nio/charset/CoderResult done
Event: 0,091 loading class java/nio/charset/CoderResult$1
Event: 0,091 loading class java/nio/charset/CoderResult$Cache
Event: 0,091 loading class java/nio/charset/CoderResult$Cache done
Event: 0,091 loading class java/nio/charset/CoderResult$1 done
Event: 0,091 loading class java/nio/charset/CoderResult$2
Event: 0,092 loading class java/nio/charset/CoderResult$2 done
Event: 0,092 loading class dataStructure/eSpeakStructure/SpectFrame
Event: 0,092 loading class dataStructure/eSpeakStructure/SpectFrame done


Dynamic libraries:
00400000-00401000 r-xp 00000000 08:01 13238473                           /usr/lib/jvm/java-8-openjdk-amd64/jre/bin/java
00600000-00601000 r--p 00000000 08:01 13238473                           /usr/lib/jvm/java-8-openjdk-amd64/jre/bin/java
00601000-00602000 rw-p 00001000 08:01 13238473                           /usr/lib/jvm/java-8-openjdk-amd64/jre/bin/java
0088c000-008ad000 rw-p 00000000 00:00 0                                  [heap]
c5600000-c7e00000 rw-p 00000000 00:00 0 
c7e00000-ec780000 ---p 00000000 00:00 0 
ec780000-edb80000 rw-p 00000000 00:00 0 
edb80000-100000000 ---p 00000000 00:00 0 
100000000-100080000 rw-p 00000000 00:00 0 
100080000-140000000 ---p 00000000 00:00 0 
7f65d0000000-7f65d0021000 rw-p 00000000 00:00 0 
7f65d0021000-7f65d4000000 ---p 00000000 00:00 0 
7f65d7bcb000-7f65d7bf5000 r-xp 00000000 08:01 9967606                    /usr/lib/x86_64-linux-gnu/libvorbis.so.0.4.8
7f65d7bf5000-7f65d7df5000 ---p 0002a000 08:01 9967606                    /usr/lib/x86_64-linux-gnu/libvorbis.so.0.4.8
7f65d7df5000-7f65d7df6000 r--p 0002a000 08:01 9967606                    /usr/lib/x86_64-linux-gnu/libvorbis.so.0.4.8
7f65d7df6000-7f65d7df7000 rw-p 0002b000 08:01 9967606                    /usr/lib/x86_64-linux-gnu/libvorbis.so.0.4.8
7f65d7df7000-7f65d7dfe000 r-xp 00000000 08:01 9967344                    /usr/lib/x86_64-linux-gnu/libogg.so.0.8.2
7f65d7dfe000-7f65d7ffe000 ---p 00007000 08:01 9967344                    /usr/lib/x86_64-linux-gnu/libogg.so.0.8.2
7f65d7ffe000-7f65d7fff000 r--p 00007000 08:01 9967344                    /usr/lib/x86_64-linux-gnu/libogg.so.0.8.2
7f65d7fff000-7f65d8000000 rw-p 00008000 08:01 9967344                    /usr/lib/x86_64-linux-gnu/libogg.so.0.8.2
7f65d8000000-7f65d8021000 rw-p 00000000 00:00 0 
7f65d8021000-7f65dc000000 ---p 00000000 00:00 0 
7f65dc000000-7f65dc021000 rw-p 00000000 00:00 0 
7f65dc021000-7f65e0000000 ---p 00000000 00:00 0 
7f65e0000000-7f65e0066000 rw-p 00000000 00:00 0 
7f65e0066000-7f65e4000000 ---p 00000000 00:00 0 
7f65e4000000-7f65e4021000 rw-p 00000000 00:00 0 
7f65e4021000-7f65e8000000 ---p 00000000 00:00 0 
7f65e8000000-7f65e8021000 rw-p 00000000 00:00 0 
7f65e8021000-7f65ec000000 ---p 00000000 00:00 0 
7f65ec000000-7f65ec021000 rw-p 00000000 00:00 0 
7f65ec021000-7f65f0000000 ---p 00000000 00:00 0 
7f65f0000000-7f65f0021000 rw-p 00000000 00:00 0 
7f65f0021000-7f65f4000000 ---p 00000000 00:00 0 
7f65f4000000-7f65f4021000 rw-p 00000000 00:00 0 
7f65f4021000-7f65f8000000 ---p 00000000 00:00 0 
7f65f8000000-7f65f8021000 rw-p 00000000 00:00 0 
7f65f8021000-7f65fc000000 ---p 00000000 00:00 0 
7f65fc000000-7f65fc021000 rw-p 00000000 00:00 0 
7f65fc021000-7f6600000000 ---p 00000000 00:00 0 
7f6600000000-7f6600021000 rw-p 00000000 00:00 0 
7f6600021000-7f6604000000 ---p 00000000 00:00 0 
7f660409d000-7f66040af000 r-xp 00000000 08:01 13635979                   /lib/x86_64-linux-gnu/libgpg-error.so.0.17.0
7f66040af000-7f66042af000 ---p 00012000 08:01 13635979                   /lib/x86_64-linux-gnu/libgpg-error.so.0.17.0
7f66042af000-7f66042b0000 r--p 00012000 08:01 13635979                   /lib/x86_64-linux-gnu/libgpg-error.so.0.17.0
7f66042b0000-7f66042b1000 rw-p 00013000 08:01 13635979                   /lib/x86_64-linux-gnu/libgpg-error.so.0.17.0
7f66042b1000-7f660431f000 r-xp 00000000 08:01 13636056                   /lib/x86_64-linux-gnu/libpcre.so.3.13.2
7f660431f000-7f660451f000 ---p 0006e000 08:01 13636056                   /lib/x86_64-linux-gnu/libpcre.so.3.13.2
7f660451f000-7f6604520000 r--p 0006e000 08:01 13636056                   /lib/x86_64-linux-gnu/libpcre.so.3.13.2
7f6604520000-7f6604521000 rw-p 0006f000 08:01 13636056                   /lib/x86_64-linux-gnu/libpcre.so.3.13.2
7f6604521000-7f6604538000 r-xp 00000000 08:01 13635954                   /lib/x86_64-linux-gnu/libresolv-2.23.so
7f6604538000-7f6604738000 ---p 00017000 08:01 13635954                   /lib/x86_64-linux-gnu/libresolv-2.23.so
7f6604738000-7f6604739000 r--p 00017000 08:01 13635954                   /lib/x86_64-linux-gnu/libresolv-2.23.so
7f6604739000-7f660473a000 rw-p 00018000 08:01 13635954                   /lib/x86_64-linux-gnu/libresolv-2.23.so
7f660473a000-7f660473c000 rw-p 00000000 00:00 0 
7f660473c000-7f66047c9000 r-xp 00000000 08:01 9967608                    /usr/lib/x86_64-linux-gnu/libvorbisenc.so.2.0.11
7f66047c9000-7f66049c8000 ---p 0008d000 08:01 9967608                    /usr/lib/x86_64-linux-gnu/libvorbisenc.so.2.0.11
7f66049c8000-7f66049e4000 r--p 0008c000 08:01 9967608                    /usr/lib/x86_64-linux-gnu/libvorbisenc.so.2.0.11
7f66049e4000-7f66049e5000 rw-p 000a8000 08:01 9967608                    /usr/lib/x86_64-linux-gnu/libvorbisenc.so.2.0.11
7f66049e5000-7f6604a58000 r-xp 00000000 08:01 9966605                    /usr/lib/x86_64-linux-gnu/libFLAC.so.8.3.0
7f6604a58000-7f6604c58000 ---p 00073000 08:01 9966605                    /usr/lib/x86_64-linux-gnu/libFLAC.so.8.3.0
7f6604c58000-7f6604c59000 r--p 00073000 08:01 9966605                    /usr/lib/x86_64-linux-gnu/libFLAC.so.8.3.0
7f6604c59000-7f6604c5a000 rw-p 00074000 08:01 9966605                    /usr/lib/x86_64-linux-gnu/libFLAC.so.8.3.0
7f6604c5a000-7f6604d32000 r-xp 00000000 08:01 13631513                   /lib/x86_64-linux-gnu/libgcrypt.so.20.0.5
7f6604d32000-7f6604f31000 ---p 000d8000 08:01 13631513                   /lib/x86_64-linux-gnu/libgcrypt.so.20.0.5
7f6604f31000-7f6604f32000 r--p 000d7000 08:01 13631513                   /lib/x86_64-linux-gnu/libgcrypt.so.20.0.5
7f6604f32000-7f6604f3a000 rw-p 000d8000 08:01 13631513                   /lib/x86_64-linux-gnu/libgcrypt.so.20.0.5
7f6604f3a000-7f6604f3b000 rw-p 00000000 00:00 0 
7f6604f3b000-7f6604f5c000 r-xp 00000000 08:01 13636002                   /lib/x86_64-linux-gnu/liblzma.so.5.0.0
7f6604f5c000-7f660515b000 ---p 00021000 08:01 13636002                   /lib/x86_64-linux-gnu/liblzma.so.5.0.0
7f660515b000-7f660515c000 r--p 00020000 08:01 13636002                   /lib/x86_64-linux-gnu/liblzma.so.5.0.0
7f660515c000-7f660515d000 rw-p 00021000 08:01 13636002                   /lib/x86_64-linux-gnu/liblzma.so.5.0.0
7f660515d000-7f660517c000 r-xp 00000000 08:01 13636085                   /lib/x86_64-linux-gnu/libselinux.so.1
7f660517c000-7f660537b000 ---p 0001f000 08:01 13636085                   /lib/x86_64-linux-gnu/libselinux.so.1
7f660537b000-7f660537c000 r--p 0001e000 08:01 13636085                   /lib/x86_64-linux-gnu/libselinux.so.1
7f660537c000-7f660537d000 rw-p 0001f000 08:01 13636085                   /lib/x86_64-linux-gnu/libselinux.so.1
7f660537d000-7f660537f000 rw-p 00000000 00:00 0 
7f660537f000-7f6605384000 r-xp 00000000 08:01 9966644                    /usr/lib/x86_64-linux-gnu/libXdmcp.so.6.0.0
7f6605384000-7f6605583000 ---p 00005000 08:01 9966644                    /usr/lib/x86_64-linux-gnu/libXdmcp.so.6.0.0
7f6605583000-7f6605584000 r--p 00004000 08:01 9966644                    /usr/lib/x86_64-linux-gnu/libXdmcp.so.6.0.0
7f6605584000-7f6605585000 rw-p 00005000 08:01 9966644                    /usr/lib/x86_64-linux-gnu/libXdmcp.so.6.0.0
7f6605585000-7f6605587000 r-xp 00000000 08:01 9966633                    /usr/lib/x86_64-linux-gnu/libXau.so.6.0.0
7f6605587000-7f6605787000 ---p 00002000 08:01 9966633                    /usr/lib/x86_64-linux-gnu/libXau.so.6.0.0
7f6605787000-7f6605788000 r--p 00002000 08:01 9966633                    /usr/lib/x86_64-linux-gnu/libXau.so.6.0.0
7f6605788000-7f6605789000 rw-p 00003000 08:01 9966633                    /usr/lib/x86_64-linux-gnu/libXau.so.6.0.0
7f6605789000-7f660578e000 r-xp 00000000 08:01 9966714                    /usr/lib/x86_64-linux-gnu/libasyncns.so.0.3.1
7f660578e000-7f660598d000 ---p 00005000 08:01 9966714                    /usr/lib/x86_64-linux-gnu/libasyncns.so.0.3.1
7f660598d000-7f660598e000 r--p 00004000 08:01 9966714                    /usr/lib/x86_64-linux-gnu/libasyncns.so.0.3.1
7f660598e000-7f660598f000 rw-p 00005000 08:01 9966714                    /usr/lib/x86_64-linux-gnu/libasyncns.so.0.3.1
7f660598f000-7f66059f1000 r-xp 00000000 08:01 9967506                    /usr/lib/x86_64-linux-gnu/libsndfile.so.1.0.25
7f66059f1000-7f6605bf1000 ---p 00062000 08:01 9967506                    /usr/lib/x86_64-linux-gnu/libsndfile.so.1.0.25
7f6605bf1000-7f6605bf3000 r--p 00062000 08:01 9967506                    /usr/lib/x86_64-linux-gnu/libsndfile.so.1.0.25
7f6605bf3000-7f6605bf4000 rw-p 00064000 08:01 9967506                    /usr/lib/x86_64-linux-gnu/libsndfile.so.1.0.25
7f6605bf4000-7f6605bf8000 rw-p 00000000 00:00 0 
7f6605bf8000-7f6605c00000 r-xp 00000000 08:01 13636113                   /lib/x86_64-linux-gnu/libwrap.so.0.7.6
7f6605c00000-7f6605dff000 ---p 00008000 08:01 13636113                   /lib/x86_64-linux-gnu/libwrap.so.0.7.6
7f6605dff000-7f6605e00000 r--p 00007000 08:01 13636113                   /lib/x86_64-linux-gnu/libwrap.so.0.7.6
7f6605e00000-7f6605e01000 rw-p 00008000 08:01 13636113                   /lib/x86_64-linux-gnu/libwrap.so.0.7.6
7f6605e01000-7f6605e02000 rw-p 00000000 00:00 0 
7f6605e02000-7f6605e23000 r-xp 00000000 08:01 9967683                    /usr/lib/x86_64-linux-gnu/libxcb.so.1.1.0
7f6605e23000-7f6606022000 ---p 00021000 08:01 9967683                    /usr/lib/x86_64-linux-gnu/libxcb.so.1.1.0
7f6606022000-7f6606023000 r--p 00020000 08:01 9967683                    /usr/lib/x86_64-linux-gnu/libxcb.so.1.1.0
7f6606023000-7f6606024000 rw-p 00021000 08:01 9967683                    /usr/lib/x86_64-linux-gnu/libxcb.so.1.1.0
7f6606024000-7f660606e000 r-xp 00000000 08:01 13635912                   /lib/x86_64-linux-gnu/libdbus-1.so.3.14.6
7f660606e000-7f660626e000 ---p 0004a000 08:01 13635912                   /lib/x86_64-linux-gnu/libdbus-1.so.3.14.6
7f660626e000-7f660626f000 r--p 0004a000 08:01 13635912                   /lib/x86_64-linux-gnu/libdbus-1.so.3.14.6
7f660626f000-7f6606270000 rw-p 0004b000 08:01 13635912                   /lib/x86_64-linux-gnu/libdbus-1.so.3.14.6
7f6606270000-7f660627a000 r-xp 00000000 08:01 13635994                   /lib/x86_64-linux-gnu/libjson-c.so.2.0.0
7f660627a000-7f6606479000 ---p 0000a000 08:01 13635994                   /lib/x86_64-linux-gnu/libjson-c.so.2.0.0
7f6606479000-7f660647a000 r--p 00009000 08:01 13635994                   /lib/x86_64-linux-gnu/libjson-c.so.2.0.0
7f660647a000-7f660647b000 rw-p 0000a000 08:01 13635994                   /lib/x86_64-linux-gnu/libjson-c.so.2.0.0
7f660647b000-7f66064f5000 r-xp 00000000 08:01 10093801                   /usr/lib/x86_64-linux-gnu/pulseaudio/libpulsecommon-8.0.so
7f66064f5000-7f66066f4000 ---p 0007a000 08:01 10093801                   /usr/lib/x86_64-linux-gnu/pulseaudio/libpulsecommon-8.0.so
7f66066f4000-7f66066f5000 r--p 00079000 08:01 10093801                   /usr/lib/x86_64-linux-gnu/pulseaudio/libpulsecommon-8.0.so
7f66066f5000-7f66066f6000 rw-p 0007a000 08:01 10093801                   /usr/lib/x86_64-linux-gnu/pulseaudio/libpulsecommon-8.0.so
7f66066f6000-7f6606744000 r-xp 00000000 08:01 9964826                    /usr/lib/x86_64-linux-gnu/libpulse.so.0.19.0
7f6606744000-7f6606944000 ---p 0004e000 08:01 9964826                    /usr/lib/x86_64-linux-gnu/libpulse.so.0.19.0
7f6606944000-7f6606945000 r--p 0004e000 08:01 9964826                    /usr/lib/x86_64-linux-gnu/libpulse.so.0.19.0
7f6606945000-7f6606946000 rw-p 0004f000 08:01 9964826                    /usr/lib/x86_64-linux-gnu/libpulse.so.0.19.0
7f6606946000-7f6606949000 r-xp 00000000 08:01 9964827                    /usr/lib/x86_64-linux-gnu/libpulse-simple.so.0.1.0
7f6606949000-7f6606b49000 ---p 00003000 08:01 9964827                    /usr/lib/x86_64-linux-gnu/libpulse-simple.so.0.1.0
7f6606b49000-7f6606b4a000 r--p 00003000 08:01 9964827                    /usr/lib/x86_64-linux-gnu/libpulse-simple.so.0.1.0
7f6606b4a000-7f6606b4b000 rw-p 00004000 08:01 9964827                    /usr/lib/x86_64-linux-gnu/libpulse-simple.so.0.1.0
7f6606b4b000-7f6606c44000 r-xp 00000000 08:01 9966704                    /usr/lib/x86_64-linux-gnu/libasound.so.2.0.0
7f6606c44000-7f6606e43000 ---p 000f9000 08:01 9966704                    /usr/lib/x86_64-linux-gnu/libasound.so.2.0.0
7f6606e43000-7f6606e4a000 r--p 000f8000 08:01 9966704                    /usr/lib/x86_64-linux-gnu/libasound.so.2.0.0
7f6606e4a000-7f6606e4b000 rw-p 000ff000 08:01 9966704                    /usr/lib/x86_64-linux-gnu/libasound.so.2.0.0
7f6606e4b000-7f6606e50000 r-xp 00000000 08:01 9975688                    /usr/lib/x86_64-linux-gnu/libsonic.so.0.2.0
7f6606e50000-7f6607050000 ---p 00005000 08:01 9975688                    /usr/lib/x86_64-linux-gnu/libsonic.so.0.2.0
7f6607050000-7f6607051000 r--p 00005000 08:01 9975688                    /usr/lib/x86_64-linux-gnu/libsonic.so.0.2.0
7f6607051000-7f6607052000 rw-p 00006000 08:01 9975688                    /usr/lib/x86_64-linux-gnu/libsonic.so.0.2.0
7f6607052000-7f6607056000 r-xp 00000000 08:01 9967988                    /usr/lib/libpcaudio.so.0.0.0
7f6607056000-7f6607255000 ---p 00004000 08:01 9967988                    /usr/lib/libpcaudio.so.0.0.0
7f6607255000-7f6607256000 r--p 00003000 08:01 9967988                    /usr/lib/libpcaudio.so.0.0.0
7f6607256000-7f6607257000 rw-p 00004000 08:01 9967988                    /usr/lib/libpcaudio.so.0.0.0
7f6607257000-7f66072d5000 r-xp 00000000 08:01 9968033                    /usr/lib/libespeak-ng.so.1.1.49
7f66072d5000-7f66074d5000 ---p 0007e000 08:01 9968033                    /usr/lib/libespeak-ng.so.1.1.49
7f66074d5000-7f66074d6000 r--p 0007e000 08:01 9968033                    /usr/lib/libespeak-ng.so.1.1.49
7f66074d6000-7f66074df000 rw-p 0007f000 08:01 9968033                    /usr/lib/libespeak-ng.so.1.1.49
7f66074df000-7f6607503000 rw-p 00000000 00:00 0 
7f6607503000-7f6607504000 r-xp 00000000 08:01 8414945                    /home/student/workspace/eSpeak-Jedit/jni/lib/libespeakservice.so
7f6607504000-7f6607704000 ---p 00001000 08:01 8414945                    /home/student/workspace/eSpeak-Jedit/jni/lib/libespeakservice.so
7f6607704000-7f6607705000 r--p 00001000 08:01 8414945                    /home/student/workspace/eSpeak-Jedit/jni/lib/libespeakservice.so
7f6607705000-7f6607707000 rw-p 00002000 08:01 8414945                    /home/student/workspace/eSpeak-Jedit/jni/lib/libespeakservice.so
7f6607707000-7f6607708000 ---p 00000000 00:00 0 
7f6607708000-7f6607808000 rw-p 00000000 00:00 0 
7f6607808000-7f660780b000 ---p 00000000 00:00 0 
7f660780b000-7f6607909000 rw-p 00000000 00:00 0 
7f6607909000-7f660790c000 ---p 00000000 00:00 0 
7f660790c000-7f6607a0a000 rw-p 00000000 00:00 0 
7f6607a0a000-7f6607a0d000 ---p 00000000 00:00 0 
7f6607a0d000-7f6607b0b000 rw-p 00000000 00:00 0 
7f6607b0b000-7f6607b0e000 ---p 00000000 00:00 0 
7f6607b0e000-7f6607c0c000 rw-p 00000000 00:00 0 
7f6607c0c000-7f6607c0f000 ---p 00000000 00:00 0 
7f6607c0f000-7f6607d0d000 rw-p 00000000 00:00 0 
7f6607d0d000-7f6608000000 r--p 00000000 08:01 9962054                    /usr/lib/locale/locale-archive
7f6608000000-7f6608021000 rw-p 00000000 00:00 0 
7f6608021000-7f660c000000 ---p 00000000 00:00 0 
7f660c00b000-7f660c08b000 r-xp 00000000 08:01 13635942                   /lib/x86_64-linux-gnu/libsystemd.so.0.14.0
7f660c08b000-7f660c08e000 r--p 0007f000 08:01 13635942                   /lib/x86_64-linux-gnu/libsystemd.so.0.14.0
7f660c08e000-7f660c08f000 rw-p 00082000 08:01 13635942                   /lib/x86_64-linux-gnu/libsystemd.so.0.14.0
7f660c08f000-7f660c090000 rw-p 00000000 00:00 0 
7f660c0ab000-7f660c0ad000 r--s 00008000 08:01 13238452                   /usr/lib/jvm/java-8-openjdk-amd64/jre/lib/ext/sunec.jar
7f660c0ad000-7f660c0c8000 r--s 00394000 08:01 13238456                   /usr/lib/jvm/java-8-openjdk-amd64/jre/lib/ext/cldrdata.jar
7f660c0c8000-7f660c0e3000 r--s 001d6000 08:01 13238453                   /usr/lib/jvm/java-8-openjdk-amd64/jre/lib/ext/nashorn.jar
7f660c0e3000-7f660c0e6000 ---p 00000000 00:00 0 
7f660c0e6000-7f660c1e4000 rw-p 00000000 00:00 0 
7f660c1e4000-7f660c1e7000 ---p 00000000 00:00 0 
7f660c1e7000-7f660c2e5000 rw-p 00000000 00:00 0 
7f660c2e5000-7f660c2e6000 ---p 00000000 00:00 0 
7f660c2e6000-7f660d384000 rw-p 00000000 00:00 0 
7f660d384000-7f660d552000 r--s 03c06000 08:01 13238467                   /usr/lib/jvm/java-8-openjdk-amd64/jre/lib/rt.jar
7f660d552000-7f660da08000 rw-p 00000000 00:00 0 
7f660da08000-7f660ddc8000 ---p 00000000 00:00 0 
7f660ddc8000-7f660fced000 rw-p 00000000 00:00 0 
7f660fced000-7f660fcee000 ---p 00000000 00:00 0 
7f660fcee000-7f660fdee000 rw-p 00000000 00:00 0 
7f660fdee000-7f660fdef000 ---p 00000000 00:00 0 
7f660fdef000-7f660feef000 rw-p 00000000 00:00 0 
7f660feef000-7f660fef0000 ---p 00000000 00:00 0 
7f660fef0000-7f660fff0000 rw-p 00000000 00:00 0 
7f660fff0000-7f660fff1000 ---p 00000000 00:00 0 
7f660fff1000-7f6610105000 rw-p 00000000 00:00 0 
7f6610105000-7f661022a000 ---p 00000000 00:00 0 
7f661022a000-7f661023e000 rw-p 00000000 00:00 0 
7f661023e000-7f6610362000 ---p 00000000 00:00 0 
7f6610362000-7f661036d000 rw-p 00000000 00:00 0 
7f661036d000-7f66103ff000 ---p 00000000 00:00 0 
7f66103ff000-7f661040a000 rw-p 00000000 00:00 0 
7f661040a000-7f66107c0000 ---p 00000000 00:00 0 
7f66107c0000-7f6610a30000 rwxp 00000000 00:00 0 
7f6610a30000-7f661f7c0000 ---p 00000000 00:00 0 
7f661f7c0000-7f661f7c8000 r-xp 00000000 08:01 13238412                   /usr/lib/jvm/java-8-openjdk-amd64/jre/lib/amd64/libzip.so
7f661f7c8000-7f661f9c7000 ---p 00008000 08:01 13238412                   /usr/lib/jvm/java-8-openjdk-amd64/jre/lib/amd64/libzip.so
7f661f9c7000-7f661f9c8000 r--p 00007000 08:01 13238412                   /usr/lib/jvm/java-8-openjdk-amd64/jre/lib/amd64/libzip.so
7f661f9c8000-7f661f9c9000 rw-p 00008000 08:01 13238412                   /usr/lib/jvm/java-8-openjdk-amd64/jre/lib/amd64/libzip.so
7f661f9c9000-7f661f9d4000 r-xp 00000000 08:01 13635953                   /lib/x86_64-linux-gnu/libnss_files-2.23.so
7f661f9d4000-7f661fbd3000 ---p 0000b000 08:01 13635953                   /lib/x86_64-linux-gnu/libnss_files-2.23.so
7f661fbd3000-7f661fbd4000 r--p 0000a000 08:01 13635953                   /lib/x86_64-linux-gnu/libnss_files-2.23.so
7f661fbd4000-7f661fbd5000 rw-p 0000b000 08:01 13635953                   /lib/x86_64-linux-gnu/libnss_files-2.23.so
7f661fbd5000-7f661fbdb000 rw-p 00000000 00:00 0 
7f661fbdb000-7f661fbe6000 r-xp 00000000 08:01 13631528                   /lib/x86_64-linux-gnu/libnss_nis-2.23.so
7f661fbe6000-7f661fde5000 ---p 0000b000 08:01 13631528                   /lib/x86_64-linux-gnu/libnss_nis-2.23.so
7f661fde5000-7f661fde6000 r--p 0000a000 08:01 13631528                   /lib/x86_64-linux-gnu/libnss_nis-2.23.so
7f661fde6000-7f661fde7000 rw-p 0000b000 08:01 13631528                   /lib/x86_64-linux-gnu/libnss_nis-2.23.so
7f661fde7000-7f661fdfd000 r-xp 00000000 08:01 13631539                   /lib/x86_64-linux-gnu/libnsl-2.23.so
7f661fdfd000-7f661fffc000 ---p 00016000 08:01 13631539                   /lib/x86_64-linux-gnu/libnsl-2.23.so
7f661fffc000-7f661fffd000 r--p 00015000 08:01 13631539                   /lib/x86_64-linux-gnu/libnsl-2.23.so
7f661fffd000-7f661fffe000 rw-p 00016000 08:01 13631539                   /lib/x86_64-linux-gnu/libnsl-2.23.so
7f661fffe000-7f6620000000 rw-p 00000000 00:00 0 
7f6620000000-7f662014a000 rw-p 00000000 00:00 0 
7f662014a000-7f6624000000 ---p 00000000 00:00 0 
7f6624001000-7f6624006000 r--s 0003b000 08:01 13238460                   /usr/lib/jvm/java-8-openjdk-amd64/jre/lib/ext/sunjce_provider.jar
7f6624006000-7f6624027000 rw-p 00000000 00:00 0 
7f6624027000-7f662402f000 r-xp 00000000 08:01 13635857                   /lib/x86_64-linux-gnu/libnss_compat-2.23.so
7f662402f000-7f662422e000 ---p 00008000 08:01 13635857                   /lib/x86_64-linux-gnu/libnss_compat-2.23.so
7f662422e000-7f662422f000 r--p 00007000 08:01 13635857                   /lib/x86_64-linux-gnu/libnss_compat-2.23.so
7f662422f000-7f6624230000 rw-p 00008000 08:01 13635857                   /lib/x86_64-linux-gnu/libnss_compat-2.23.so
7f6624230000-7f662425d000 r-xp 00000000 08:01 13238439                   /usr/lib/jvm/java-8-openjdk-amd64/jre/lib/amd64/libjava.so
7f662425d000-7f662445c000 ---p 0002d000 08:01 13238439                   /usr/lib/jvm/java-8-openjdk-amd64/jre/lib/amd64/libjava.so
7f662445c000-7f662445d000 r--p 0002c000 08:01 13238439                   /usr/lib/jvm/java-8-openjdk-amd64/jre/lib/amd64/libjava.so
7f662445d000-7f662445f000 rw-p 0002d000 08:01 13238439                   /usr/lib/jvm/java-8-openjdk-amd64/jre/lib/amd64/libjava.so
7f662445f000-7f662446e000 r-xp 00000000 08:01 13238405                   /usr/lib/jvm/java-8-openjdk-amd64/jre/lib/amd64/libverify.so
7f662446e000-7f662466d000 ---p 0000f000 08:01 13238405                   /usr/lib/jvm/java-8-openjdk-amd64/jre/lib/amd64/libverify.so
7f662466d000-7f662466f000 r--p 0000e000 08:01 13238405                   /usr/lib/jvm/java-8-openjdk-amd64/jre/lib/amd64/libverify.so
7f662466f000-7f6624670000 rw-p 00010000 08:01 13238405                   /usr/lib/jvm/java-8-openjdk-amd64/jre/lib/amd64/libverify.so
7f6624670000-7f6624677000 r-xp 00000000 08:01 13631527                   /lib/x86_64-linux-gnu/librt-2.23.so
7f6624677000-7f6624876000 ---p 00007000 08:01 13631527                   /lib/x86_64-linux-gnu/librt-2.23.so
7f6624876000-7f6624877000 r--p 00006000 08:01 13631527                   /lib/x86_64-linux-gnu/librt-2.23.so
7f6624877000-7f6624878000 rw-p 00007000 08:01 13631527                   /lib/x86_64-linux-gnu/librt-2.23.so
7f6624878000-7f662488e000 r-xp 00000000 08:01 13635973                   /lib/x86_64-linux-gnu/libgcc_s.so.1
7f662488e000-7f6624a8d000 ---p 00016000 08:01 13635973                   /lib/x86_64-linux-gnu/libgcc_s.so.1
7f6624a8d000-7f6624a8e000 rw-p 00015000 08:01 13635973                   /lib/x86_64-linux-gnu/libgcc_s.so.1
7f6624a8e000-7f6624b96000 r-xp 00000000 08:01 13631537                   /lib/x86_64-linux-gnu/libm-2.23.so
7f6624b96000-7f6624d95000 ---p 00108000 08:01 13631537                   /lib/x86_64-linux-gnu/libm-2.23.so
7f6624d95000-7f6624d96000 r--p 00107000 08:01 13631537                   /lib/x86_64-linux-gnu/libm-2.23.so
7f6624d96000-7f6624d97000 rw-p 00108000 08:01 13631537                   /lib/x86_64-linux-gnu/libm-2.23.so
7f6624d97000-7f6624f09000 r-xp 00000000 08:01 9962222                    /usr/lib/x86_64-linux-gnu/libstdc++.so.6.0.21
7f6624f09000-7f6625109000 ---p 00172000 08:01 9962222                    /usr/lib/x86_64-linux-gnu/libstdc++.so.6.0.21
7f6625109000-7f6625113000 r--p 00172000 08:01 9962222                    /usr/lib/x86_64-linux-gnu/libstdc++.so.6.0.21
7f6625113000-7f6625115000 rw-p 0017c000 08:01 9962222                    /usr/lib/x86_64-linux-gnu/libstdc++.so.6.0.21
7f6625115000-7f6625119000 rw-p 00000000 00:00 0 
7f6625119000-7f6625d69000 r-xp 00000000 08:01 13238434                   /usr/lib/jvm/java-8-openjdk-amd64/jre/lib/amd64/server/libjvm.so
7f6625d69000-7f6625f68000 ---p 00c50000 08:01 13238434                   /usr/lib/jvm/java-8-openjdk-amd64/jre/lib/amd64/server/libjvm.so
7f6625f68000-7f6625ffb000 r--p 00c4f000 08:01 13238434                   /usr/lib/jvm/java-8-openjdk-amd64/jre/lib/amd64/server/libjvm.so
7f6625ffb000-7f6626024000 rw-p 00ce2000 08:01 13238434                   /usr/lib/jvm/java-8-openjdk-amd64/jre/lib/amd64/server/libjvm.so
7f6626024000-7f6626054000 rw-p 00000000 00:00 0 
7f6626054000-7f662606c000 r-xp 00000000 08:01 13631538                   /lib/x86_64-linux-gnu/libpthread-2.23.so
7f662606c000-7f662626b000 ---p 00018000 08:01 13631538                   /lib/x86_64-linux-gnu/libpthread-2.23.so
7f662626b000-7f662626c000 r--p 00017000 08:01 13631538                   /lib/x86_64-linux-gnu/libpthread-2.23.so
7f662626c000-7f662626d000 rw-p 00018000 08:01 13631538                   /lib/x86_64-linux-gnu/libpthread-2.23.so
7f662626d000-7f6626271000 rw-p 00000000 00:00 0 
7f6626271000-7f6626274000 r-xp 00000000 08:01 13631531                   /lib/x86_64-linux-gnu/libdl-2.23.so
7f6626274000-7f6626473000 ---p 00003000 08:01 13631531                   /lib/x86_64-linux-gnu/libdl-2.23.so
7f6626473000-7f6626474000 r--p 00002000 08:01 13631531                   /lib/x86_64-linux-gnu/libdl-2.23.so
7f6626474000-7f6626475000 rw-p 00003000 08:01 13631531                   /lib/x86_64-linux-gnu/libdl-2.23.so
7f6626475000-7f662648e000 r-xp 00000000 08:01 13636117                   /lib/x86_64-linux-gnu/libz.so.1.2.8
7f662648e000-7f662668d000 ---p 00019000 08:01 13636117                   /lib/x86_64-linux-gnu/libz.so.1.2.8
7f662668d000-7f662668e000 r--p 00018000 08:01 13636117                   /lib/x86_64-linux-gnu/libz.so.1.2.8
7f662668e000-7f662668f000 rw-p 00019000 08:01 13636117                   /lib/x86_64-linux-gnu/libz.so.1.2.8
7f662668f000-7f662684e000 r-xp 00000000 08:01 13631532                   /lib/x86_64-linux-gnu/libc-2.23.so
7f662684e000-7f6626a4e000 ---p 001bf000 08:01 13631532                   /lib/x86_64-linux-gnu/libc-2.23.so
7f6626a4e000-7f6626a52000 r--p 001bf000 08:01 13631532                   /lib/x86_64-linux-gnu/libc-2.23.so
7f6626a52000-7f6626a54000 rw-p 001c3000 08:01 13631532                   /lib/x86_64-linux-gnu/libc-2.23.so
7f6626a54000-7f6626a58000 rw-p 00000000 00:00 0 
7f6626a58000-7f6626a65000 r-xp 00000000 08:01 13238428                   /usr/lib/jvm/java-8-openjdk-amd64/jre/lib/amd64/jli/libjli.so
7f6626a65000-7f6626c65000 ---p 0000d000 08:01 13238428                   /usr/lib/jvm/java-8-openjdk-amd64/jre/lib/amd64/jli/libjli.so
7f6626c65000-7f6626c66000 r--p 0000d000 08:01 13238428                   /usr/lib/jvm/java-8-openjdk-amd64/jre/lib/amd64/jli/libjli.so
7f6626c66000-7f6626c67000 rw-p 0000e000 08:01 13238428                   /usr/lib/jvm/java-8-openjdk-amd64/jre/lib/amd64/jli/libjli.so
7f6626c67000-7f6626c8d000 r-xp 00000000 08:01 13631501                   /lib/x86_64-linux-gnu/ld-2.23.so
7f6626c8d000-7f6626c8e000 r--s 00010000 08:01 13238457                   /usr/lib/jvm/java-8-openjdk-amd64/jre/lib/ext/zipfs.jar
7f6626c8e000-7f6626c91000 r--s 0000f000 08:01 13238455                   /usr/lib/jvm/java-8-openjdk-amd64/jre/lib/ext/icedtea-sound.jar
7f6626c91000-7f6626d69000 rw-p 00000000 00:00 0 
7f6626d69000-7f6626d6c000 ---p 00000000 00:00 0 
7f6626d6c000-7f6626e6f000 rw-p 00000000 00:00 0 
7f6626e6f000-7f6626e70000 r--s 0000a000 08:01 13238461                   /usr/lib/jvm/java-8-openjdk-amd64/jre/lib/ext/jaccess.jar
7f6626e70000-7f6626e72000 r--s 00001000 08:01 13238454                   /usr/lib/jvm/java-8-openjdk-amd64/jre/lib/ext/dnsns.jar
7f6626e72000-7f6626e7c000 r--s 00116000 08:01 13238459                   /usr/lib/jvm/java-8-openjdk-amd64/jre/lib/ext/localedata.jar
7f6626e7c000-7f6626e80000 r--s 00037000 08:01 13238458                   /usr/lib/jvm/java-8-openjdk-amd64/jre/lib/ext/sunpkcs11.jar
7f6626e80000-7f6626e88000 rw-s 00000000 08:01 5112297                    /tmp/hsperfdata_student/9994
7f6626e88000-7f6626e89000 rw-p 00000000 00:00 0 
7f6626e89000-7f6626e8a000 r--p 00000000 00:00 0 
7f6626e8a000-7f6626e8c000 rw-p 00000000 00:00 0 
7f6626e8c000-7f6626e8d000 r--p 00025000 08:01 13631501                   /lib/x86_64-linux-gnu/ld-2.23.so
7f6626e8d000-7f6626e8e000 rw-p 00026000 08:01 13631501                   /lib/x86_64-linux-gnu/ld-2.23.so
7f6626e8e000-7f6626e8f000 rw-p 00000000 00:00 0 
7ffe9ef65000-7ffe9ef86000 rw-p 00000000 00:00 0                          [stack]
7ffe9ef9b000-7ffe9ef9d000 r--p 00000000 00:00 0                          [vvar]
7ffe9ef9d000-7ffe9ef9f000 r-xp 00000000 00:00 0                          [vdso]
ffffffffff600000-ffffffffff601000 r-xp 00000000 00:00 0                  [vsyscall]

VM Arguments:
jvm_args: -Dfile.encoding=UTF-8 
java_command: eSpeakServices.ESpeakService
java_class_path (initial): /home/student/workspace/eSpeak-Jedit/bin
Launcher Type: SUN_STANDARD

Environment Variables:
PATH=/home/student/bin:/home/student/.local/bin:/usr/local/sbin:/usr/local/bin:/usr/sbin:/usr/bin:/sbin:/bin:/usr/games:/usr/local/games
SHELL=/bin/bash
DISPLAY=:0

Signal Handlers:
SIGSEGV: [libjvm.so+0xa66fd0], sa_mask[0]=11111111011111111101111111111110, sa_flags=SA_RESTART|SA_SIGINFO
SIGBUS: [libjvm.so+0xa66fd0], sa_mask[0]=11111111011111111101111111111110, sa_flags=SA_RESTART|SA_SIGINFO
SIGFPE: [libjvm.so+0x8b0180], sa_mask[0]=11111111011111111101111111111110, sa_flags=SA_RESTART|SA_SIGINFO
SIGPIPE: [libjvm.so+0x8b0180], sa_mask[0]=11111111011111111101111111111110, sa_flags=SA_RESTART|SA_SIGINFO
SIGXFSZ: [libjvm.so+0x8b0180], sa_mask[0]=11111111011111111101111111111110, sa_flags=SA_RESTART|SA_SIGINFO
SIGILL: [libjvm.so+0x8b0180], sa_mask[0]=11111111011111111101111111111110, sa_flags=SA_RESTART|SA_SIGINFO
SIGUSR1: SIG_DFL, sa_mask[0]=00000000000000000000000000000000, sa_flags=none
SIGUSR2: [libjvm.so+0x8b0030], sa_mask[0]=00100000000000000000000000000000, sa_flags=SA_RESTART|SA_SIGINFO
SIGHUP: [libjvm.so+0x8b0500], sa_mask[0]=11111111011111111101111111111110, sa_flags=SA_RESTART|SA_SIGINFO
SIGINT: [libjvm.so+0x8b0500], sa_mask[0]=11111111011111111101111111111110, sa_flags=SA_RESTART|SA_SIGINFO
SIGTERM: [libjvm.so+0x8b0500], sa_mask[0]=11111111011111111101111111111110, sa_flags=SA_RESTART|SA_SIGINFO
SIGQUIT: [libjvm.so+0x8b0500], sa_mask[0]=11111111011111111101111111111110, sa_flags=SA_RESTART|SA_SIGINFO


---------------  S Y S T E M  ---------------

OS:DISTRIB_ID=Ubuntu
DISTRIB_RELEASE=16.04
DISTRIB_CODENAME=xenial
DISTRIB_DESCRIPTION="Ubuntu 16.04.2 LTS"

uname:Linux 4.4.0-64-generic #85-Ubuntu SMP Mon Feb 20 11:50:30 UTC 2017 x86_64
libc:glibc 2.23 NPTL 2.23 
rlimit: STACK 8192k, CORE 0k, NPROC 14848, NOFILE 65536, AS infinity
load average:0,32 0,36 0,40

/proc/meminfo:
MemTotal:        3841372 kB
MemFree:          209716 kB
MemAvailable:     617236 kB
Buffers:           68124 kB
Cached:           631208 kB
SwapCached:         1312 kB
Active:          2563036 kB
Inactive:         863448 kB
Active(anon):    2210024 kB
Inactive(anon):   663124 kB
Active(file):     353012 kB
Inactive(file):   200324 kB
Unevictable:          32 kB
Mlocked:              32 kB
SwapTotal:       3986428 kB
SwapFree:        3957112 kB
Dirty:                24 kB
Writeback:             0 kB
AnonPages:       2726176 kB
Mapped:           313332 kB
Shmem:            145996 kB
Slab:             139536 kB
SReclaimable:     112144 kB
SUnreclaim:        27392 kB
KernelStack:        7952 kB
PageTables:        25720 kB
NFS_Unstable:          0 kB
Bounce:                0 kB
WritebackTmp:          0 kB
CommitLimit:     5907112 kB
Committed_AS:    5121964 kB
VmallocTotal:   34359738367 kB
VmallocUsed:           0 kB
VmallocChunk:          0 kB
HardwareCorrupted:     0 kB
AnonHugePages:   1626112 kB
CmaTotal:              0 kB
CmaFree:               0 kB
HugePages_Total:       0
HugePages_Free:        0
HugePages_Rsvd:        0
HugePages_Surp:        0
Hugepagesize:       2048 kB
DirectMap4k:       96636 kB
DirectMap2M:     3891200 kB


CPU:total 4 (2 cores per cpu, 2 threads per core) family 6 model 37 stepping 5, cmov, cx8, fxsr, mmx, sse, sse2, sse3, ssse3, sse4.1, sse4.2, popcnt, aes, clmul, ht, tsc, tscinvbit

/proc/cpuinfo:
processor	: 0
vendor_id	: GenuineIntel
cpu family	: 6
model		: 37
model name	: Intel(R) Core(TM) i5 CPU       M 560  @ 2.67GHz
stepping	: 5
microcode	: 0x2
cpu MHz		: 2533.000
cache size	: 3072 KB
physical id	: 0
siblings	: 4
core id		: 0
cpu cores	: 2
apicid		: 0
initial apicid	: 0
fpu		: yes
fpu_exception	: yes
cpuid level	: 11
wp		: yes
flags		: fpu vme de pse tsc msr pae mce cx8 apic sep mtrr pge mca cmov pat pse36 clflush dts acpi mmx fxsr sse sse2 ss ht tm pbe syscall nx rdtscp lm constant_tsc arch_perfmon pebs bts rep_good nopl xtopology nonstop_tsc aperfmperf pni pclmulqdq dtes64 monitor ds_cpl vmx smx est tm2 ssse3 cx16 xtpr pdcm pcid sse4_1 sse4_2 popcnt aes lahf_lm tpr_shadow vnmi flexpriority ept vpid dtherm ida arat
bugs		:
bogomips	: 5320.22
clflush size	: 64
cache_alignment	: 64
address sizes	: 36 bits physical, 48 bits virtual
power management:

processor	: 1
vendor_id	: GenuineIntel
cpu family	: 6
model		: 37
model name	: Intel(R) Core(TM) i5 CPU       M 560  @ 2.67GHz
stepping	: 5
microcode	: 0x2
cpu MHz		: 1733.000
cache size	: 3072 KB
physical id	: 0
siblings	: 4
core id		: 2
cpu cores	: 2
apicid		: 4
initial apicid	: 4
fpu		: yes
fpu_exception	: yes
cpuid level	: 11
wp		: yes
flags		: fpu vme de pse tsc msr pae mce cx8 apic sep mtrr pge mca cmov pat pse36 clflush dts acpi mmx fxsr sse sse2 ss ht tm pbe syscall nx rdtscp lm constant_tsc arch_perfmon pebs bts rep_good nopl xtopology nonstop_tsc aperfmperf pni pclmulqdq dtes64 monitor ds_cpl vmx smx est tm2 ssse3 cx16 xtpr pdcm pcid sse4_1 sse4_2 popcnt aes lahf_lm tpr_shadow vnmi flexpriority ept vpid dtherm ida arat
bugs		:
bogomips	: 5320.22
clflush size	: 64
cache_alignment	: 64
address sizes	: 36 bits physical, 48 bits virtual
power management:

processor	: 2
vendor_id	: GenuineIntel
cpu family	: 6
model		: 37
model name	: Intel(R) Core(TM) i5 CPU       M 560  @ 2.67GHz
stepping	: 5
microcode	: 0x2
cpu MHz		: 1733.000
cache size	: 3072 KB
physical id	: 0
siblings	: 4
core id		: 0
cpu cores	: 2
apicid		: 1
initial apicid	: 1
fpu		: yes
fpu_exception	: yes
cpuid level	: 11
wp		: yes
flags		: fpu vme de pse tsc msr pae mce cx8 apic sep mtrr pge mca cmov pat pse36 clflush dts acpi mmx fxsr sse sse2 ss ht tm pbe syscall nx rdtscp lm constant_tsc arch_perfmon pebs bts rep_good nopl xtopology nonstop_tsc aperfmperf pni pclmulqdq dtes64 monitor ds_cpl vmx smx est tm2 ssse3 cx16 xtpr pdcm pcid sse4_1 sse4_2 popcnt aes lahf_lm tpr_shadow vnmi flexpriority ept vpid dtherm ida arat
bugs		:
bogomips	: 5320.22
clflush size	: 64
cache_alignment	: 64
address sizes	: 36 bits physical, 48 bits virtual
power management:

processor	: 3
vendor_id	: GenuineIntel
cpu family	: 6
model		: 37
model name	: Intel(R) Core(TM) i5 CPU       M 560  @ 2.67GHz
stepping	: 5
microcode	: 0x2
cpu MHz		: 2667.000
cache size	: 3072 KB
physical id	: 0
siblings	: 4
core id		: 2
cpu cores	: 2
apicid		: 5
initial apicid	: 5
fpu		: yes
fpu_exception	: yes
cpuid level	: 11
wp		: yes
flags		: fpu vme de pse tsc msr pae mce cx8 apic sep mtrr pge mca cmov pat pse36 clflush dts acpi mmx fxsr sse sse2 ss ht tm pbe syscall nx rdtscp lm constant_tsc arch_perfmon pebs bts rep_good nopl xtopology nonstop_tsc aperfmperf pni pclmulqdq dtes64 monitor ds_cpl vmx smx est tm2 ssse3 cx16 xtpr pdcm pcid sse4_1 sse4_2 popcnt aes lahf_lm tpr_shadow vnmi flexpriority ept vpid dtherm ida arat
bugs		:
bogomips	: 5320.22
clflush size	: 64
cache_alignment	: 64
address sizes	: 36 bits physical, 48 bits virtual
power management:



Memory: 4k page, physical 3841372k(209716k free), swap 3986428k(3957112k free)

vm_info: OpenJDK 64-Bit Server VM (25.121-b13) for linux-amd64 JRE (1.8.0_121-8u121-b13-0ubuntu1.16.04.2-b13), built on Jan 23 2017 15:51:29 by "buildd" with gcc 5.4.0 20160609

time: Thu Feb 23 15:27:01 2017
elapsed time: 0 seconds (0d 0h 0m 0s)

