#
# A fatal error has been detected by the Java Runtime Environment:
#
#  SIGSEGV (0xb) at pc=0x00007f7e62463690, pid=27972, tid=0x00007f7e4920a700
#
# JRE version: OpenJDK Runtime Environment (8.0_171-b11) (build 1.8.0_171-8u171-b11-0ubuntu0.16.04.1-b11)
# Java VM: OpenJDK 64-Bit Server VM (25.171-b11 mixed mode linux-amd64 compressed oops)
# Problematic frame:
# C  [ld-linux-x86-64.so.2+0x15690]
#
# Failed to write core dump. Core dumps have been disabled. To enable core dumping, try "ulimit -c unlimited" before starting Java again
#
# If you would like to submit a bug report, please visit:
#   http://bugreport.java.com/bugreport/crash.jsp
#

---------------  T H R E A D  ---------------

Current thread (0x00007f7e5c141000):  VMThread [stack: 0x00007f7e4910a000,0x00007f7e4920b000] [id=27984]

siginfo: si_signo: 11 (SIGSEGV), si_code: 1 (SEGV_MAPERR), si_addr: 0x0000000000000314

Registers:
RAX=0x0000000000000000, RBX=0x0000000000000003, RCX=0x0000000000000000, RDX=0x0000000000000000
RSP=0x00007f7e49208d80, RBP=0x00007f7e49208e20, RSI=0x0000000080000001, RDI=0x0000000000000001
R8 =0x0000000000000002, R9 =0x00007f7e2c001b00, R10=0x0000000000000002, R11=0x00007f7e49208bb0
R12=0x000000000170a500, R13=0x00007f7e62001686, R14=0x00007f7e49208fb0, R15=0x00007f7e62674040
RIP=0x00007f7e62463690, EFLAGS=0x0000000000010206, CSGSFS=0x002b000000000033, ERR=0x0000000000000004
  TRAPNO=0x000000000000000e

Top of Stack: (sp=0x00007f7e49208d80)
0x00007f7e49208d80:   00007f7e4920969e 0000000000000000
0x00007f7e49208d90:   0000000000000000 0000000000000001
0x00007f7e49208da0:   8000000100000000 00007f7e62675140
0x00007f7e49208db0:   00007f7e49208fb0 000000000170a500
0x00007f7e49208dc0:   ffffffffffff0000 0000000000000000
0x00007f7e49208dd0:   0000000000000000 00007f7e622384a0
0x00007f7e49208de0:   ffffffffffffffff 0000000000000000
0x00007f7e49208df0:   0000000000000001 0000000000000000
0x00007f7e49208e00:   0000000080000001 00007f7e62001686
0x00007f7e49208e10:   00007f7e61f8aa85 00007f7e62674040
0x00007f7e49208e20:   00007f7e49209030 00007f7e6245e564
0x00007f7e49208e30:   00007f7e492097c0 00007f7e4920a6f8
0x00007f7e49208e40:   00007f7e492090b0 00007f7e49208fa0
0x00007f7e49208e50:   00007f7e49208fa8 00007f7e49208f9f
0x00007f7e49208e60:   00007f7e624634d0 00007f7e49208fb0
0x00007f7e49208e70:   00007f7e49208eb0 000000000000004f
0x00007f7e49208e80:   00007f7e49208fa0 00007f7e49208fa8
0x00007f7e49208e90:   00007f7e49208f9f 00007f7e49208e7c
0x00007f7e49208ea0:   00007f7e492090b0 e6519b5511c2a66d
0x00007f7e49208eb0:   0000000080000001 00007f7e62001686
0x00007f7e49208ec0:   00007f7e61f8aa85 00007f7e62674040
0x00007f7e49208ed0:   e6519b552dc2a66d e651cd9ffb00a66d
0x00007f7e49208ee0:   00007f7e492097b0 00007f7e492096d0
0x00007f7e49208ef0:   0000000000000a7d 0000000000000000
0x00007f7e49208f00:   0000000000000000 0000000000000000
0x00007f7e49208f10:   0000000000000000 0000000000000000
0x00007f7e49208f20:   0000000000000000 0000000000000000
0x00007f7e49208f30:   0000000000000000 0000000000000000
0x00007f7e49208f40:   0000000000000000 0000000000000000
0x00007f7e49208f50:   0000000000000000 0000000000000000
0x00007f7e49208f60:   0000000000000000 0000000000000000
0x00007f7e49208f70:   fffffffffffffffe 00007f7e62462da9 

Instructions: (pc=0x00007f7e62463690)
0x00007f7e62463670:   8b 05 6e 06 21 00 85 c0 0f 85 a8 04 00 00 48 8b
0x00007f7e62463680:   45 98 31 c9 0f 1f 40 00 48 8b 50 28 48 8b 40 18
0x00007f7e62463690:   0f b6 92 14 03 00 00 83 e2 04 80 fa 01 0f 92 c2
0x00007f7e624636a0:   0f b6 d2 48 01 d1 48 85 c0 75 dd 48 8d 04 cd 16 

Register to memory mapping:

RAX=0x0000000000000000 is an unknown value
RBX=0x0000000000000003 is an unknown value
RCX=0x0000000000000000 is an unknown value
RDX=0x0000000000000000 is an unknown value
RSP=0x00007f7e49208d80 is an unknown value
RBP=0x00007f7e49208e20 is an unknown value
RSI=0x0000000080000001 is an unknown value
RDI=0x0000000000000001 is an unknown value
R8 =0x0000000000000002 is an unknown value
R9 =0x00007f7e2c001b00 is an unknown value
R10=0x0000000000000002 is an unknown value
R11=0x00007f7e49208bb0 is an unknown value
R12=0x000000000170a500 is an unknown value
R13=0x00007f7e62001686: <offset 0x18c686> in /lib/x86_64-linux-gnu/libc.so.6 at 0x00007f7e61e75000
R14=0x00007f7e49208fb0 is an unknown value
R15=0x00007f7e62674040: _rtld_global+0 in /lib64/ld-linux-x86-64.so.2 at 0x00007f7e6244e000


Stack: [0x00007f7e4910a000,0x00007f7e4920b000],  sp=0x00007f7e49208d80,  free space=1019k
Native frames: (J=compiled Java code, j=interpreted, Vv=VM code, C=native code)
C  [ld-linux-x86-64.so.2+0x15690]
C  [ld-linux-x86-64.so.2+0x10564]
C  [libc.so.6+0x1435ad]

VM_Operation (0x00007f7e04000a30): EnableBiasedLocking, mode: async safepoint, requested by thread 0x00007f7e5c3e0800


---------------  P R O C E S S  ---------------

Java Threads: ( => current thread )
  0x00007f7de000f000 JavaThread "pool-1-thread-1" [_thread_blocked, id=28009, stack(0x00007f7e0180e000,0x00007f7e0190f000)]
  0x00007f7e5c643000 JavaThread "Time-limited test" daemon [_thread_blocked, id=28006, stack(0x00007f7e0190f000,0x00007f7e01a10000)]
  0x00007f7dec483800 JavaThread "Window Ready Timer" daemon [_thread_blocked, id=28003, stack(0x00007f7e02479000,0x00007f7e0257a000)]
  0x00007f7dec450000 JavaThread "Image Fetcher 0" daemon [_thread_blocked, id=28001, stack(0x00007f7e01c10000,0x00007f7e01d11000)]
  0x00007f7dec40b000 JavaThread "Timer-0" daemon [_thread_blocked, id=28000, stack(0x00007f7e01d11000,0x00007f7e01e12000)]
  0x00007f7dec306800 JavaThread "TimerQueue" daemon [_thread_blocked, id=27999, stack(0x00007f7e0299d000,0x00007f7e02a9e000)]
  0x00007f7e5c61a800 JavaThread "AWT-EventQueue-0" [_thread_in_native, id=27998, stack(0x00007f7e02a9e000,0x00007f7e02b9f000)]
  0x00007f7e5c619000 JavaThread "AWT-Shutdown" [_thread_blocked, id=27997, stack(0x00007f7e02b9f000,0x00007f7e02ca0000)]
  0x00007f7e5c614800 JavaThread "AWT-XAWT" daemon [_thread_in_native, id=27996, stack(0x00007f7e200c1000,0x00007f7e201c2000)]
  0x00007f7e5c5f6000 JavaThread "Java2D Disposer" daemon [_thread_blocked, id=27995, stack(0x00007f7e480ae000,0x00007f7e481af000)]
  0x00007f7e5c33c000 JavaThread "ReaderThread" [_thread_in_native, id=27994, stack(0x00007f7e481c2000,0x00007f7e482c3000)]
  0x00007f7e5c3de000 JavaThread "Service Thread" daemon [_thread_blocked, id=27992, stack(0x00007f7e483c4000,0x00007f7e484c5000)]
  0x00007f7e5c2d7800 JavaThread "C1 CompilerThread2" daemon [_thread_blocked, id=27991, stack(0x00007f7e484c5000,0x00007f7e485c6000)]
  0x00007f7e5c2e4800 JavaThread "C2 CompilerThread1" daemon [_thread_blocked, id=27990, stack(0x00007f7e485c6000,0x00007f7e486c7000)]
  0x00007f7e5c3dc800 JavaThread "C2 CompilerThread0" daemon [_thread_blocked, id=27989, stack(0x00007f7e486c7000,0x00007f7e487c8000)]
  0x00007f7e5c2d5800 JavaThread "org.jacoco.agent.rt.internal_c13123e.output.TcpClientOutput" daemon [_thread_in_native, id=27988, stack(0x00007f7e487c8000,0x00007f7e488c9000)]
  0x00007f7e5c180800 JavaThread "Signal Dispatcher" daemon [_thread_blocked, id=27987, stack(0x00007f7e48b14000,0x00007f7e48c15000)]
  0x00007f7e5c14d000 JavaThread "Finalizer" daemon [_thread_blocked, id=27986, stack(0x00007f7e48f08000,0x00007f7e49009000)]
  0x00007f7e5c148800 JavaThread "Reference Handler" daemon [_thread_blocked, id=27985, stack(0x00007f7e49009000,0x00007f7e4910a000)]
  0x00007f7e5c00c000 JavaThread "main" [_thread_blocked, id=27979, stack(0x00007f7e62553000,0x00007f7e62654000)]

Other Threads:
=>0x00007f7e5c141000 VMThread [stack: 0x00007f7e4910a000,0x00007f7e4920b000] [id=27984]
  0x00007f7e5c3e0800 WatcherThread [stack: 0x00007f7e482c3000,0x00007f7e483c4000] [id=27993]

VM state:at safepoint (normal execution)

VM Mutex/Monitor currently owned by a thread:  ([mutex/lock_event])
[0x00007f7e5c008750] Safepoint_lock - owner thread: 0x00007f7e5c141000
[0x00007f7e5c0087d0] Threads_lock - owner thread: 0x00007f7e5c141000

Heap:
 PSYoungGen      total 36864K, used 13565K [0x00000000d7000000, 0x00000000db800000, 0x0000000100000000)
  eden space 31744K, 42% used [0x00000000d7000000,0x00000000d7d3f730,0x00000000d8f00000)
  from space 5120K, 0% used [0x00000000d8f00000,0x00000000d8f00000,0x00000000d9400000)
  to   space 5120K, 0% used [0x00000000db300000,0x00000000db300000,0x00000000db800000)
 ParOldGen       total 47104K, used 3916K [0x0000000085000000, 0x0000000087e00000, 0x00000000d7000000)
  object space 47104K, 8% used [0x0000000085000000,0x00000000853d33d8,0x0000000087e00000)
 Metaspace       used 23052K, capacity 23464K, committed 23680K, reserved 1071104K
  class space    used 2742K, capacity 2845K, committed 2944K, reserved 1048576K

Card table byte_map: [0x00007f7e4b5cb000,0x00007f7e4b9a4000] byte_map_base: 0x00007f7e4b1a3000

Marking Bits: (ParMarkBitMap*) 0x00007f7e6181d320
 Begin Bits: [0x00007f7e40280000, 0x00007f7e42140000)
 End Bits:   [0x00007f7e42140000, 0x00007f7e44000000)

Polling page: 0x00007f7e62671000

CodeCache: size=245760Kb used=8798Kb max_used=8846Kb free=236961Kb
 bounds [0x00007f7e4bd64000, 0x00007f7e4c614000, 0x00007f7e5ad64000]
 total_blobs=3204 nmethods=2577 adapters=541
 compilation: enabled

Compilation events (10 events):
Event: 4,194 Thread 0x00007f7e5c3dc800 2547       4       org.assertj.core.util.Lists::$jacocoInit (52 bytes)
Event: 4,194 Thread 0x00007f7e5c3dc800 nmethod 2547 0x00007f7e4c5bb990 code [0x00007f7e4c5bbae0, 0x00007f7e4c5bbb58]
Event: 4,194 Thread 0x00007f7e5c3dc800 2560       4       sun.awt.AWTAccessor::getComponentAccessor (18 bytes)
Event: 4,195 Thread 0x00007f7e5c3dc800 nmethod 2560 0x00007f7e4c5bb1d0 code [0x00007f7e4c5bb320, 0x00007f7e4c5bb398]
Event: 4,195 Thread 0x00007f7e5c3dc800 2572       4       org.jacoco.agent.rt.internal_c13123e.asm.MethodWriter::visitLineNumber (50 bytes)
Event: 4,201 Thread 0x00007f7e5c3dc800 nmethod 2572 0x00007f7e4c5ba7d0 code [0x00007f7e4c5ba960, 0x00007f7e4c5badf8]
Event: 4,201 Thread 0x00007f7e5c3dc800 2571       4       org.jacoco.agent.rt.internal_c13123e.core.internal.flow.MethodSanitizer::visitLineNumber (14 bytes)
Event: 4,202 Thread 0x00007f7e5c2d7800 nmethod 2579 0x00007f7e4c5cfb50 code [0x00007f7e4c5d0da0, 0x00007f7e4c5dcee8]
Event: 4,205 Thread 0x00007f7e5c3dc800 nmethod 2571 0x00007f7e4c5b8010 code [0x00007f7e4c5b8180, 0x00007f7e4c5b8398]
Event: 4,810 Thread 0x00007f7e5c2e4800 nmethod 2401% 0x00007f7e4c5f13d0 code [0x00007f7e4c5f2520, 0x00007f7e4c5fce10]

GC Heap History (8 events):
Event: 1,454 GC heap before
{Heap before GC invocations=1 (full 0):
 PSYoungGen      total 36864K, used 31744K [0x00000000d7000000, 0x00000000d9900000, 0x0000000100000000)
  eden space 31744K, 100% used [0x00000000d7000000,0x00000000d8f00000,0x00000000d8f00000)
  from space 5120K, 0% used [0x00000000d9400000,0x00000000d9400000,0x00000000d9900000)
  to   space 5120K, 0% used [0x00000000d8f00000,0x00000000d8f00000,0x00000000d9400000)
 ParOldGen       total 84992K, used 0K [0x0000000085000000, 0x000000008a300000, 0x00000000d7000000)
  object space 84992K, 0% used [0x0000000085000000,0x0000000085000000,0x000000008a300000)
 Metaspace       used 9740K, capacity 9912K, committed 10112K, reserved 1058816K
  class space    used 1023K, capacity 1084K, committed 1152K, reserved 1048576K
Event: 1,459 GC heap after
Heap after GC invocations=1 (full 0):
 PSYoungGen      total 36864K, used 2751K [0x00000000d7000000, 0x00000000d9900000, 0x0000000100000000)
  eden space 31744K, 0% used [0x00000000d7000000,0x00000000d7000000,0x00000000d8f00000)
  from space 5120K, 53% used [0x00000000d8f00000,0x00000000d91afd60,0x00000000d9400000)
  to   space 5120K, 0% used [0x00000000d9400000,0x00000000d9400000,0x00000000d9900000)
 ParOldGen       total 84992K, used 16K [0x0000000085000000, 0x000000008a300000, 0x00000000d7000000)
  object space 84992K, 0% used [0x0000000085000000,0x0000000085004000,0x000000008a300000)
 Metaspace       used 9740K, capacity 9912K, committed 10112K, reserved 1058816K
  class space    used 1023K, capacity 1084K, committed 1152K, reserved 1048576K
}
Event: 2,395 GC heap before
{Heap before GC invocations=2 (full 0):
 PSYoungGen      total 36864K, used 34495K [0x00000000d7000000, 0x00000000d9900000, 0x0000000100000000)
  eden space 31744K, 100% used [0x00000000d7000000,0x00000000d8f00000,0x00000000d8f00000)
  from space 5120K, 53% used [0x00000000d8f00000,0x00000000d91afd60,0x00000000d9400000)
  to   space 5120K, 0% used [0x00000000d9400000,0x00000000d9400000,0x00000000d9900000)
 ParOldGen       total 84992K, used 16K [0x0000000085000000, 0x000000008a300000, 0x00000000d7000000)
  object space 84992K, 0% used [0x0000000085000000,0x0000000085004000,0x000000008a300000)
 Metaspace       used 19934K, capacity 20264K, committed 20480K, reserved 1067008K
  class space    used 2427K, capacity 2525K, committed 2560K, reserved 1048576K
Event: 2,404 GC heap after
Heap after GC invocations=2 (full 0):
 PSYoungGen      total 36864K, used 4467K [0x00000000d7000000, 0x00000000d9900000, 0x0000000100000000)
  eden space 31744K, 0% used [0x00000000d7000000,0x00000000d7000000,0x00000000d8f00000)
  from space 5120K, 87% used [0x00000000d9400000,0x00000000d985cd90,0x00000000d9900000)
  to   space 5120K, 0% used [0x00000000d8f00000,0x00000000d8f00000,0x00000000d9400000)
 ParOldGen       total 84992K, used 24K [0x0000000085000000, 0x000000008a300000, 0x00000000d7000000)
  object space 84992K, 0% used [0x0000000085000000,0x0000000085006000,0x000000008a300000)
 Metaspace       used 19934K, capacity 20264K, committed 20480K, reserved 1067008K
  class space    used 2427K, capacity 2525K, committed 2560K, reserved 1048576K
}
Event: 2,467 GC heap before
{Heap before GC invocations=3 (full 0):
 PSYoungGen      total 36864K, used 7494K [0x00000000d7000000, 0x00000000d9900000, 0x0000000100000000)
  eden space 31744K, 9% used [0x00000000d7000000,0x00000000d72f4d98,0x00000000d8f00000)
  from space 5120K, 87% used [0x00000000d9400000,0x00000000d985cd90,0x00000000d9900000)
  to   space 5120K, 0% used [0x00000000d8f00000,0x00000000d8f00000,0x00000000d9400000)
 ParOldGen       total 84992K, used 24K [0x0000000085000000, 0x000000008a300000, 0x00000000d7000000)
  object space 84992K, 0% used [0x0000000085000000,0x0000000085006000,0x000000008a300000)
 Metaspace       used 20770K, capacity 21070K, committed 21296K, reserved 1069056K
  class space    used 2518K, capacity 2624K, committed 2688K, reserved 1048576K
Event: 2,474 GC heap after
Heap after GC invocations=3 (full 0):
 PSYoungGen      total 36864K, used 3984K [0x00000000d7000000, 0x00000000db800000, 0x0000000100000000)
  eden space 31744K, 0% used [0x00000000d7000000,0x00000000d7000000,0x00000000d8f00000)
  from space 5120K, 77% used [0x00000000d8f00000,0x00000000d92e41e0,0x00000000d9400000)
  to   space 5120K, 0% used [0x00000000db300000,0x00000000db300000,0x00000000db800000)
 ParOldGen       total 84992K, used 32K [0x0000000085000000, 0x000000008a300000, 0x00000000d7000000)
  object space 84992K, 0% used [0x0000000085000000,0x0000000085008000,0x000000008a300000)
 Metaspace       used 20770K, capacity 21070K, committed 21296K, reserved 1069056K
  class space    used 2518K, capacity 2624K, committed 2688K, reserved 1048576K
}
Event: 2,474 GC heap before
{Heap before GC invocations=4 (full 1):
 PSYoungGen      total 36864K, used 3984K [0x00000000d7000000, 0x00000000db800000, 0x0000000100000000)
  eden space 31744K, 0% used [0x00000000d7000000,0x00000000d7000000,0x00000000d8f00000)
  from space 5120K, 77% used [0x00000000d8f00000,0x00000000d92e41e0,0x00000000d9400000)
  to   space 5120K, 0% used [0x00000000db300000,0x00000000db300000,0x00000000db800000)
 ParOldGen       total 84992K, used 32K [0x0000000085000000, 0x000000008a300000, 0x00000000d7000000)
  object space 84992K, 0% used [0x0000000085000000,0x0000000085008000,0x000000008a300000)
 Metaspace       used 20770K, capacity 21070K, committed 21296K, reserved 1069056K
  class space    used 2518K, capacity 2624K, committed 2688K, reserved 1048576K
Event: 2,520 GC heap after
Heap after GC invocations=4 (full 1):
 PSYoungGen      total 36864K, used 0K [0x00000000d7000000, 0x00000000db800000, 0x0000000100000000)
  eden space 31744K, 0% used [0x00000000d7000000,0x00000000d7000000,0x00000000d8f00000)
  from space 5120K, 0% used [0x00000000d8f00000,0x00000000d8f00000,0x00000000d9400000)
  to   space 5120K, 0% used [0x00000000db300000,0x00000000db300000,0x00000000db800000)
 ParOldGen       total 47104K, used 3916K [0x0000000085000000, 0x0000000087e00000, 0x00000000d7000000)
  object space 47104K, 8% used [0x0000000085000000,0x00000000853d33d8,0x0000000087e00000)
 Metaspace       used 20770K, capacity 21070K, committed 21296K, reserved 1069056K
  class space    used 2518K, capacity 2624K, committed 2688K, reserved 1048576K
}

Deoptimization events (10 events):
Event: 3,671 Thread 0x00007f7e5c61a800 Uncommon trap: reason=class_check action=maybe_recompile pc=0x00007f7e4c2f072c method=javax.swing.UIDefaults.getFromHashtable(Ljava/lang/Object;)Ljava/lang/Object; @ 92
Event: 3,673 Thread 0x00007f7e5c61a800 Uncommon trap: reason=unstable_if action=reinterpret pc=0x00007f7e4c36fc74 method=java.awt.Component.isDisplayable()Z @ 4
Event: 3,679 Thread 0x00007f7e5c61a800 Uncommon trap: reason=class_check action=maybe_recompile pc=0x00007f7e4c2f072c method=javax.swing.UIDefaults.getFromHashtable(Ljava/lang/Object;)Ljava/lang/Object; @ 92
Event: 3,683 Thread 0x00007f7e5c61a800 Uncommon trap: reason=class_check action=maybe_recompile pc=0x00007f7e4c2f072c method=javax.swing.UIDefaults.getFromHashtable(Ljava/lang/Object;)Ljava/lang/Object; @ 92
Event: 3,771 Thread 0x00007f7e5c61a800 Uncommon trap: reason=unstable_if action=reinterpret pc=0x00007f7e4c442acc method=sun.java2d.loops.ProcessPath.TESTANDCLIP(FF[FIIII)I @ 8
Event: 3,859 Thread 0x00007f7de000f000 Uncommon trap: reason=class_check action=maybe_recompile pc=0x00007f7e4c453168 method=java.util.concurrent.locks.AbstractQueuedSynchronizer.release(I)Z @ 2
Event: 3,913 Thread 0x00007f7de000f000 Uncommon trap: reason=class_check action=maybe_recompile pc=0x00007f7e4c453168 method=java.util.concurrent.locks.AbstractQueuedSynchronizer.release(I)Z @ 2
Event: 3,998 Thread 0x00007f7de000f000 Uncommon trap: reason=class_check action=maybe_recompile pc=0x00007f7e4c453168 method=java.util.concurrent.locks.AbstractQueuedSynchronizer.release(I)Z @ 2
Event: 4,032 Thread 0x00007f7de000f000 Uncommon trap: reason=class_check action=maybe_recompile pc=0x00007f7e4c453168 method=java.util.concurrent.locks.AbstractQueuedSynchronizer.release(I)Z @ 2
Event: 4,171 Thread 0x00007f7e5c61a800 Uncommon trap: reason=unstable_if action=reinterpret pc=0x00007f7e4c4db01c method=java.beans.ChangeListenerMap.get(Ljava/lang/String;)[Ljava/util/EventListener; @ 4

Classes redefined (0 events):
No events

Internal exceptions (10 events):
Event: 3,790 Thread 0x00007f7e5c61a800 Exception <a 'java/lang/UnsupportedOperationException': > (0x00000000d78aee48) thrown at [/build/openjdk-8-wnL82d/openjdk-8-8u171-b11/src/hotspot/src/share/vm/prims/jni.cpp, line 735]
Event: 3,919 Thread 0x00007f7e5c643000 Implicit null exception at 0x00007f7e4c0c4c90 to 0x00007f7e4c0c54a6
Event: 3,919 Thread 0x00007f7e5c643000 Exception <a 'java/lang/NullPointerException'> (0x00000000d7a59ee0) thrown at [/build/openjdk-8-wnL82d/openjdk-8-8u171-b11/src/hotspot/src/share/vm/runtime/sharedRuntime.cpp, line 605]
Event: 4,000 Thread 0x00007f7e5c643000 Implicit null exception at 0x00007f7e4c0c4c90 to 0x00007f7e4c0c54a6
Event: 4,000 Thread 0x00007f7e5c643000 Exception <a 'java/lang/NullPointerException'> (0x00000000d7bf5748) thrown at [/build/openjdk-8-wnL82d/openjdk-8-8u171-b11/src/hotspot/src/share/vm/runtime/sharedRuntime.cpp, line 605]
Event: 4,033 Thread 0x00007f7e5c643000 Implicit null exception at 0x00007f7e4c0c4c90 to 0x00007f7e4c0c54a6
Event: 4,033 Thread 0x00007f7e5c643000 Exception <a 'java/lang/NullPointerException'> (0x00000000d7bf8c80) thrown at [/build/openjdk-8-wnL82d/openjdk-8-8u171-b11/src/hotspot/src/share/vm/runtime/sharedRuntime.cpp, line 605]
Event: 4,035 Thread 0x00007f7e5c643000 Implicit null exception at 0x00007f7e4c0c4c90 to 0x00007f7e4c0c54a6
Event: 4,035 Thread 0x00007f7e5c643000 Exception <a 'java/lang/NullPointerException'> (0x00000000d7c0e880) thrown at [/build/openjdk-8-wnL82d/openjdk-8-8u171-b11/src/hotspot/src/share/vm/runtime/sharedRuntime.cpp, line 605]
Event: 4,171 Thread 0x00007f7e5c61a800 Implicit null exception at 0x00007f7e4c4da0a6 to 0x00007f7e4c4daff5

Events (10 events):
Event: 4,177 loading class java/awt/Component$FlipBufferStrategy done
Event: 4,178 loading class org/espeakng/jeditor/data/Phoneme
Event: 4,178 loading class org/espeakng/jeditor/data/Phoneme done
Event: 4,179 loading class org/espeakng/jeditor/jni/SpectSeq
Event: 4,179 loading class org/espeakng/jeditor/jni/SpectSeq done
Event: 4,180 loading class org/espeakng/jeditor/jni/ESpeakService
Event: 4,180 loading class org/espeakng/jeditor/jni/ESpeakService done
Event: 4,181 loading class sun/awt/X11/XErrorEvent
Event: 4,181 loading class sun/awt/X11/XErrorEvent done
Event: 4,828 Executing VM operation: EnableBiasedLocking


Dynamic libraries:
00400000-00401000 r-xp 00000000 08:01 4204813                            /usr/lib/jvm/java-8-openjdk-amd64/jre/bin/java
00600000-00601000 r--p 00000000 08:01 4204813                            /usr/lib/jvm/java-8-openjdk-amd64/jre/bin/java
00601000-00602000 rw-p 00001000 08:01 4204813                            /usr/lib/jvm/java-8-openjdk-amd64/jre/bin/java
01709000-0172a000 rw-p 00000000 00:00 0                                  [heap]
85000000-87e00000 rw-p 00000000 00:00 0 
87e00000-d7000000 ---p 00000000 00:00 0 
d7000000-db800000 rw-p 00000000 00:00 0 
db800000-100000000 ---p 00000000 00:00 0 
100000000-1002e0000 rw-p 00000000 00:00 0 
1002e0000-140000000 ---p 00000000 00:00 0 
7f7dd4000000-7f7dd4021000 rw-p 00000000 00:00 0 
7f7dd4021000-7f7dd8000000 ---p 00000000 00:00 0 
7f7dd8000000-7f7dd8021000 rw-p 00000000 00:00 0 
7f7dd8021000-7f7ddc000000 ---p 00000000 00:00 0 
7f7ddc000000-7f7ddc021000 rw-p 00000000 00:00 0 
7f7ddc021000-7f7de0000000 ---p 00000000 00:00 0 
7f7de0000000-7f7de0021000 rw-p 00000000 00:00 0 
7f7de0021000-7f7de4000000 ---p 00000000 00:00 0 
7f7de4000000-7f7de4021000 rw-p 00000000 00:00 0 
7f7de4021000-7f7de8000000 ---p 00000000 00:00 0 
7f7de8000000-7f7de8021000 rw-p 00000000 00:00 0 
7f7de8021000-7f7dec000000 ---p 00000000 00:00 0 
7f7dec000000-7f7dec61c000 rw-p 00000000 00:00 0 
7f7dec61c000-7f7df0000000 ---p 00000000 00:00 0 
7f7df0000000-7f7df0021000 rw-p 00000000 00:00 0 
7f7df0021000-7f7df4000000 ---p 00000000 00:00 0 
7f7df4000000-7f7df4021000 rw-p 00000000 00:00 0 
7f7df4021000-7f7df8000000 ---p 00000000 00:00 0 
7f7df8000000-7f7df8021000 rw-p 00000000 00:00 0 
7f7df8021000-7f7dfc000000 ---p 00000000 00:00 0 
7f7dfc000000-7f7dfc021000 rw-p 00000000 00:00 0 
7f7dfc021000-7f7e00000000 ---p 00000000 00:00 0 
7f7e011a7000-7f7e012c7000 r-xp 00000000 08:01 2231404                    /home/student/Documents/code/ESpeak/.lib/libespeakservice.so
7f7e012c7000-7f7e014c6000 ---p 00120000 08:01 2231404                    /home/student/Documents/code/ESpeak/.lib/libespeakservice.so
7f7e014c6000-7f7e014db000 rw-p 0011f000 08:01 2231404                    /home/student/Documents/code/ESpeak/.lib/libespeakservice.so
7f7e014db000-7f7e0150d000 rw-p 00000000 00:00 0 
7f7e0150d000-7f7e01510000 ---p 00000000 00:00 0 
7f7e01510000-7f7e0164e000 rw-p 00000000 00:00 0 
7f7e0164e000-7f7e0180e000 ---p 00000000 00:00 0 
7f7e0180e000-7f7e01811000 ---p 00000000 00:00 0 
7f7e01811000-7f7e0190f000 rw-p 00000000 00:00 0 
7f7e0190f000-7f7e01912000 ---p 00000000 00:00 0 
7f7e01912000-7f7e01c10000 rw-p 00000000 00:00 0 
7f7e01c10000-7f7e01c13000 ---p 00000000 00:00 0 
7f7e01c13000-7f7e01d11000 rw-p 00000000 00:00 0 
7f7e01d11000-7f7e01d14000 ---p 00000000 00:00 0 
7f7e01d14000-7f7e02012000 rw-p 00000000 00:00 0 
7f7e02012000-7f7e02023000 r-xp 00000000 08:01 4204869                    /usr/lib/jvm/java-8-openjdk-amd64/jre/lib/amd64/libnio.so
7f7e02023000-7f7e02223000 ---p 00011000 08:01 4204869                    /usr/lib/jvm/java-8-openjdk-amd64/jre/lib/amd64/libnio.so
7f7e02223000-7f7e02224000 r--p 00011000 08:01 4204869                    /usr/lib/jvm/java-8-openjdk-amd64/jre/lib/amd64/libnio.so
7f7e02224000-7f7e02225000 rw-p 00012000 08:01 4204869                    /usr/lib/jvm/java-8-openjdk-amd64/jre/lib/amd64/libnio.so
7f7e02279000-7f7e02479000 rw-p 00000000 00:00 0 
7f7e02479000-7f7e0247c000 ---p 00000000 00:00 0 
7f7e0247c000-7f7e0277a000 rw-p 00000000 00:00 0 
7f7e0277a000-7f7e0297a000 rw-p 00000000 00:00 0 
7f7e0299d000-7f7e029a0000 ---p 00000000 00:00 0 
7f7e029a0000-7f7e02a9e000 rw-p 00000000 00:00 0 
7f7e02a9e000-7f7e02aa1000 ---p 00000000 00:00 0 
7f7e02aa1000-7f7e02b9f000 rw-p 00000000 00:00 0 
7f7e02b9f000-7f7e02ba2000 ---p 00000000 00:00 0 
7f7e02ba2000-7f7e02ca0000 rw-p 00000000 00:00 0 
7f7e02ca0000-7f7e02ca5000 r-xp 00000000 08:01 4199584                    /usr/lib/x86_64-linux-gnu/libXfixes.so.3.1.0
7f7e02ca5000-7f7e02ea4000 ---p 00005000 08:01 4199584                    /usr/lib/x86_64-linux-gnu/libXfixes.so.3.1.0
7f7e02ea4000-7f7e02ea5000 r--p 00004000 08:01 4199584                    /usr/lib/x86_64-linux-gnu/libXfixes.so.3.1.0
7f7e02ea5000-7f7e02ea6000 rw-p 00005000 08:01 4199584                    /usr/lib/x86_64-linux-gnu/libXfixes.so.3.1.0
7f7e02ea6000-7f7e02eaf000 r-xp 00000000 08:01 4199576                    /usr/lib/x86_64-linux-gnu/libXcursor.so.1.0.2
7f7e02eaf000-7f7e030ae000 ---p 00009000 08:01 4199576                    /usr/lib/x86_64-linux-gnu/libXcursor.so.1.0.2
7f7e030ae000-7f7e030af000 r--p 00008000 08:01 4199576                    /usr/lib/x86_64-linux-gnu/libXcursor.so.1.0.2
7f7e030af000-7f7e030b0000 rw-p 00009000 08:01 4199576                    /usr/lib/x86_64-linux-gnu/libXcursor.so.1.0.2
7f7e030b0000-7f7e030d4000 r-xp 00000000 08:01 5247733                    /lib/x86_64-linux-gnu/libpng12.so.0.54.0
7f7e030d4000-7f7e032d3000 ---p 00024000 08:01 5247733                    /lib/x86_64-linux-gnu/libpng12.so.0.54.0
7f7e032d3000-7f7e032d4000 r--p 00023000 08:01 5247733                    /lib/x86_64-linux-gnu/libpng12.so.0.54.0
7f7e032d4000-7f7e032d5000 rw-p 00024000 08:01 5247733                    /lib/x86_64-linux-gnu/libpng12.so.0.54.0
7f7e032d5000-7f7e03379000 r-xp 00000000 08:01 4199918                    /usr/lib/x86_64-linux-gnu/libfreetype.so.6.12.1
7f7e03379000-7f7e03578000 ---p 000a4000 08:01 4199918                    /usr/lib/x86_64-linux-gnu/libfreetype.so.6.12.1
7f7e03578000-7f7e0357e000 r--p 000a3000 08:01 4199918                    /usr/lib/x86_64-linux-gnu/libfreetype.so.6.12.1
7f7e0357e000-7f7e0357f000 rw-p 000a9000 08:01 4199918                    /usr/lib/x86_64-linux-gnu/libfreetype.so.6.12.1
7f7e0357f000-7f7e035d1000 r-xp 00000000 08:01 4204837                    /usr/lib/jvm/java-8-openjdk-amd64/jre/lib/amd64/libfontmanager.so
7f7e035d1000-7f7e037d1000 ---p 00052000 08:01 4204837                    /usr/lib/jvm/java-8-openjdk-amd64/jre/lib/amd64/libfontmanager.so
7f7e037d1000-7f7e037d3000 r--p 00052000 08:01 4204837                    /usr/lib/jvm/java-8-openjdk-amd64/jre/lib/amd64/libfontmanager.so
7f7e037d3000-7f7e037d4000 rw-p 00054000 08:01 4204837                    /usr/lib/jvm/java-8-openjdk-amd64/jre/lib/amd64/libfontmanager.so
7f7e037d4000-7f7e039d4000 rw-p 00000000 00:00 0 
7f7e039d4000-7f7e039d9000 r-xp 00000000 08:01 4199580                    /usr/lib/x86_64-linux-gnu/libXdmcp.so.6.0.0
7f7e039d9000-7f7e03bd8000 ---p 00005000 08:01 4199580                    /usr/lib/x86_64-linux-gnu/libXdmcp.so.6.0.0
7f7e03bd8000-7f7e03bd9000 r--p 00004000 08:01 4199580                    /usr/lib/x86_64-linux-gnu/libXdmcp.so.6.0.0
7f7e03bd9000-7f7e03bda000 rw-p 00005000 08:01 4199580                    /usr/lib/x86_64-linux-gnu/libXdmcp.so.6.0.0
7f7e03bda000-7f7e03bdc000 r-xp 00000000 08:01 4199569                    /usr/lib/x86_64-linux-gnu/libXau.so.6.0.0
7f7e03bdc000-7f7e03ddc000 ---p 00002000 08:01 4199569                    /usr/lib/x86_64-linux-gnu/libXau.so.6.0.0
7f7e03ddc000-7f7e03ddd000 r--p 00002000 08:01 4199569                    /usr/lib/x86_64-linux-gnu/libXau.so.6.0.0
7f7e03ddd000-7f7e03dde000 rw-p 00003000 08:01 4199569                    /usr/lib/x86_64-linux-gnu/libXau.so.6.0.0
7f7e03dde000-7f7e03dff000 r-xp 00000000 08:01 4200669                    /usr/lib/x86_64-linux-gnu/libxcb.so.1.1.0
7f7e03dff000-7f7e03ffe000 ---p 00021000 08:01 4200669                    /usr/lib/x86_64-linux-gnu/libxcb.so.1.1.0
7f7e03ffe000-7f7e03fff000 r--p 00020000 08:01 4200669                    /usr/lib/x86_64-linux-gnu/libxcb.so.1.1.0
7f7e03fff000-7f7e04000000 rw-p 00021000 08:01 4200669                    /usr/lib/x86_64-linux-gnu/libxcb.so.1.1.0
7f7e04000000-7f7e04021000 rw-p 00000000 00:00 0 
7f7e04021000-7f7e08000000 ---p 00000000 00:00 0 
7f7e08000000-7f7e08021000 rw-p 00000000 00:00 0 
7f7e08021000-7f7e0c000000 ---p 00000000 00:00 0 
7f7e0c000000-7f7e0cbbf000 rw-p 00000000 00:00 0 
7f7e0cbbf000-7f7e10000000 ---p 00000000 00:00 0 
7f7e10000000-7f7e10021000 rw-p 00000000 00:00 0 
7f7e10021000-7f7e14000000 ---p 00000000 00:00 0 
7f7e14000000-7f7e151e8000 rw-p 00000000 00:00 0 
7f7e151e8000-7f7e18000000 ---p 00000000 00:00 0 
7f7e18000000-7f7e190f8000 rw-p 00000000 00:00 0 
7f7e190f8000-7f7e1c000000 ---p 00000000 00:00 0 
7f7e1c000000-7f7e1c021000 rw-p 00000000 00:00 0 
7f7e1c021000-7f7e20000000 ---p 00000000 00:00 0 
7f7e200c1000-7f7e200c4000 ---p 00000000 00:00 0 
7f7e200c4000-7f7e201c2000 rw-p 00000000 00:00 0 
7f7e201c2000-7f7e201d1000 r-xp 00000000 08:01 4199592                    /usr/lib/x86_64-linux-gnu/libXi.so.6.1.0
7f7e201d1000-7f7e203d0000 ---p 0000f000 08:01 4199592                    /usr/lib/x86_64-linux-gnu/libXi.so.6.1.0
7f7e203d0000-7f7e203d1000 r--p 0000e000 08:01 4199592                    /usr/lib/x86_64-linux-gnu/libXi.so.6.1.0
7f7e203d1000-7f7e203d2000 rw-p 0000f000 08:01 4199592                    /usr/lib/x86_64-linux-gnu/libXi.so.6.1.0
7f7e203d2000-7f7e203d7000 r-xp 00000000 08:01 4199610                    /usr/lib/x86_64-linux-gnu/libXtst.so.6.1.0
7f7e203d7000-7f7e205d6000 ---p 00005000 08:01 4199610                    /usr/lib/x86_64-linux-gnu/libXtst.so.6.1.0
7f7e205d6000-7f7e205d7000 r--p 00004000 08:01 4199610                    /usr/lib/x86_64-linux-gnu/libXtst.so.6.1.0
7f7e205d7000-7f7e205d8000 rw-p 00005000 08:01 4199610                    /usr/lib/x86_64-linux-gnu/libXtst.so.6.1.0
7f7e205d8000-7f7e205e1000 r-xp 00000000 08:01 4199604                    /usr/lib/x86_64-linux-gnu/libXrender.so.1.3.0
7f7e205e1000-7f7e207e0000 ---p 00009000 08:01 4199604                    /usr/lib/x86_64-linux-gnu/libXrender.so.1.3.0
7f7e207e0000-7f7e207e1000 r--p 00008000 08:01 4199604                    /usr/lib/x86_64-linux-gnu/libXrender.so.1.3.0
7f7e207e1000-7f7e207e2000 rw-p 00009000 08:01 4199604                    /usr/lib/x86_64-linux-gnu/libXrender.so.1.3.0
7f7e207e2000-7f7e20917000 r-xp 00000000 08:01 4199565                    /usr/lib/x86_64-linux-gnu/libX11.so.6.3.0
7f7e20917000-7f7e20b17000 ---p 00135000 08:01 4199565                    /usr/lib/x86_64-linux-gnu/libX11.so.6.3.0
7f7e20b17000-7f7e20b18000 r--p 00135000 08:01 4199565                    /usr/lib/x86_64-linux-gnu/libX11.so.6.3.0
7f7e20b18000-7f7e20b1c000 rw-p 00136000 08:01 4199565                    /usr/lib/x86_64-linux-gnu/libX11.so.6.3.0
7f7e20b1c000-7f7e20b2d000 r-xp 00000000 08:01 4199582                    /usr/lib/x86_64-linux-gnu/libXext.so.6.4.0
7f7e20b2d000-7f7e20d2c000 ---p 00011000 08:01 4199582                    /usr/lib/x86_64-linux-gnu/libXext.so.6.4.0
7f7e20d2c000-7f7e20d2d000 r--p 00010000 08:01 4199582                    /usr/lib/x86_64-linux-gnu/libXext.so.6.4.0
7f7e20d2d000-7f7e20d2e000 rw-p 00011000 08:01 4199582                    /usr/lib/x86_64-linux-gnu/libXext.so.6.4.0
7f7e20d2e000-7f7e20dce000 r-xp 00000000 08:01 4204840                    /usr/lib/jvm/java-8-openjdk-amd64/jre/lib/amd64/libawt.so
7f7e20dce000-7f7e20fce000 ---p 000a0000 08:01 4204840                    /usr/lib/jvm/java-8-openjdk-amd64/jre/lib/amd64/libawt.so
7f7e20fce000-7f7e20fcf000 r--p 000a0000 08:01 4204840                    /usr/lib/jvm/java-8-openjdk-amd64/jre/lib/amd64/libawt.so
7f7e20fcf000-7f7e20fda000 rw-p 000a1000 08:01 4204840                    /usr/lib/jvm/java-8-openjdk-amd64/jre/lib/amd64/libawt.so
7f7e20fda000-7f7e24000000 rw-p 00000000 00:00 0 
7f7e24000000-7f7e24021000 rw-p 00000000 00:00 0 
7f7e24021000-7f7e28000000 ---p 00000000 00:00 0 
7f7e28000000-7f7e28021000 rw-p 00000000 00:00 0 
7f7e28021000-7f7e2c000000 ---p 00000000 00:00 0 
7f7e2c000000-7f7e2c021000 rw-p 00000000 00:00 0 
7f7e2c021000-7f7e30000000 ---p 00000000 00:00 0 
7f7e30000000-7f7e30021000 rw-p 00000000 00:00 0 
7f7e30021000-7f7e34000000 ---p 00000000 00:00 0 
7f7e34000000-7f7e34021000 rw-p 00000000 00:00 0 
7f7e34021000-7f7e38000000 ---p 00000000 00:00 0 
7f7e38000000-7f7e38021000 rw-p 00000000 00:00 0 
7f7e38021000-7f7e3c000000 ---p 00000000 00:00 0 
7f7e3c000000-7f7e3c021000 rw-p 00000000 00:00 0 
7f7e3c021000-7f7e40000000 ---p 00000000 00:00 0 
7f7e40027000-7f7e4007c000 r-xp 00000000 08:01 4204841                    /usr/lib/jvm/java-8-openjdk-amd64/jre/lib/amd64/libawt_xawt.so
7f7e4007c000-7f7e4027b000 ---p 00055000 08:01 4204841                    /usr/lib/jvm/java-8-openjdk-amd64/jre/lib/amd64/libawt_xawt.so
7f7e4027b000-7f7e4027c000 r--p 00054000 08:01 4204841                    /usr/lib/jvm/java-8-openjdk-amd64/jre/lib/amd64/libawt_xawt.so
7f7e4027c000-7f7e4027f000 rw-p 00055000 08:01 4204841                    /usr/lib/jvm/java-8-openjdk-amd64/jre/lib/amd64/libawt_xawt.so
7f7e4027f000-7f7e44000000 rw-p 00000000 00:00 0 
7f7e44000000-7f7e44021000 rw-p 00000000 00:00 0 
7f7e44021000-7f7e48000000 ---p 00000000 00:00 0 
7f7e480ae000-7f7e480b1000 ---p 00000000 00:00 0 
7f7e480b1000-7f7e481af000 rw-p 00000000 00:00 0 
7f7e481af000-7f7e481c2000 r--s 00346000 08:01 4204830                    /usr/lib/jvm/java-8-openjdk-amd64/jre/lib/resources.jar
7f7e481c2000-7f7e481c5000 ---p 00000000 00:00 0 
7f7e481c5000-7f7e482c3000 rw-p 00000000 00:00 0 
7f7e482c3000-7f7e482c4000 ---p 00000000 00:00 0 
7f7e482c4000-7f7e483c4000 rw-p 00000000 00:00 0 
7f7e483c4000-7f7e483c7000 ---p 00000000 00:00 0 
7f7e483c7000-7f7e484c5000 rw-p 00000000 00:00 0 
7f7e484c5000-7f7e484c8000 ---p 00000000 00:00 0 
7f7e484c8000-7f7e485c6000 rw-p 00000000 00:00 0 
7f7e485c6000-7f7e485c9000 ---p 00000000 00:00 0 
7f7e485c9000-7f7e486c7000 rw-p 00000000 00:00 0 
7f7e486c7000-7f7e486ca000 ---p 00000000 00:00 0 
7f7e486ca000-7f7e487c8000 rw-p 00000000 00:00 0 
7f7e487c8000-7f7e487cb000 ---p 00000000 00:00 0 
7f7e487cb000-7f7e488c9000 rw-p 00000000 00:00 0 
7f7e488c9000-7f7e488df000 r-xp 00000000 08:01 4204863                    /usr/lib/jvm/java-8-openjdk-amd64/jre/lib/amd64/libnet.so
7f7e488df000-7f7e48adf000 ---p 00016000 08:01 4204863                    /usr/lib/jvm/java-8-openjdk-amd64/jre/lib/amd64/libnet.so
7f7e48adf000-7f7e48ae0000 r--p 00016000 08:01 4204863                    /usr/lib/jvm/java-8-openjdk-amd64/jre/lib/amd64/libnet.so
7f7e48ae0000-7f7e48ae1000 rw-p 00017000 08:01 4204863                    /usr/lib/jvm/java-8-openjdk-amd64/jre/lib/amd64/libnet.so
7f7e48ae1000-7f7e48ae6000 r--s 0009d000 08:01 4204902                    /usr/lib/jvm/java-8-openjdk-amd64/jre/lib/jsse.jar
7f7e48ae6000-7f7e48aec000 r--s 0003c000 08:01 1572949                    /home/student/Downloads/eclipse/configuration/org.eclipse.osgi/1081/0/.cp/jacocoagent.jar
7f7e48aec000-7f7e48b03000 r--s 00115000 08:01 1052328                    /home/student/.m2/repository/org/assertj/assertj-core/3.8.0/assertj-core-3.8.0.jar
7f7e48b03000-7f7e48b14000 r--s 000ad000 08:01 1052325                    /home/student/.m2/repository/org/assertj/assertj-swing/3.8.0/assertj-swing-3.8.0.jar
7f7e48b14000-7f7e48b17000 ---p 00000000 00:00 0 
7f7e48b17000-7f7e48c15000 rw-p 00000000 00:00 0 
7f7e48c15000-7f7e48f08000 r--p 00000000 08:01 4196649                    /usr/lib/locale/locale-archive
7f7e48f08000-7f7e48f0b000 ---p 00000000 00:00 0 
7f7e48f0b000-7f7e49009000 rw-p 00000000 00:00 0 
7f7e49009000-7f7e4900c000 ---p 00000000 00:00 0 
7f7e4900c000-7f7e4910a000 rw-p 00000000 00:00 0 
7f7e4910a000-7f7e4910b000 ---p 00000000 00:00 0 
7f7e4910b000-7f7e4a11a000 rw-p 00000000 00:00 0 
7f7e4a11a000-7f7e4a2e9000 r--s 03c2f000 08:01 4204892                    /usr/lib/jvm/java-8-openjdk-amd64/jre/lib/rt.jar
7f7e4a2e9000-7f7e4af37000 rw-p 00000000 00:00 0 
7f7e4af37000-7f7e4af38000 ---p 00000000 00:00 0 
7f7e4af38000-7f7e4b038000 rw-p 00000000 00:00 0 
7f7e4b038000-7f7e4b039000 ---p 00000000 00:00 0 
7f7e4b039000-7f7e4b139000 rw-p 00000000 00:00 0 
7f7e4b139000-7f7e4b13a000 ---p 00000000 00:00 0 
7f7e4b13a000-7f7e4b23a000 rw-p 00000000 00:00 0 
7f7e4b23a000-7f7e4b23b000 ---p 00000000 00:00 0 
7f7e4b23b000-7f7e4b352000 rw-p 00000000 00:00 0 
7f7e4b352000-7f7e4b5cb000 ---p 00000000 00:00 0 
7f7e4b5cb000-7f7e4b5e2000 rw-p 00000000 00:00 0 
7f7e4b5e2000-7f7e4b85b000 ---p 00000000 00:00 0 
7f7e4b85b000-7f7e4b87f000 rw-p 00000000 00:00 0 
7f7e4b87f000-7f7e4b9a3000 ---p 00000000 00:00 0 
7f7e4b9a3000-7f7e4b9c7000 rw-p 00000000 00:00 0 
7f7e4b9c7000-7f7e4bd64000 ---p 00000000 00:00 0 
7f7e4bd64000-7f7e4c614000 rwxp 00000000 00:00 0 
7f7e4c614000-7f7e5ad64000 ---p 00000000 00:00 0 
7f7e5ad64000-7f7e5ad6c000 r-xp 00000000 08:01 4204855                    /usr/lib/jvm/java-8-openjdk-amd64/jre/lib/amd64/libzip.so
7f7e5ad6c000-7f7e5af6b000 ---p 00008000 08:01 4204855                    /usr/lib/jvm/java-8-openjdk-amd64/jre/lib/amd64/libzip.so
7f7e5af6b000-7f7e5af6c000 r--p 00007000 08:01 4204855                    /usr/lib/jvm/java-8-openjdk-amd64/jre/lib/amd64/libzip.so
7f7e5af6c000-7f7e5af6d000 rw-p 00008000 08:01 4204855                    /usr/lib/jvm/java-8-openjdk-amd64/jre/lib/amd64/libzip.so
7f7e5af6d000-7f7e5af78000 r-xp 00000000 08:01 5247697                    /lib/x86_64-linux-gnu/libnss_files-2.23.so
7f7e5af78000-7f7e5b177000 ---p 0000b000 08:01 5247697                    /lib/x86_64-linux-gnu/libnss_files-2.23.so
7f7e5b177000-7f7e5b178000 r--p 0000a000 08:01 5247697                    /lib/x86_64-linux-gnu/libnss_files-2.23.so
7f7e5b178000-7f7e5b179000 rw-p 0000b000 08:01 5247697                    /lib/x86_64-linux-gnu/libnss_files-2.23.so
7f7e5b179000-7f7e5b17f000 rw-p 00000000 00:00 0 
7f7e5b17f000-7f7e5b18a000 r-xp 00000000 08:01 5247701                    /lib/x86_64-linux-gnu/libnss_nis-2.23.so
7f7e5b18a000-7f7e5b389000 ---p 0000b000 08:01 5247701                    /lib/x86_64-linux-gnu/libnss_nis-2.23.so
7f7e5b389000-7f7e5b38a000 r--p 0000a000 08:01 5247701                    /lib/x86_64-linux-gnu/libnss_nis-2.23.so
7f7e5b38a000-7f7e5b38b000 rw-p 0000b000 08:01 5247701                    /lib/x86_64-linux-gnu/libnss_nis-2.23.so
7f7e5b38b000-7f7e5b3a1000 r-xp 00000000 08:01 5247691                    /lib/x86_64-linux-gnu/libnsl-2.23.so
7f7e5b3a1000-7f7e5b5a0000 ---p 00016000 08:01 5247691                    /lib/x86_64-linux-gnu/libnsl-2.23.so
7f7e5b5a0000-7f7e5b5a1000 r--p 00015000 08:01 5247691                    /lib/x86_64-linux-gnu/libnsl-2.23.so
7f7e5b5a1000-7f7e5b5a2000 rw-p 00016000 08:01 5247691                    /lib/x86_64-linux-gnu/libnsl-2.23.so
7f7e5b5a2000-7f7e5b5a4000 rw-p 00000000 00:00 0 
7f7e5b5a4000-7f7e5b5ac000 r-xp 00000000 08:01 5247693                    /lib/x86_64-linux-gnu/libnss_compat-2.23.so
7f7e5b5ac000-7f7e5b7ab000 ---p 00008000 08:01 5247693                    /lib/x86_64-linux-gnu/libnss_compat-2.23.so
7f7e5b7ab000-7f7e5b7ac000 r--p 00007000 08:01 5247693                    /lib/x86_64-linux-gnu/libnss_compat-2.23.so
7f7e5b7ac000-7f7e5b7ad000 rw-p 00008000 08:01 5247693                    /lib/x86_64-linux-gnu/libnss_compat-2.23.so
7f7e5b7ad000-7f7e5b7b7000 r-xp 00000000 08:01 4204849                    /usr/lib/jvm/java-8-openjdk-amd64/jre/lib/amd64/libinstrument.so
7f7e5b7b7000-7f7e5b9b6000 ---p 0000a000 08:01 4204849                    /usr/lib/jvm/java-8-openjdk-amd64/jre/lib/amd64/libinstrument.so
7f7e5b9b6000-7f7e5b9b7000 r--p 00009000 08:01 4204849                    /usr/lib/jvm/java-8-openjdk-amd64/jre/lib/amd64/libinstrument.so
7f7e5b9b7000-7f7e5b9b8000 rw-p 0000a000 08:01 4204849                    /usr/lib/jvm/java-8-openjdk-amd64/jre/lib/amd64/libinstrument.so
7f7e5b9b8000-7f7e5b9e5000 r-xp 00000000 08:01 4204846                    /usr/lib/jvm/java-8-openjdk-amd64/jre/lib/amd64/libjava.so
7f7e5b9e5000-7f7e5bbe4000 ---p 0002d000 08:01 4204846                    /usr/lib/jvm/java-8-openjdk-amd64/jre/lib/amd64/libjava.so
7f7e5bbe4000-7f7e5bbe5000 r--p 0002c000 08:01 4204846                    /usr/lib/jvm/java-8-openjdk-amd64/jre/lib/amd64/libjava.so
7f7e5bbe5000-7f7e5bbe7000 rw-p 0002d000 08:01 4204846                    /usr/lib/jvm/java-8-openjdk-amd64/jre/lib/amd64/libjava.so
7f7e5bbe7000-7f7e5bbf6000 r-xp 00000000 08:01 4204832                    /usr/lib/jvm/java-8-openjdk-amd64/jre/lib/amd64/libverify.so
7f7e5bbf6000-7f7e5bdf5000 ---p 0000f000 08:01 4204832                    /usr/lib/jvm/java-8-openjdk-amd64/jre/lib/amd64/libverify.so
7f7e5bdf5000-7f7e5bdf7000 r--p 0000e000 08:01 4204832                    /usr/lib/jvm/java-8-openjdk-amd64/jre/lib/amd64/libverify.so
7f7e5bdf7000-7f7e5bdf8000 rw-p 00010000 08:01 4204832                    /usr/lib/jvm/java-8-openjdk-amd64/jre/lib/amd64/libverify.so
7f7e5bdf8000-7f7e5bdff000 r-xp 00000000 08:01 5247746                    /lib/x86_64-linux-gnu/librt-2.23.so
7f7e5bdff000-7f7e5bffe000 ---p 00007000 08:01 5247746                    /lib/x86_64-linux-gnu/librt-2.23.so
7f7e5bffe000-7f7e5bfff000 r--p 00006000 08:01 5247746                    /lib/x86_64-linux-gnu/librt-2.23.so
7f7e5bfff000-7f7e5c000000 rw-p 00007000 08:01 5247746                    /lib/x86_64-linux-gnu/librt-2.23.so
7f7e5c000000-7f7e5c651000 rw-p 00000000 00:00 0 
7f7e5c651000-7f7e60000000 ---p 00000000 00:00 0 
7f7e60000000-7f7e60001000 rw-p 00000000 00:00 0 
7f7e60001000-7f7e60003000 r--s 00016000 08:01 4204882                    /usr/lib/jvm/java-8-openjdk-amd64/jre/lib/jce.jar
7f7e60003000-7f7e60006000 r--s 00009000 08:01 1052333                    /home/student/.m2/repository/org/easytesting/fest-reflect/1.4.1/fest-reflect-1.4.1.jar
7f7e60006000-7f7e6000d000 r--s 0002c000 08:01 1052324                    /home/student/.m2/repository/org/assertj/assertj-swing-junit/3.8.0/assertj-swing-junit-3.8.0.jar
7f7e6000d000-7f7e60016000 r--s 0006f000 08:01 1182685                    /home/student/.m2/repository/log4j/log4j/1.2.17/log4j-1.2.17.jar
7f7e60016000-7f7e6001e000 r--s 00045000 08:01 1052319                    /home/student/.m2/repository/junit/junit/4.12/junit-4.12.jar
7f7e6001e000-7f7e60039000 r--s 00394000 08:01 4204823                    /usr/lib/jvm/java-8-openjdk-amd64/jre/lib/ext/cldrdata.jar
7f7e60039000-7f7e60054000 r--s 001d6000 08:01 4204826                    /usr/lib/jvm/java-8-openjdk-amd64/jre/lib/ext/nashorn.jar
7f7e60054000-7f7e6006a000 r-xp 00000000 08:01 5247638                    /lib/x86_64-linux-gnu/libgcc_s.so.1
7f7e6006a000-7f7e60269000 ---p 00016000 08:01 5247638                    /lib/x86_64-linux-gnu/libgcc_s.so.1
7f7e60269000-7f7e6026a000 rw-p 00015000 08:01 5247638                    /lib/x86_64-linux-gnu/libgcc_s.so.1
7f7e6026a000-7f7e60372000 r-xp 00000000 08:01 5247670                    /lib/x86_64-linux-gnu/libm-2.23.so
7f7e60372000-7f7e60571000 ---p 00108000 08:01 5247670                    /lib/x86_64-linux-gnu/libm-2.23.so
7f7e60571000-7f7e60572000 r--p 00107000 08:01 5247670                    /lib/x86_64-linux-gnu/libm-2.23.so
7f7e60572000-7f7e60573000 rw-p 00108000 08:01 5247670                    /lib/x86_64-linux-gnu/libm-2.23.so
7f7e60573000-7f7e606e5000 r-xp 00000000 08:01 4194720                    /usr/lib/x86_64-linux-gnu/libstdc++.so.6.0.21
7f7e606e5000-7f7e608e5000 ---p 00172000 08:01 4194720                    /usr/lib/x86_64-linux-gnu/libstdc++.so.6.0.21
7f7e608e5000-7f7e608ef000 r--p 00172000 08:01 4194720                    /usr/lib/x86_64-linux-gnu/libstdc++.so.6.0.21
7f7e608ef000-7f7e608f1000 rw-p 0017c000 08:01 4194720                    /usr/lib/x86_64-linux-gnu/libstdc++.so.6.0.21
7f7e608f1000-7f7e608f5000 rw-p 00000000 00:00 0 
7f7e608f5000-7f7e6154e000 r-xp 00000000 08:01 4204861                    /usr/lib/jvm/java-8-openjdk-amd64/jre/lib/amd64/server/libjvm.so
7f7e6154e000-7f7e6174e000 ---p 00c59000 08:01 4204861                    /usr/lib/jvm/java-8-openjdk-amd64/jre/lib/amd64/server/libjvm.so
7f7e6174e000-7f7e617e1000 r--p 00c59000 08:01 4204861                    /usr/lib/jvm/java-8-openjdk-amd64/jre/lib/amd64/server/libjvm.so
7f7e617e1000-7f7e6180a000 rw-p 00cec000 08:01 4204861                    /usr/lib/jvm/java-8-openjdk-amd64/jre/lib/amd64/server/libjvm.so
7f7e6180a000-7f7e6183a000 rw-p 00000000 00:00 0 
7f7e6183a000-7f7e61852000 r-xp 00000000 08:01 5247738                    /lib/x86_64-linux-gnu/libpthread-2.23.so
7f7e61852000-7f7e61a51000 ---p 00018000 08:01 5247738                    /lib/x86_64-linux-gnu/libpthread-2.23.so
7f7e61a51000-7f7e61a52000 r--p 00017000 08:01 5247738                    /lib/x86_64-linux-gnu/libpthread-2.23.so
7f7e61a52000-7f7e61a53000 rw-p 00018000 08:01 5247738                    /lib/x86_64-linux-gnu/libpthread-2.23.so
7f7e61a53000-7f7e61a57000 rw-p 00000000 00:00 0 
7f7e61a57000-7f7e61a5a000 r-xp 00000000 08:01 5247624                    /lib/x86_64-linux-gnu/libdl-2.23.so
7f7e61a5a000-7f7e61c59000 ---p 00003000 08:01 5247624                    /lib/x86_64-linux-gnu/libdl-2.23.so
7f7e61c59000-7f7e61c5a000 r--p 00002000 08:01 5247624                    /lib/x86_64-linux-gnu/libdl-2.23.so
7f7e61c5a000-7f7e61c5b000 rw-p 00003000 08:01 5247624                    /lib/x86_64-linux-gnu/libdl-2.23.so
7f7e61c5b000-7f7e61c74000 r-xp 00000000 08:01 5247782                    /lib/x86_64-linux-gnu/libz.so.1.2.8
7f7e61c74000-7f7e61e73000 ---p 00019000 08:01 5247782                    /lib/x86_64-linux-gnu/libz.so.1.2.8
7f7e61e73000-7f7e61e74000 r--p 00018000 08:01 5247782                    /lib/x86_64-linux-gnu/libz.so.1.2.8
7f7e61e74000-7f7e61e75000 rw-p 00019000 08:01 5247782                    /lib/x86_64-linux-gnu/libz.so.1.2.8
7f7e61e75000-7f7e62035000 r-xp 00000000 08:01 5247602                    /lib/x86_64-linux-gnu/libc-2.23.so
7f7e62035000-7f7e62235000 ---p 001c0000 08:01 5247602                    /lib/x86_64-linux-gnu/libc-2.23.so
7f7e62235000-7f7e62239000 r--p 001c0000 08:01 5247602                    /lib/x86_64-linux-gnu/libc-2.23.so
7f7e62239000-7f7e6223b000 rw-p 001c4000 08:01 5247602                    /lib/x86_64-linux-gnu/libc-2.23.so
7f7e6223b000-7f7e6223f000 rw-p 00000000 00:00 0 
7f7e6223f000-7f7e6224c000 r-xp 00000000 08:01 4204857                    /usr/lib/jvm/java-8-openjdk-amd64/jre/lib/amd64/jli/libjli.so
7f7e6224c000-7f7e6244c000 ---p 0000d000 08:01 4204857                    /usr/lib/jvm/java-8-openjdk-amd64/jre/lib/amd64/jli/libjli.so
7f7e6244c000-7f7e6244d000 r--p 0000d000 08:01 4204857                    /usr/lib/jvm/java-8-openjdk-amd64/jre/lib/amd64/jli/libjli.so
7f7e6244d000-7f7e6244e000 rw-p 0000e000 08:01 4204857                    /usr/lib/jvm/java-8-openjdk-amd64/jre/lib/amd64/jli/libjli.so
7f7e6244e000-7f7e62474000 r-xp 00000000 08:01 5247576                    /lib/x86_64-linux-gnu/ld-2.23.so
7f7e62474000-7f7e62475000 r--s 00007000 08:01 1052329                    /home/student/.m2/repository/org/easytesting/fest-util/1.2.5/fest-util-1.2.5.jar
7f7e62475000-7f7e62477000 r--s 00009000 08:01 1052320                    /home/student/.m2/repository/org/hamcrest/hamcrest-core/1.3/hamcrest-core-1.3.jar
7f7e62477000-7f7e6247d000 r--s 0003b000 08:01 4204824                    /usr/lib/jvm/java-8-openjdk-amd64/jre/lib/ext/sunjce_provider.jar
7f7e6247d000-7f7e6247e000 r--s 0000a000 08:01 4204827                    /usr/lib/jvm/java-8-openjdk-amd64/jre/lib/ext/jaccess.jar
7f7e6247e000-7f7e6247f000 r--s 00010000 08:01 4204820                    /usr/lib/jvm/java-8-openjdk-amd64/jre/lib/ext/zipfs.jar
7f7e6247f000-7f7e62481000 r--s 00001000 08:01 4204821                    /usr/lib/jvm/java-8-openjdk-amd64/jre/lib/ext/dnsns.jar
7f7e62481000-7f7e62483000 r--s 00008000 08:01 4204819                    /usr/lib/jvm/java-8-openjdk-amd64/jre/lib/ext/sunec.jar
7f7e62483000-7f7e62553000 rw-p 00000000 00:00 0 
7f7e62553000-7f7e62556000 ---p 00000000 00:00 0 
7f7e62556000-7f7e62658000 rw-p 00000000 00:00 0 
7f7e62658000-7f7e6265b000 r--s 00038000 08:01 4204822                    /usr/lib/jvm/java-8-openjdk-amd64/jre/lib/ext/sunpkcs11.jar
7f7e6265b000-7f7e62665000 r--s 00116000 08:01 4204828                    /usr/lib/jvm/java-8-openjdk-amd64/jre/lib/ext/localedata.jar
7f7e62665000-7f7e62668000 r--s 0000f000 08:01 4204825                    /usr/lib/jvm/java-8-openjdk-amd64/jre/lib/ext/icedtea-sound.jar
7f7e62668000-7f7e62670000 rw-s 00000000 08:01 3287569                    /tmp/hsperfdata_student/27972
7f7e62670000-7f7e62671000 rw-p 00000000 00:00 0 
7f7e62671000-7f7e62672000 ---p 00000000 00:00 0 
7f7e62672000-7f7e62673000 rw-p 00000000 00:00 0 
7f7e62673000-7f7e62674000 r--p 00025000 08:01 5247576                    /lib/x86_64-linux-gnu/ld-2.23.so
7f7e62674000-7f7e62675000 rw-p 00026000 08:01 5247576                    /lib/x86_64-linux-gnu/ld-2.23.so
7f7e62675000-7f7e62676000 rw-p 00000000 00:00 0 
7ffd1fcfc000-7ffd1fd1d000 rw-p 00000000 00:00 0                          [stack]
7ffd1fd7a000-7ffd1fd7d000 r--p 00000000 00:00 0                          [vvar]
7ffd1fd7d000-7ffd1fd7f000 r-xp 00000000 00:00 0                          [vdso]
ffffffffff600000-ffffffffff601000 r-xp 00000000 00:00 0                  [vsyscall]

VM Arguments:
jvm_args: -javaagent:/home/student/Downloads/eclipse/configuration/org.eclipse.osgi/1081/0/.cp/jacocoagent.jar=includes=*,excludes=,exclclassloader=sun.reflect.DelegatingClassLoader,output=tcpclient,port=44375 -ea -Dfile.encoding=UTF-8 
java_command: org.eclipse.jdt.internal.junit.runner.RemoteTestRunner -version 3 -port 41769 -testLoaderClass org.eclipse.jdt.internal.junit4.runner.JUnit4TestLoader -loaderpluginname org.eclipse.jdt.junit4.runtime -classNames org.espeakng.jeditor.gui.AllTests
java_class_path (initial): /home/student/Documents/code/ESpeak/target/test-classes:/home/student/Documents/code/ESpeak/target/classes:/home/student/.m2/repository/junit/junit/4.12/junit-4.12.jar:/home/student/.m2/repository/org/hamcrest/hamcrest-core/1.3/hamcrest-core-1.3.jar:/home/student/.m2/repository/log4j/log4j/1.2.17/log4j-1.2.17.jar:/home/student/.m2/repository/org/assertj/assertj-swing-junit/3.8.0/assertj-swing-junit-3.8.0.jar:/home/student/.m2/repository/org/assertj/assertj-swing/3.8.0/assertj-swing-3.8.0.jar:/home/student/.m2/repository/org/assertj/assertj-core/3.8.0/assertj-core-3.8.0.jar:/home/student/.m2/repository/org/easytesting/fest-util/1.2.5/fest-util-1.2.5.jar:/home/student/.m2/repository/org/easytesting/fest-reflect/1.4.1/fest-reflect-1.4.1.jar:/home/student/Downloads/eclipse/configuration/org.eclipse.osgi/387/0/.cp/:/home/student/Downloads/eclipse/configuration/org.eclipse.osgi/386/0/.cp/:/home/student/Downloads/eclipse/configuration/org.eclipse.osgi/1081/0/.cp/jacocoagent.jar
Launcher Type: SUN_STANDARD

Environment Variables:
PATH=/home/student/bin:/home/student/.local/bin:/usr/local/sbin:/usr/local/bin:/usr/sbin:/usr/bin:/sbin:/bin:/usr/games:/usr/local/games
SHELL=/bin/bash
DISPLAY=:0

Signal Handlers:
SIGSEGV: [libjvm.so+0xa6e6f0], sa_mask[0]=11111111011111111101111111111110, sa_flags=SA_RESTART|SA_SIGINFO
SIGBUS: [libjvm.so+0xa6e6f0], sa_mask[0]=11111111011111111101111111111110, sa_flags=SA_RESTART|SA_SIGINFO
SIGFPE: [libjvm.so+0x8b5d50], sa_mask[0]=11111111011111111101111111111110, sa_flags=SA_RESTART|SA_SIGINFO
SIGPIPE: [libjvm.so+0x8b5d50], sa_mask[0]=11111111011111111101111111111110, sa_flags=SA_RESTART|SA_SIGINFO
SIGXFSZ: [libjvm.so+0x8b5d50], sa_mask[0]=11111111011111111101111111111110, sa_flags=SA_RESTART|SA_SIGINFO
SIGILL: [libjvm.so+0x8b5d50], sa_mask[0]=11111111011111111101111111111110, sa_flags=SA_RESTART|SA_SIGINFO
SIGUSR1: SIG_DFL, sa_mask[0]=00000000000000000000000000000000, sa_flags=none
SIGUSR2: [libjvm.so+0x8b5c00], sa_mask[0]=00100000000000000000000000000000, sa_flags=SA_RESTART|SA_SIGINFO
SIGHUP: [libjvm.so+0x8b60d0], sa_mask[0]=11111111011111111101111111111110, sa_flags=SA_RESTART|SA_SIGINFO
SIGINT: [libjvm.so+0x8b60d0], sa_mask[0]=11111111011111111101111111111110, sa_flags=SA_RESTART|SA_SIGINFO
SIGTERM: [libjvm.so+0x8b60d0], sa_mask[0]=11111111011111111101111111111110, sa_flags=SA_RESTART|SA_SIGINFO
SIGQUIT: [libjvm.so+0x8b60d0], sa_mask[0]=11111111011111111101111111111110, sa_flags=SA_RESTART|SA_SIGINFO


---------------  S Y S T E M  ---------------

OS:DISTRIB_ID=Ubuntu
DISTRIB_RELEASE=16.04
DISTRIB_CODENAME=xenial
DISTRIB_DESCRIPTION="Ubuntu 16.04.4 LTS"

uname:Linux 4.15.0-24-generic #26~16.04.1-Ubuntu SMP Fri Jun 15 14:35:08 UTC 2018 x86_64
libc:glibc 2.23 NPTL 2.23 
rlimit: STACK 8192k, CORE 0k, NPROC 31261, NOFILE 1048576, AS infinity
load average:0,90 0,62 0,63

/proc/meminfo:
MemTotal:        8060752 kB
MemFree:         3434700 kB
MemAvailable:    5025264 kB
Buffers:          198492 kB
Cached:          1659052 kB
SwapCached:            0 kB
Active:          3702212 kB
Inactive:         626556 kB
Active(anon):    2473864 kB
Inactive(anon):   130720 kB
Active(file):    1228348 kB
Inactive(file):   495836 kB
Unevictable:          80 kB
Mlocked:              80 kB
SwapTotal:       8281084 kB
SwapFree:        8281084 kB
Dirty:                76 kB
Writeback:             0 kB
AnonPages:       2471292 kB
Mapped:           445304 kB
Shmem:            133364 kB
Slab:             208728 kB
SReclaimable:     170600 kB
SUnreclaim:        38128 kB
KernelStack:        9728 kB
PageTables:        30480 kB
NFS_Unstable:          0 kB
Bounce:                0 kB
WritebackTmp:          0 kB
CommitLimit:    12311460 kB
Committed_AS:    6282352 kB
VmallocTotal:   34359738367 kB
VmallocUsed:           0 kB
VmallocChunk:          0 kB
HardwareCorrupted:     0 kB
AnonHugePages:         0 kB
ShmemHugePages:        0 kB
ShmemPmdMapped:        0 kB
CmaTotal:              0 kB
CmaFree:               0 kB
HugePages_Total:       0
HugePages_Free:        0
HugePages_Rsvd:        0
HugePages_Surp:        0
Hugepagesize:       2048 kB
DirectMap4k:      101840 kB
DirectMap2M:     8181760 kB


CPU:total 4 (initial active 4) (2 cores per cpu, 2 threads per core) family 6 model 42 stepping 7, cmov, cx8, fxsr, mmx, sse, sse2, sse3, ssse3, sse4.1, sse4.2, popcnt, avx, aes, clmul, ht, tsc, tscinvbit

/proc/cpuinfo:
processor	: 0
vendor_id	: GenuineIntel
cpu family	: 6
model		: 42
model name	: Intel(R) Core(TM) i5-2410M CPU @ 2.30GHz
stepping	: 7
microcode	: 0x2d
cpu MHz		: 2890.556
cache size	: 3072 KB
physical id	: 0
siblings	: 4
core id		: 0
cpu cores	: 2
apicid		: 0
initial apicid	: 0
fpu		: yes
fpu_exception	: yes
cpuid level	: 13
wp		: yes
flags		: fpu vme de pse tsc msr pae mce cx8 apic sep mtrr pge mca cmov pat pse36 clflush dts acpi mmx fxsr sse sse2 ss ht tm pbe syscall nx rdtscp lm constant_tsc arch_perfmon pebs bts rep_good nopl xtopology nonstop_tsc cpuid aperfmperf pni pclmulqdq dtes64 monitor ds_cpl vmx est tm2 ssse3 cx16 xtpr pdcm pcid sse4_1 sse4_2 x2apic popcnt tsc_deadline_timer aes xsave avx lahf_lm epb pti ibrs ibpb stibp tpr_shadow vnmi flexpriority ept vpid xsaveopt dtherm ida arat pln pts
bugs		: cpu_meltdown spectre_v1 spectre_v2 spec_store_bypass
bogomips	: 4589.56
clflush size	: 64
cache_alignment	: 64
address sizes	: 36 bits physical, 48 bits virtual
power management:

processor	: 1
vendor_id	: GenuineIntel
cpu family	: 6
model		: 42
model name	: Intel(R) Core(TM) i5-2410M CPU @ 2.30GHz
stepping	: 7
microcode	: 0x2d
cpu MHz		: 2693.478
cache size	: 3072 KB
physical id	: 0
siblings	: 4
core id		: 1
cpu cores	: 2
apicid		: 2
initial apicid	: 2
fpu		: yes
fpu_exception	: yes
cpuid level	: 13
wp		: yes
flags		: fpu vme de pse tsc msr pae mce cx8 apic sep mtrr pge mca cmov pat pse36 clflush dts acpi mmx fxsr sse sse2 ss ht tm pbe syscall nx rdtscp lm constant_tsc arch_perfmon pebs bts rep_good nopl xtopology nonstop_tsc cpuid aperfmperf pni pclmulqdq dtes64 monitor ds_cpl vmx est tm2 ssse3 cx16 xtpr pdcm pcid sse4_1 sse4_2 x2apic popcnt tsc_deadline_timer aes xsave avx lahf_lm epb pti ibrs ibpb stibp tpr_shadow vnmi flexpriority ept vpid xsaveopt dtherm ida arat pln pts
bugs		: cpu_meltdown spectre_v1 spectre_v2 spec_store_bypass
bogomips	: 4589.56
clflush size	: 64
cache_alignment	: 64
address sizes	: 36 bits physical, 48 bits virtual
power management:

processor	: 2
vendor_id	: GenuineIntel
cpu family	: 6
model		: 42
model name	: Intel(R) Core(TM) i5-2410M CPU @ 2.30GHz
stepping	: 7
microcode	: 0x2d
cpu MHz		: 2866.705
cache size	: 3072 KB
physical id	: 0
siblings	: 4
core id		: 0
cpu cores	: 2
apicid		: 1
initial apicid	: 1
fpu		: yes
fpu_exception	: yes
cpuid level	: 13
wp		: yes
flags		: fpu vme de pse tsc msr pae mce cx8 apic sep mtrr pge mca cmov pat pse36 clflush dts acpi mmx fxsr sse sse2 ss ht tm pbe syscall nx rdtscp lm constant_tsc arch_perfmon pebs bts rep_good nopl xtopology nonstop_tsc cpuid aperfmperf pni pclmulqdq dtes64 monitor ds_cpl vmx est tm2 ssse3 cx16 xtpr pdcm pcid sse4_1 sse4_2 x2apic popcnt tsc_deadline_timer aes xsave avx lahf_lm epb pti ibrs ibpb stibp tpr_shadow vnmi flexpriority ept vpid xsaveopt dtherm ida arat pln pts
bugs		: cpu_meltdown spectre_v1 spectre_v2 spec_store_bypass
bogomips	: 4589.56
clflush size	: 64
cache_alignment	: 64
address sizes	: 36 bits physical, 48 bits virtual
power management:

processor	: 3
vendor_id	: GenuineIntel
cpu family	: 6
model		: 42
model name	: Intel(R) Core(TM) i5-2410M CPU @ 2.30GHz
stepping	: 7
microcode	: 0x2d
cpu MHz		: 2693.956
cache size	: 3072 KB
physical id	: 0
siblings	: 4
core id		: 1
cpu cores	: 2
apicid		: 3
initial apicid	: 3
fpu		: yes
fpu_exception	: yes
cpuid level	: 13
wp		: yes
flags		: fpu vme de pse tsc msr pae mce cx8 apic sep mtrr pge mca cmov pat pse36 clflush dts acpi mmx fxsr sse sse2 ss ht tm pbe syscall nx rdtscp lm constant_tsc arch_perfmon pebs bts rep_good nopl xtopology nonstop_tsc cpuid aperfmperf pni pclmulqdq dtes64 monitor ds_cpl vmx est tm2 ssse3 cx16 xtpr pdcm pcid sse4_1 sse4_2 x2apic popcnt tsc_deadline_timer aes xsave avx lahf_lm epb pti ibrs ibpb stibp tpr_shadow vnmi flexpriority ept vpid xsaveopt dtherm ida arat pln pts
bugs		: cpu_meltdown spectre_v1 spectre_v2 spec_store_bypass
bogomips	: 4589.56
clflush size	: 64
cache_alignment	: 64
address sizes	: 36 bits physical, 48 bits virtual
power management:



Memory: 4k page, physical 8060752k(3434636k free), swap 8281084k(8281084k free)

vm_info: OpenJDK 64-Bit Server VM (25.171-b11) for linux-amd64 JRE (1.8.0_171-8u171-b11-0ubuntu0.16.04.1-b11), built on Apr 27 2018 17:19:03 by "buildd" with gcc 5.4.0 20160609

time: Thu Jul 26 16:41:42 2018
elapsed time: 4 seconds (0d 0h 0m 4s)

