#
# A fatal error has been detected by the Java Runtime Environment:
#
#  SIGSEGV (0xb) at pc=0x00007f8d2798a7e6, pid=9024, tid=0x00007f8d29069700
#
# JRE version: OpenJDK Runtime Environment (8.0_121-b13) (build 1.8.0_121-8u121-b13-0ubuntu1.16.04.2-b13)
# Java VM: OpenJDK 64-Bit Server VM (25.121-b13 mixed mode linux-amd64 compressed oops)
# Problematic frame:
# V  [libjvm.so+0x6717e6]
#
# Failed to write core dump. Core dumps have been disabled. To enable core dumping, try "ulimit -c unlimited" before starting Java again
#
# If you would like to submit a bug report, please visit:
#   http://bugreport.java.com/bugreport/crash.jsp
#

---------------  T H R E A D  ---------------

Current thread (0x00007f8d2000a000):  JavaThread "main" [_thread_in_vm, id=9030, stack(0x00007f8d28f69000,0x00007f8d2906a000)]

siginfo: si_signo: 11 (SIGSEGV), si_code: 1 (SEGV_MAPERR), si_addr: 0x0000000000000000

Registers:
RAX=0x00007f8d27e010a0, RBX=0x00007f8d2000a000, RCX=0x0000000000000000, RDX=0x00007f8d2000a478
RSP=0x00007f8d29068890, RBP=0x00007f8d290688e0, RSI=0x0000000000000000, RDI=0x00007f8d2000a000
R8 =0x0000000000000000, R9 =0x00000000000000fe, R10=0x00007f8d2011ea80, R11=0xfffffffffffffffe
R12=0x00007f8d2000a1e0, R13=0x0000000000000000, R14=0x00007f8d200788a0, R15=0x0000000000000000
RIP=0x00007f8d2798a7e6, EFLAGS=0x0000000000010202, CSGSFS=0x0000000000000033, ERR=0x0000000000000004
  TRAPNO=0x000000000000000e

Top of Stack: (sp=0x00007f8d29068890)
0x00007f8d29068890:   00007f8d2000a000 00007f8d2000a470
0x00007f8d290688a0:   00000001000000c7 00007f8d27e010a0
0x00007f8d290688b0:   0000000000000000 8622bb27d6018200
0x00007f8d290688c0:   00007f8d2000a1e0 00007f8d2013a2c0
0x00007f8d290688d0:   00007f8d290689b0 00007f8d200788a0
0x00007f8d290688e0:   0000000000000000 00007f8cfd6b2b7d
0x00007f8d290688f0:   00007f8d290689b0 00007f8d2493f758
0x00007f8d29068900:   00007f8d29068988 0000000000000000
0x00007f8d29068910:   00007f8d2493f758 00007f8d290689b0
0x00007f8d29068920:   00007f8d2000a000 00007f8d110171d4
0x00007f8d29068930:   00007f8d29068988 00007f8d11016f67
0x00007f8d29068940:   00007f8d11016f22 00007f8d29068948
0x00007f8d29068950:   00007f8d2493f758 00007f8d290689b0
0x00007f8d29068960:   00007f8d2493f928 0000000000000000
0x00007f8d29068970:   00007f8d2493f758 0000000000000000
0x00007f8d29068980:   00007f8d290689a8 00007f8d290689f8
0x00007f8d29068990:   00007f8d11007a40 00000000ec7dce30
0x00007f8d290689a0:   00007f8d11011276 00000000ec7e1df0
0x00007f8d290689b0:   00000000ec7e1ca0 00007f8d290689b8
0x00007f8d290689c0:   00007f8d2493f836 00007f8d29068a18
0x00007f8d290689d0:   00007f8d2493f928 0000000000000000
0x00007f8d290689e0:   00007f8d2493f8d0 00007f8d290689a8
0x00007f8d290689f0:   00007f8d29068a18 00007f8d29068a80
0x00007f8d29068a00:   00007f8d110004e7 00000000ec7e1ca0
0x00007f8d29068a10:   00000000ec7e1470 00000000ec7e13c0
0x00007f8d29068a20:   0000000000001fa0 00007f8d2493f8d0
0x00007f8d29068a30:   00007f8d29068c70 00007f8d29068b20
0x00007f8d29068a40:   00007f8d2000a000 00007f8d2000a000
0x00007f8d29068a50:   00007f8d29068b20 00007f8d29068d38
0x00007f8d29068a60:   00007f8d0000000a 00007f8d2493f8d0
0x00007f8d29068a70:   00007f8d110129c0 00007f8d29068c78
0x00007f8d29068a80:   00007f8d29068ba0 00007f8d2797a61b 

Instructions: (pc=0x00007f8d2798a7e6)
0x00007f8d2798a7c6:   83 bc 24 28 fe ff ff 00 48 89 5d b0 48 c7 45 b8
0x00007f8d2798a7d6:   00 00 00 00 74 09 48 8d 7d b0 e8 6b 9f 29 00 90
0x00007f8d2798a7e6:   49 8b 7d 00 e8 11 3b ff ff 49 89 c5 48 8b 00 31
0x00007f8d2798a7f6:   f6 48 89 da 4c 89 ef ff 50 78 49 83 bc 24 28 fe 

Register to memory mapping:

RAX=0x00007f8d27e010a0: <offset 0xae80a0> in /usr/lib/jvm/java-8-openjdk-amd64/jre/lib/amd64/server/libjvm.so at 0x00007f8d27319000
RBX=0x00007f8d2000a000 is a thread
RCX=0x0000000000000000 is an unknown value
RDX=0x00007f8d2000a478 is an unknown value
RSP=0x00007f8d29068890 is pointing into the stack for thread: 0x00007f8d2000a000
RBP=0x00007f8d290688e0 is pointing into the stack for thread: 0x00007f8d2000a000
RSI=0x0000000000000000 is an unknown value
RDI=0x00007f8d2000a000 is a thread
R8 =0x0000000000000000 is an unknown value
R9 =0x00000000000000fe is an unknown value
R10=0x00007f8d2011ea80 is an unknown value
R11=0xfffffffffffffffe is an unknown value
R12=0x00007f8d2000a1e0 is an unknown value
R13=0x0000000000000000 is an unknown value
R14=0x00007f8d200788a0 is an unknown value
R15=0x0000000000000000 is an unknown value


Stack: [0x00007f8d28f69000,0x00007f8d2906a000],  sp=0x00007f8d29068890,  free space=1022k
Native frames: (J=compiled Java code, j=interpreted, Vv=VM code, C=native code)
V  [libjvm.so+0x6717e6]
C  [libespeakservice.so+0xb7d]  Java_eSpeakServices_ESpeakService_nativeGetSpectSeq+0x15e

Java frames: (J=compiled Java code, j=interpreted, Vv=VM code)
j  eSpeakServices.ESpeakService.nativeGetSpectSeq(LdataStructure/eSpeakStructure/SpectSeq;Ljava/lang/String;)I+0
j  eSpeakServices.ESpeakService.main([Ljava/lang/String;)V+70
v  ~StubRoutines::call_stub

---------------  P R O C E S S  ---------------

Java Threads: ( => current thread )
  0x00007f8d200c2000 JavaThread "Service Thread" daemon [_thread_blocked, id=9042, stack(0x00007f8cfd9b7000,0x00007f8cfdab8000)]
  0x00007f8d200b2800 JavaThread "C1 CompilerThread2" daemon [_thread_blocked, id=9041, stack(0x00007f8cfdab8000,0x00007f8cfdbb9000)]
  0x00007f8d200b1000 JavaThread "C2 CompilerThread1" daemon [_thread_blocked, id=9040, stack(0x00007f8cfdbb9000,0x00007f8cfdcba000)]
  0x00007f8d200ae000 JavaThread "C2 CompilerThread0" daemon [_thread_blocked, id=9039, stack(0x00007f8cfdcba000,0x00007f8cfddbb000)]
  0x00007f8d200ac000 JavaThread "Signal Dispatcher" daemon [_thread_blocked, id=9038, stack(0x00007f8cfddbb000,0x00007f8cfdebc000)]
  0x00007f8d20083800 JavaThread "Finalizer" daemon [_thread_blocked, id=9037, stack(0x00007f8cfe1af000,0x00007f8cfe2b0000)]
  0x00007f8d2007f000 JavaThread "Reference Handler" daemon [_thread_blocked, id=9036, stack(0x00007f8d100f1000,0x00007f8d101f2000)]
=>0x00007f8d2000a000 JavaThread "main" [_thread_in_vm, id=9030, stack(0x00007f8d28f69000,0x00007f8d2906a000)]

Other Threads:
  0x00007f8d20077000 VMThread [stack: 0x00007f8d101f2000,0x00007f8d102f3000] [id=9035]
  0x00007f8d200c4800 WatcherThread [stack: 0x00007f8cfd8b6000,0x00007f8cfd9b7000] [id=9043]

VM state:not at safepoint (normal execution)

VM Mutex/Monitor currently owned by a thread: None

Heap:
 PSYoungGen      total 17920K, used 614K [0x00000000ec780000, 0x00000000edb80000, 0x0000000100000000)
  eden space 15360K, 4% used [0x00000000ec780000,0x00000000ec8199c8,0x00000000ed680000)
  from space 2560K, 0% used [0x00000000ed900000,0x00000000ed900000,0x00000000edb80000)
  to   space 2560K, 0% used [0x00000000ed680000,0x00000000ed680000,0x00000000ed900000)
 ParOldGen       total 40960K, used 0K [0x00000000c5600000, 0x00000000c7e00000, 0x00000000ec780000)
  object space 40960K, 0% used [0x00000000c5600000,0x00000000c5600000,0x00000000c7e00000)
 Metaspace       used 2556K, capacity 4486K, committed 4864K, reserved 1056768K
  class space    used 269K, capacity 386K, committed 512K, reserved 1048576K

Card table byte_map: [0x00007f8d25451000,0x00007f8d25627000] byte_map_base: 0x00007f8d24e26000

Marking Bits: (ParMarkBitMap*) 0x00007f8d28237220
 Begin Bits: [0x00007f8cfe2b0000, 0x00007f8cff158000)
 End Bits:   [0x00007f8cff158000, 0x00007f8d00000000)

Polling page: 0x00007f8d29089000

CodeCache: size=245760Kb used=1084Kb max_used=1084Kb free=244675Kb
 bounds [0x00007f8d11000000, 0x00007f8d11270000, 0x00007f8d20000000]
 total_blobs=244 nmethods=16 adapters=145
 compilation: enabled

Compilation events (10 events):
Event: 0,062 Thread 0x00007f8d200b2800   12       1       java.lang.ThreadLocal::access$400 (5 bytes)
Event: 0,062 Thread 0x00007f8d200b2800 nmethod 12 0x00007f8d1110c950 code [0x00007f8d1110caa0, 0x00007f8d1110cb90]
Event: 0,065 Thread 0x00007f8d200b2800   13       3       java.lang.AbstractStringBuilder::append (50 bytes)
Event: 0,066 Thread 0x00007f8d200b2800 nmethod 13 0x00007f8d1110cc10 code [0x00007f8d1110cde0, 0x00007f8d1110d518]
Event: 0,066 Thread 0x00007f8d200b2800   14       3       java.lang.String::getChars (62 bytes)
Event: 0,066 Thread 0x00007f8d200b2800 nmethod 14 0x00007f8d1110d810 code [0x00007f8d1110d9c0, 0x00007f8d1110ddf8]
Event: 0,067 Thread 0x00007f8d200b2800   15       3       java.lang.System::getSecurityManager (4 bytes)
Event: 0,067 Thread 0x00007f8d200b2800 nmethod 15 0x00007f8d1110e010 code [0x00007f8d1110e160, 0x00007f8d1110e290]
Event: 0,071 Thread 0x00007f8d200b2800   16       3       sun.nio.cs.UTF_8$Encoder::encode (359 bytes)
Event: 0,072 Thread 0x00007f8d200b2800 nmethod 16 0x00007f8d1110e310 code [0x00007f8d1110e500, 0x00007f8d1110f018]

GC Heap History (0 events):
No events

Deoptimization events (0 events):
No events

Internal exceptions (3 events):
Event: 0,023 Thread 0x00007f8d2000a000 Exception <a 'java/lang/NoSuchMethodError': Method sun.misc.Unsafe.defineClass(Ljava/lang/String;[BII)Ljava/lang/Class; name or signature does not match> (0x00000000ec787ca8) thrown at [/build/openjdk-8-YiEakL/openjdk-8-8u121-b13/src/hotspot/src/share/vm/
Event: 0,023 Thread 0x00007f8d2000a000 Exception <a 'java/lang/NoSuchMethodError': Method sun.misc.Unsafe.prefetchRead(Ljava/lang/Object;J)V name or signature does not match> (0x00000000ec787f90) thrown at [/build/openjdk-8-YiEakL/openjdk-8-8u121-b13/src/hotspot/src/share/vm/prims/jni.cpp, lin
Event: 0,071 Thread 0x00007f8d2000a000 Exception <a 'java/lang/NoClassDefFoundError': /eSpeak-Jedit/src/dataStructure/eSpeakStructure/SpectFrame.java> (0x00000000ec7e41f0) thrown at [/build/openjdk-8-YiEakL/openjdk-8-8u121-b13/src/hotspot/src/share/vm/classfile/systemDictionary.cpp, line 199]

Events (10 events):
Event: 0,070 loading class java/nio/HeapCharBuffer
Event: 0,070 loading class java/nio/HeapCharBuffer done
Event: 0,070 loading class java/nio/charset/CoderResult
Event: 0,070 loading class java/nio/charset/CoderResult done
Event: 0,070 loading class java/nio/charset/CoderResult$1
Event: 0,070 loading class java/nio/charset/CoderResult$Cache
Event: 0,070 loading class java/nio/charset/CoderResult$Cache done
Event: 0,070 loading class java/nio/charset/CoderResult$1 done
Event: 0,070 loading class java/nio/charset/CoderResult$2
Event: 0,070 loading class java/nio/charset/CoderResult$2 done


Dynamic libraries:
00400000-00401000 r-xp 00000000 08:01 13238473                           /usr/lib/jvm/java-8-openjdk-amd64/jre/bin/java
00600000-00601000 r--p 00000000 08:01 13238473                           /usr/lib/jvm/java-8-openjdk-amd64/jre/bin/java
00601000-00602000 rw-p 00001000 08:01 13238473                           /usr/lib/jvm/java-8-openjdk-amd64/jre/bin/java
00743000-00764000 rw-p 00000000 00:00 0                                  [heap]
c5600000-c7e00000 rw-p 00000000 00:00 0 
c7e00000-ec780000 ---p 00000000 00:00 0 
ec780000-edb80000 rw-p 00000000 00:00 0 
edb80000-100000000 ---p 00000000 00:00 0 
100000000-100080000 rw-p 00000000 00:00 0 
100080000-140000000 ---p 00000000 00:00 0 
7f8cd5c44000-7f8cd5c6e000 r-xp 00000000 08:01 9967606                    /usr/lib/x86_64-linux-gnu/libvorbis.so.0.4.8
7f8cd5c6e000-7f8cd5e6e000 ---p 0002a000 08:01 9967606                    /usr/lib/x86_64-linux-gnu/libvorbis.so.0.4.8
7f8cd5e6e000-7f8cd5e6f000 r--p 0002a000 08:01 9967606                    /usr/lib/x86_64-linux-gnu/libvorbis.so.0.4.8
7f8cd5e6f000-7f8cd5e70000 rw-p 0002b000 08:01 9967606                    /usr/lib/x86_64-linux-gnu/libvorbis.so.0.4.8
7f8cd5e70000-7f8cd5e77000 r-xp 00000000 08:01 9967344                    /usr/lib/x86_64-linux-gnu/libogg.so.0.8.2
7f8cd5e77000-7f8cd6077000 ---p 00007000 08:01 9967344                    /usr/lib/x86_64-linux-gnu/libogg.so.0.8.2
7f8cd6077000-7f8cd6078000 r--p 00007000 08:01 9967344                    /usr/lib/x86_64-linux-gnu/libogg.so.0.8.2
7f8cd6078000-7f8cd6079000 rw-p 00008000 08:01 9967344                    /usr/lib/x86_64-linux-gnu/libogg.so.0.8.2
7f8cd6079000-7f8cd608b000 r-xp 00000000 08:01 13635979                   /lib/x86_64-linux-gnu/libgpg-error.so.0.17.0
7f8cd608b000-7f8cd628b000 ---p 00012000 08:01 13635979                   /lib/x86_64-linux-gnu/libgpg-error.so.0.17.0
7f8cd628b000-7f8cd628c000 r--p 00012000 08:01 13635979                   /lib/x86_64-linux-gnu/libgpg-error.so.0.17.0
7f8cd628c000-7f8cd628d000 rw-p 00013000 08:01 13635979                   /lib/x86_64-linux-gnu/libgpg-error.so.0.17.0
7f8cd628d000-7f8cd62fb000 r-xp 00000000 08:01 13636056                   /lib/x86_64-linux-gnu/libpcre.so.3.13.2
7f8cd62fb000-7f8cd64fb000 ---p 0006e000 08:01 13636056                   /lib/x86_64-linux-gnu/libpcre.so.3.13.2
7f8cd64fb000-7f8cd64fc000 r--p 0006e000 08:01 13636056                   /lib/x86_64-linux-gnu/libpcre.so.3.13.2
7f8cd64fc000-7f8cd64fd000 rw-p 0006f000 08:01 13636056                   /lib/x86_64-linux-gnu/libpcre.so.3.13.2
7f8cd64fd000-7f8cd6514000 r-xp 00000000 08:01 13635954                   /lib/x86_64-linux-gnu/libresolv-2.23.so
7f8cd6514000-7f8cd6714000 ---p 00017000 08:01 13635954                   /lib/x86_64-linux-gnu/libresolv-2.23.so
7f8cd6714000-7f8cd6715000 r--p 00017000 08:01 13635954                   /lib/x86_64-linux-gnu/libresolv-2.23.so
7f8cd6715000-7f8cd6716000 rw-p 00018000 08:01 13635954                   /lib/x86_64-linux-gnu/libresolv-2.23.so
7f8cd6716000-7f8cd6718000 rw-p 00000000 00:00 0 
7f8cd6718000-7f8cd67a5000 r-xp 00000000 08:01 9967608                    /usr/lib/x86_64-linux-gnu/libvorbisenc.so.2.0.11
7f8cd67a5000-7f8cd69a4000 ---p 0008d000 08:01 9967608                    /usr/lib/x86_64-linux-gnu/libvorbisenc.so.2.0.11
7f8cd69a4000-7f8cd69c0000 r--p 0008c000 08:01 9967608                    /usr/lib/x86_64-linux-gnu/libvorbisenc.so.2.0.11
7f8cd69c0000-7f8cd69c1000 rw-p 000a8000 08:01 9967608                    /usr/lib/x86_64-linux-gnu/libvorbisenc.so.2.0.11
7f8cd69c1000-7f8cd6a34000 r-xp 00000000 08:01 9966605                    /usr/lib/x86_64-linux-gnu/libFLAC.so.8.3.0
7f8cd6a34000-7f8cd6c34000 ---p 00073000 08:01 9966605                    /usr/lib/x86_64-linux-gnu/libFLAC.so.8.3.0
7f8cd6c34000-7f8cd6c35000 r--p 00073000 08:01 9966605                    /usr/lib/x86_64-linux-gnu/libFLAC.so.8.3.0
7f8cd6c35000-7f8cd6c36000 rw-p 00074000 08:01 9966605                    /usr/lib/x86_64-linux-gnu/libFLAC.so.8.3.0
7f8cd6c36000-7f8cd6d0e000 r-xp 00000000 08:01 13631513                   /lib/x86_64-linux-gnu/libgcrypt.so.20.0.5
7f8cd6d0e000-7f8cd6f0d000 ---p 000d8000 08:01 13631513                   /lib/x86_64-linux-gnu/libgcrypt.so.20.0.5
7f8cd6f0d000-7f8cd6f0e000 r--p 000d7000 08:01 13631513                   /lib/x86_64-linux-gnu/libgcrypt.so.20.0.5
7f8cd6f0e000-7f8cd6f16000 rw-p 000d8000 08:01 13631513                   /lib/x86_64-linux-gnu/libgcrypt.so.20.0.5
7f8cd6f16000-7f8cd6f17000 rw-p 00000000 00:00 0 
7f8cd6f17000-7f8cd6f38000 r-xp 00000000 08:01 13636002                   /lib/x86_64-linux-gnu/liblzma.so.5.0.0
7f8cd6f38000-7f8cd7137000 ---p 00021000 08:01 13636002                   /lib/x86_64-linux-gnu/liblzma.so.5.0.0
7f8cd7137000-7f8cd7138000 r--p 00020000 08:01 13636002                   /lib/x86_64-linux-gnu/liblzma.so.5.0.0
7f8cd7138000-7f8cd7139000 rw-p 00021000 08:01 13636002                   /lib/x86_64-linux-gnu/liblzma.so.5.0.0
7f8cd7139000-7f8cd7158000 r-xp 00000000 08:01 13636085                   /lib/x86_64-linux-gnu/libselinux.so.1
7f8cd7158000-7f8cd7357000 ---p 0001f000 08:01 13636085                   /lib/x86_64-linux-gnu/libselinux.so.1
7f8cd7357000-7f8cd7358000 r--p 0001e000 08:01 13636085                   /lib/x86_64-linux-gnu/libselinux.so.1
7f8cd7358000-7f8cd7359000 rw-p 0001f000 08:01 13636085                   /lib/x86_64-linux-gnu/libselinux.so.1
7f8cd7359000-7f8cd735b000 rw-p 00000000 00:00 0 
7f8cd735b000-7f8cd7360000 r-xp 00000000 08:01 9966644                    /usr/lib/x86_64-linux-gnu/libXdmcp.so.6.0.0
7f8cd7360000-7f8cd755f000 ---p 00005000 08:01 9966644                    /usr/lib/x86_64-linux-gnu/libXdmcp.so.6.0.0
7f8cd755f000-7f8cd7560000 r--p 00004000 08:01 9966644                    /usr/lib/x86_64-linux-gnu/libXdmcp.so.6.0.0
7f8cd7560000-7f8cd7561000 rw-p 00005000 08:01 9966644                    /usr/lib/x86_64-linux-gnu/libXdmcp.so.6.0.0
7f8cd7561000-7f8cd7563000 r-xp 00000000 08:01 9966633                    /usr/lib/x86_64-linux-gnu/libXau.so.6.0.0
7f8cd7563000-7f8cd7763000 ---p 00002000 08:01 9966633                    /usr/lib/x86_64-linux-gnu/libXau.so.6.0.0
7f8cd7763000-7f8cd7764000 r--p 00002000 08:01 9966633                    /usr/lib/x86_64-linux-gnu/libXau.so.6.0.0
7f8cd7764000-7f8cd7765000 rw-p 00003000 08:01 9966633                    /usr/lib/x86_64-linux-gnu/libXau.so.6.0.0
7f8cd7765000-7f8cd776a000 r-xp 00000000 08:01 9966714                    /usr/lib/x86_64-linux-gnu/libasyncns.so.0.3.1
7f8cd776a000-7f8cd7969000 ---p 00005000 08:01 9966714                    /usr/lib/x86_64-linux-gnu/libasyncns.so.0.3.1
7f8cd7969000-7f8cd796a000 r--p 00004000 08:01 9966714                    /usr/lib/x86_64-linux-gnu/libasyncns.so.0.3.1
7f8cd796a000-7f8cd796b000 rw-p 00005000 08:01 9966714                    /usr/lib/x86_64-linux-gnu/libasyncns.so.0.3.1
7f8cd796b000-7f8cd79cd000 r-xp 00000000 08:01 9967506                    /usr/lib/x86_64-linux-gnu/libsndfile.so.1.0.25
7f8cd79cd000-7f8cd7bcd000 ---p 00062000 08:01 9967506                    /usr/lib/x86_64-linux-gnu/libsndfile.so.1.0.25
7f8cd7bcd000-7f8cd7bcf000 r--p 00062000 08:01 9967506                    /usr/lib/x86_64-linux-gnu/libsndfile.so.1.0.25
7f8cd7bcf000-7f8cd7bd0000 rw-p 00064000 08:01 9967506                    /usr/lib/x86_64-linux-gnu/libsndfile.so.1.0.25
7f8cd7bd0000-7f8cd7bd4000 rw-p 00000000 00:00 0 
7f8cd7bd4000-7f8cd7bdc000 r-xp 00000000 08:01 13636113                   /lib/x86_64-linux-gnu/libwrap.so.0.7.6
7f8cd7bdc000-7f8cd7ddb000 ---p 00008000 08:01 13636113                   /lib/x86_64-linux-gnu/libwrap.so.0.7.6
7f8cd7ddb000-7f8cd7ddc000 r--p 00007000 08:01 13636113                   /lib/x86_64-linux-gnu/libwrap.so.0.7.6
7f8cd7ddc000-7f8cd7ddd000 rw-p 00008000 08:01 13636113                   /lib/x86_64-linux-gnu/libwrap.so.0.7.6
7f8cd7ddd000-7f8cd7dde000 rw-p 00000000 00:00 0 
7f8cd7dde000-7f8cd7dff000 r-xp 00000000 08:01 9967683                    /usr/lib/x86_64-linux-gnu/libxcb.so.1.1.0
7f8cd7dff000-7f8cd7ffe000 ---p 00021000 08:01 9967683                    /usr/lib/x86_64-linux-gnu/libxcb.so.1.1.0
7f8cd7ffe000-7f8cd7fff000 r--p 00020000 08:01 9967683                    /usr/lib/x86_64-linux-gnu/libxcb.so.1.1.0
7f8cd7fff000-7f8cd8000000 rw-p 00021000 08:01 9967683                    /usr/lib/x86_64-linux-gnu/libxcb.so.1.1.0
7f8cd8000000-7f8cd8021000 rw-p 00000000 00:00 0 
7f8cd8021000-7f8cdc000000 ---p 00000000 00:00 0 
7f8cdc000000-7f8cdc021000 rw-p 00000000 00:00 0 
7f8cdc021000-7f8ce0000000 ---p 00000000 00:00 0 
7f8ce0000000-7f8ce0021000 rw-p 00000000 00:00 0 
7f8ce0021000-7f8ce4000000 ---p 00000000 00:00 0 
7f8ce4000000-7f8ce402d000 rw-p 00000000 00:00 0 
7f8ce402d000-7f8ce8000000 ---p 00000000 00:00 0 
7f8ce8000000-7f8ce8021000 rw-p 00000000 00:00 0 
7f8ce8021000-7f8cec000000 ---p 00000000 00:00 0 
7f8cec000000-7f8cec046000 rw-p 00000000 00:00 0 
7f8cec046000-7f8cf0000000 ---p 00000000 00:00 0 
7f8cf0000000-7f8cf0021000 rw-p 00000000 00:00 0 
7f8cf0021000-7f8cf4000000 ---p 00000000 00:00 0 
7f8cf4000000-7f8cf4021000 rw-p 00000000 00:00 0 
7f8cf4021000-7f8cf8000000 ---p 00000000 00:00 0 
7f8cf8000000-7f8cf8021000 rw-p 00000000 00:00 0 
7f8cf8021000-7f8cfc000000 ---p 00000000 00:00 0 
7f8cfc1d3000-7f8cfc21d000 r-xp 00000000 08:01 13635912                   /lib/x86_64-linux-gnu/libdbus-1.so.3.14.6
7f8cfc21d000-7f8cfc41d000 ---p 0004a000 08:01 13635912                   /lib/x86_64-linux-gnu/libdbus-1.so.3.14.6
7f8cfc41d000-7f8cfc41e000 r--p 0004a000 08:01 13635912                   /lib/x86_64-linux-gnu/libdbus-1.so.3.14.6
7f8cfc41e000-7f8cfc41f000 rw-p 0004b000 08:01 13635912                   /lib/x86_64-linux-gnu/libdbus-1.so.3.14.6
7f8cfc41f000-7f8cfc429000 r-xp 00000000 08:01 13635994                   /lib/x86_64-linux-gnu/libjson-c.so.2.0.0
7f8cfc429000-7f8cfc628000 ---p 0000a000 08:01 13635994                   /lib/x86_64-linux-gnu/libjson-c.so.2.0.0
7f8cfc628000-7f8cfc629000 r--p 00009000 08:01 13635994                   /lib/x86_64-linux-gnu/libjson-c.so.2.0.0
7f8cfc629000-7f8cfc62a000 rw-p 0000a000 08:01 13635994                   /lib/x86_64-linux-gnu/libjson-c.so.2.0.0
7f8cfc62a000-7f8cfc6a4000 r-xp 00000000 08:01 10093801                   /usr/lib/x86_64-linux-gnu/pulseaudio/libpulsecommon-8.0.so
7f8cfc6a4000-7f8cfc8a3000 ---p 0007a000 08:01 10093801                   /usr/lib/x86_64-linux-gnu/pulseaudio/libpulsecommon-8.0.so
7f8cfc8a3000-7f8cfc8a4000 r--p 00079000 08:01 10093801                   /usr/lib/x86_64-linux-gnu/pulseaudio/libpulsecommon-8.0.so
7f8cfc8a4000-7f8cfc8a5000 rw-p 0007a000 08:01 10093801                   /usr/lib/x86_64-linux-gnu/pulseaudio/libpulsecommon-8.0.so
7f8cfc8a5000-7f8cfc8f3000 r-xp 00000000 08:01 9964826                    /usr/lib/x86_64-linux-gnu/libpulse.so.0.19.0
7f8cfc8f3000-7f8cfcaf3000 ---p 0004e000 08:01 9964826                    /usr/lib/x86_64-linux-gnu/libpulse.so.0.19.0
7f8cfcaf3000-7f8cfcaf4000 r--p 0004e000 08:01 9964826                    /usr/lib/x86_64-linux-gnu/libpulse.so.0.19.0
7f8cfcaf4000-7f8cfcaf5000 rw-p 0004f000 08:01 9964826                    /usr/lib/x86_64-linux-gnu/libpulse.so.0.19.0
7f8cfcaf5000-7f8cfcaf8000 r-xp 00000000 08:01 9964827                    /usr/lib/x86_64-linux-gnu/libpulse-simple.so.0.1.0
7f8cfcaf8000-7f8cfccf8000 ---p 00003000 08:01 9964827                    /usr/lib/x86_64-linux-gnu/libpulse-simple.so.0.1.0
7f8cfccf8000-7f8cfccf9000 r--p 00003000 08:01 9964827                    /usr/lib/x86_64-linux-gnu/libpulse-simple.so.0.1.0
7f8cfccf9000-7f8cfccfa000 rw-p 00004000 08:01 9964827                    /usr/lib/x86_64-linux-gnu/libpulse-simple.so.0.1.0
7f8cfccfa000-7f8cfcdf3000 r-xp 00000000 08:01 9966704                    /usr/lib/x86_64-linux-gnu/libasound.so.2.0.0
7f8cfcdf3000-7f8cfcff2000 ---p 000f9000 08:01 9966704                    /usr/lib/x86_64-linux-gnu/libasound.so.2.0.0
7f8cfcff2000-7f8cfcff9000 r--p 000f8000 08:01 9966704                    /usr/lib/x86_64-linux-gnu/libasound.so.2.0.0
7f8cfcff9000-7f8cfcffa000 rw-p 000ff000 08:01 9966704                    /usr/lib/x86_64-linux-gnu/libasound.so.2.0.0
7f8cfcffa000-7f8cfcfff000 r-xp 00000000 08:01 9975688                    /usr/lib/x86_64-linux-gnu/libsonic.so.0.2.0
7f8cfcfff000-7f8cfd1ff000 ---p 00005000 08:01 9975688                    /usr/lib/x86_64-linux-gnu/libsonic.so.0.2.0
7f8cfd1ff000-7f8cfd200000 r--p 00005000 08:01 9975688                    /usr/lib/x86_64-linux-gnu/libsonic.so.0.2.0
7f8cfd200000-7f8cfd201000 rw-p 00006000 08:01 9975688                    /usr/lib/x86_64-linux-gnu/libsonic.so.0.2.0
7f8cfd201000-7f8cfd205000 r-xp 00000000 08:01 9967988                    /usr/lib/libpcaudio.so.0.0.0
7f8cfd205000-7f8cfd404000 ---p 00004000 08:01 9967988                    /usr/lib/libpcaudio.so.0.0.0
7f8cfd404000-7f8cfd405000 r--p 00003000 08:01 9967988                    /usr/lib/libpcaudio.so.0.0.0
7f8cfd405000-7f8cfd406000 rw-p 00004000 08:01 9967988                    /usr/lib/libpcaudio.so.0.0.0
7f8cfd406000-7f8cfd484000 r-xp 00000000 08:01 9968033                    /usr/lib/libespeak-ng.so.1.1.49
7f8cfd484000-7f8cfd684000 ---p 0007e000 08:01 9968033                    /usr/lib/libespeak-ng.so.1.1.49
7f8cfd684000-7f8cfd685000 r--p 0007e000 08:01 9968033                    /usr/lib/libespeak-ng.so.1.1.49
7f8cfd685000-7f8cfd68e000 rw-p 0007f000 08:01 9968033                    /usr/lib/libespeak-ng.so.1.1.49
7f8cfd68e000-7f8cfd6b2000 rw-p 00000000 00:00 0 
7f8cfd6b2000-7f8cfd6b3000 r-xp 00000000 08:01 8415071                    /home/student/workspace/eSpeak-Jedit/jni/lib/libespeakservice.so
7f8cfd6b3000-7f8cfd8b3000 ---p 00001000 08:01 8415071                    /home/student/workspace/eSpeak-Jedit/jni/lib/libespeakservice.so
7f8cfd8b3000-7f8cfd8b4000 r--p 00001000 08:01 8415071                    /home/student/workspace/eSpeak-Jedit/jni/lib/libespeakservice.so
7f8cfd8b4000-7f8cfd8b6000 rw-p 00002000 08:01 8415071                    /home/student/workspace/eSpeak-Jedit/jni/lib/libespeakservice.so
7f8cfd8b6000-7f8cfd8b7000 ---p 00000000 00:00 0 
7f8cfd8b7000-7f8cfd9b7000 rw-p 00000000 00:00 0 
7f8cfd9b7000-7f8cfd9ba000 ---p 00000000 00:00 0 
7f8cfd9ba000-7f8cfdab8000 rw-p 00000000 00:00 0 
7f8cfdab8000-7f8cfdabb000 ---p 00000000 00:00 0 
7f8cfdabb000-7f8cfdbb9000 rw-p 00000000 00:00 0 
7f8cfdbb9000-7f8cfdbbc000 ---p 00000000 00:00 0 
7f8cfdbbc000-7f8cfdcba000 rw-p 00000000 00:00 0 
7f8cfdcba000-7f8cfdcbd000 ---p 00000000 00:00 0 
7f8cfdcbd000-7f8cfddbb000 rw-p 00000000 00:00 0 
7f8cfddbb000-7f8cfddbe000 ---p 00000000 00:00 0 
7f8cfddbe000-7f8cfdebc000 rw-p 00000000 00:00 0 
7f8cfdebc000-7f8cfe1af000 r--p 00000000 08:01 9962054                    /usr/lib/locale/locale-archive
7f8cfe1af000-7f8cfe1b2000 ---p 00000000 00:00 0 
7f8cfe1b2000-7f8d00000000 rw-p 00000000 00:00 0 
7f8d00000000-7f8d00021000 rw-p 00000000 00:00 0 
7f8d00021000-7f8d04000000 ---p 00000000 00:00 0 
7f8d04000000-7f8d04021000 rw-p 00000000 00:00 0 
7f8d04021000-7f8d08000000 ---p 00000000 00:00 0 
7f8d08000000-7f8d08021000 rw-p 00000000 00:00 0 
7f8d08021000-7f8d0c000000 ---p 00000000 00:00 0 
7f8d0c000000-7f8d0c021000 rw-p 00000000 00:00 0 
7f8d0c021000-7f8d10000000 ---p 00000000 00:00 0 
7f8d10051000-7f8d100d1000 r-xp 00000000 08:01 13635942                   /lib/x86_64-linux-gnu/libsystemd.so.0.14.0
7f8d100d1000-7f8d100d4000 r--p 0007f000 08:01 13635942                   /lib/x86_64-linux-gnu/libsystemd.so.0.14.0
7f8d100d4000-7f8d100d5000 rw-p 00082000 08:01 13635942                   /lib/x86_64-linux-gnu/libsystemd.so.0.14.0
7f8d100d5000-7f8d100d6000 rw-p 00000000 00:00 0 
7f8d100f1000-7f8d100f4000 ---p 00000000 00:00 0 
7f8d100f4000-7f8d101f2000 rw-p 00000000 00:00 0 
7f8d101f2000-7f8d101f3000 ---p 00000000 00:00 0 
7f8d101f3000-7f8d11000000 rw-p 00000000 00:00 0 
7f8d11000000-7f8d11270000 rwxp 00000000 00:00 0 
7f8d11270000-7f8d20000000 ---p 00000000 00:00 0 
7f8d20000000-7f8d20142000 rw-p 00000000 00:00 0 
7f8d20142000-7f8d24000000 ---p 00000000 00:00 0 
7f8d2400c000-7f8d2400e000 r--s 00008000 08:01 13238452                   /usr/lib/jvm/java-8-openjdk-amd64/jre/lib/ext/sunec.jar
7f8d2400e000-7f8d24029000 r--s 00394000 08:01 13238456                   /usr/lib/jvm/java-8-openjdk-amd64/jre/lib/ext/cldrdata.jar
7f8d24029000-7f8d24044000 r--s 001d6000 08:01 13238453                   /usr/lib/jvm/java-8-openjdk-amd64/jre/lib/ext/nashorn.jar
7f8d24044000-7f8d24049000 r--s 0003b000 08:01 13238460                   /usr/lib/jvm/java-8-openjdk-amd64/jre/lib/ext/sunjce_provider.jar
7f8d24049000-7f8d242fb000 rw-p 00000000 00:00 0 
7f8d242fb000-7f8d244c9000 r--s 03c06000 08:01 13238467                   /usr/lib/jvm/java-8-openjdk-amd64/jre/lib/rt.jar
7f8d244c9000-7f8d2497f000 rw-p 00000000 00:00 0 
7f8d2497f000-7f8d24d3f000 ---p 00000000 00:00 0 
7f8d24d3f000-7f8d24f14000 rw-p 00000000 00:00 0 
7f8d24f14000-7f8d24f15000 ---p 00000000 00:00 0 
7f8d24f15000-7f8d25015000 rw-p 00000000 00:00 0 
7f8d25015000-7f8d25016000 ---p 00000000 00:00 0 
7f8d25016000-7f8d25116000 rw-p 00000000 00:00 0 
7f8d25116000-7f8d25117000 ---p 00000000 00:00 0 
7f8d25117000-7f8d25217000 rw-p 00000000 00:00 0 
7f8d25217000-7f8d25218000 ---p 00000000 00:00 0 
7f8d25218000-7f8d2532c000 rw-p 00000000 00:00 0 
7f8d2532c000-7f8d25451000 ---p 00000000 00:00 0 
7f8d25451000-7f8d25465000 rw-p 00000000 00:00 0 
7f8d25465000-7f8d25589000 ---p 00000000 00:00 0 
7f8d25589000-7f8d25594000 rw-p 00000000 00:00 0 
7f8d25594000-7f8d25626000 ---p 00000000 00:00 0 
7f8d25626000-7f8d25631000 rw-p 00000000 00:00 0 
7f8d25631000-7f8d259e7000 ---p 00000000 00:00 0 
7f8d259e7000-7f8d259ef000 r-xp 00000000 08:01 13238412                   /usr/lib/jvm/java-8-openjdk-amd64/jre/lib/amd64/libzip.so
7f8d259ef000-7f8d25bee000 ---p 00008000 08:01 13238412                   /usr/lib/jvm/java-8-openjdk-amd64/jre/lib/amd64/libzip.so
7f8d25bee000-7f8d25bef000 r--p 00007000 08:01 13238412                   /usr/lib/jvm/java-8-openjdk-amd64/jre/lib/amd64/libzip.so
7f8d25bef000-7f8d25bf0000 rw-p 00008000 08:01 13238412                   /usr/lib/jvm/java-8-openjdk-amd64/jre/lib/amd64/libzip.so
7f8d25bf0000-7f8d25bfb000 r-xp 00000000 08:01 13635953                   /lib/x86_64-linux-gnu/libnss_files-2.23.so
7f8d25bfb000-7f8d25dfa000 ---p 0000b000 08:01 13635953                   /lib/x86_64-linux-gnu/libnss_files-2.23.so
7f8d25dfa000-7f8d25dfb000 r--p 0000a000 08:01 13635953                   /lib/x86_64-linux-gnu/libnss_files-2.23.so
7f8d25dfb000-7f8d25dfc000 rw-p 0000b000 08:01 13635953                   /lib/x86_64-linux-gnu/libnss_files-2.23.so
7f8d25dfc000-7f8d25e02000 rw-p 00000000 00:00 0 
7f8d25e02000-7f8d25e0d000 r-xp 00000000 08:01 13631528                   /lib/x86_64-linux-gnu/libnss_nis-2.23.so
7f8d25e0d000-7f8d2600c000 ---p 0000b000 08:01 13631528                   /lib/x86_64-linux-gnu/libnss_nis-2.23.so
7f8d2600c000-7f8d2600d000 r--p 0000a000 08:01 13631528                   /lib/x86_64-linux-gnu/libnss_nis-2.23.so
7f8d2600d000-7f8d2600e000 rw-p 0000b000 08:01 13631528                   /lib/x86_64-linux-gnu/libnss_nis-2.23.so
7f8d2600e000-7f8d26024000 r-xp 00000000 08:01 13631539                   /lib/x86_64-linux-gnu/libnsl-2.23.so
7f8d26024000-7f8d26223000 ---p 00016000 08:01 13631539                   /lib/x86_64-linux-gnu/libnsl-2.23.so
7f8d26223000-7f8d26224000 r--p 00015000 08:01 13631539                   /lib/x86_64-linux-gnu/libnsl-2.23.so
7f8d26224000-7f8d26225000 rw-p 00016000 08:01 13631539                   /lib/x86_64-linux-gnu/libnsl-2.23.so
7f8d26225000-7f8d26227000 rw-p 00000000 00:00 0 
7f8d26227000-7f8d2622f000 r-xp 00000000 08:01 13635857                   /lib/x86_64-linux-gnu/libnss_compat-2.23.so
7f8d2622f000-7f8d2642e000 ---p 00008000 08:01 13635857                   /lib/x86_64-linux-gnu/libnss_compat-2.23.so
7f8d2642e000-7f8d2642f000 r--p 00007000 08:01 13635857                   /lib/x86_64-linux-gnu/libnss_compat-2.23.so
7f8d2642f000-7f8d26430000 rw-p 00008000 08:01 13635857                   /lib/x86_64-linux-gnu/libnss_compat-2.23.so
7f8d26430000-7f8d2645d000 r-xp 00000000 08:01 13238439                   /usr/lib/jvm/java-8-openjdk-amd64/jre/lib/amd64/libjava.so
7f8d2645d000-7f8d2665c000 ---p 0002d000 08:01 13238439                   /usr/lib/jvm/java-8-openjdk-amd64/jre/lib/amd64/libjava.so
7f8d2665c000-7f8d2665d000 r--p 0002c000 08:01 13238439                   /usr/lib/jvm/java-8-openjdk-amd64/jre/lib/amd64/libjava.so
7f8d2665d000-7f8d2665f000 rw-p 0002d000 08:01 13238439                   /usr/lib/jvm/java-8-openjdk-amd64/jre/lib/amd64/libjava.so
7f8d2665f000-7f8d2666e000 r-xp 00000000 08:01 13238405                   /usr/lib/jvm/java-8-openjdk-amd64/jre/lib/amd64/libverify.so
7f8d2666e000-7f8d2686d000 ---p 0000f000 08:01 13238405                   /usr/lib/jvm/java-8-openjdk-amd64/jre/lib/amd64/libverify.so
7f8d2686d000-7f8d2686f000 r--p 0000e000 08:01 13238405                   /usr/lib/jvm/java-8-openjdk-amd64/jre/lib/amd64/libverify.so
7f8d2686f000-7f8d26870000 rw-p 00010000 08:01 13238405                   /usr/lib/jvm/java-8-openjdk-amd64/jre/lib/amd64/libverify.so
7f8d26870000-7f8d26877000 r-xp 00000000 08:01 13631527                   /lib/x86_64-linux-gnu/librt-2.23.so
7f8d26877000-7f8d26a76000 ---p 00007000 08:01 13631527                   /lib/x86_64-linux-gnu/librt-2.23.so
7f8d26a76000-7f8d26a77000 r--p 00006000 08:01 13631527                   /lib/x86_64-linux-gnu/librt-2.23.so
7f8d26a77000-7f8d26a78000 rw-p 00007000 08:01 13631527                   /lib/x86_64-linux-gnu/librt-2.23.so
7f8d26a78000-7f8d26a8e000 r-xp 00000000 08:01 13635973                   /lib/x86_64-linux-gnu/libgcc_s.so.1
7f8d26a8e000-7f8d26c8d000 ---p 00016000 08:01 13635973                   /lib/x86_64-linux-gnu/libgcc_s.so.1
7f8d26c8d000-7f8d26c8e000 rw-p 00015000 08:01 13635973                   /lib/x86_64-linux-gnu/libgcc_s.so.1
7f8d26c8e000-7f8d26d96000 r-xp 00000000 08:01 13631537                   /lib/x86_64-linux-gnu/libm-2.23.so
7f8d26d96000-7f8d26f95000 ---p 00108000 08:01 13631537                   /lib/x86_64-linux-gnu/libm-2.23.so
7f8d26f95000-7f8d26f96000 r--p 00107000 08:01 13631537                   /lib/x86_64-linux-gnu/libm-2.23.so
7f8d26f96000-7f8d26f97000 rw-p 00108000 08:01 13631537                   /lib/x86_64-linux-gnu/libm-2.23.so
7f8d26f97000-7f8d27109000 r-xp 00000000 08:01 9962222                    /usr/lib/x86_64-linux-gnu/libstdc++.so.6.0.21
7f8d27109000-7f8d27309000 ---p 00172000 08:01 9962222                    /usr/lib/x86_64-linux-gnu/libstdc++.so.6.0.21
7f8d27309000-7f8d27313000 r--p 00172000 08:01 9962222                    /usr/lib/x86_64-linux-gnu/libstdc++.so.6.0.21
7f8d27313000-7f8d27315000 rw-p 0017c000 08:01 9962222                    /usr/lib/x86_64-linux-gnu/libstdc++.so.6.0.21
7f8d27315000-7f8d27319000 rw-p 00000000 00:00 0 
7f8d27319000-7f8d27f69000 r-xp 00000000 08:01 13238434                   /usr/lib/jvm/java-8-openjdk-amd64/jre/lib/amd64/server/libjvm.so
7f8d27f69000-7f8d28168000 ---p 00c50000 08:01 13238434                   /usr/lib/jvm/java-8-openjdk-amd64/jre/lib/amd64/server/libjvm.so
7f8d28168000-7f8d281fb000 r--p 00c4f000 08:01 13238434                   /usr/lib/jvm/java-8-openjdk-amd64/jre/lib/amd64/server/libjvm.so
7f8d281fb000-7f8d28224000 rw-p 00ce2000 08:01 13238434                   /usr/lib/jvm/java-8-openjdk-amd64/jre/lib/amd64/server/libjvm.so
7f8d28224000-7f8d28254000 rw-p 00000000 00:00 0 
7f8d28254000-7f8d2826c000 r-xp 00000000 08:01 13631538                   /lib/x86_64-linux-gnu/libpthread-2.23.so
7f8d2826c000-7f8d2846b000 ---p 00018000 08:01 13631538                   /lib/x86_64-linux-gnu/libpthread-2.23.so
7f8d2846b000-7f8d2846c000 r--p 00017000 08:01 13631538                   /lib/x86_64-linux-gnu/libpthread-2.23.so
7f8d2846c000-7f8d2846d000 rw-p 00018000 08:01 13631538                   /lib/x86_64-linux-gnu/libpthread-2.23.so
7f8d2846d000-7f8d28471000 rw-p 00000000 00:00 0 
7f8d28471000-7f8d28474000 r-xp 00000000 08:01 13631531                   /lib/x86_64-linux-gnu/libdl-2.23.so
7f8d28474000-7f8d28673000 ---p 00003000 08:01 13631531                   /lib/x86_64-linux-gnu/libdl-2.23.so
7f8d28673000-7f8d28674000 r--p 00002000 08:01 13631531                   /lib/x86_64-linux-gnu/libdl-2.23.so
7f8d28674000-7f8d28675000 rw-p 00003000 08:01 13631531                   /lib/x86_64-linux-gnu/libdl-2.23.so
7f8d28675000-7f8d2868e000 r-xp 00000000 08:01 13636117                   /lib/x86_64-linux-gnu/libz.so.1.2.8
7f8d2868e000-7f8d2888d000 ---p 00019000 08:01 13636117                   /lib/x86_64-linux-gnu/libz.so.1.2.8
7f8d2888d000-7f8d2888e000 r--p 00018000 08:01 13636117                   /lib/x86_64-linux-gnu/libz.so.1.2.8
7f8d2888e000-7f8d2888f000 rw-p 00019000 08:01 13636117                   /lib/x86_64-linux-gnu/libz.so.1.2.8
7f8d2888f000-7f8d28a4e000 r-xp 00000000 08:01 13631532                   /lib/x86_64-linux-gnu/libc-2.23.so
7f8d28a4e000-7f8d28c4e000 ---p 001bf000 08:01 13631532                   /lib/x86_64-linux-gnu/libc-2.23.so
7f8d28c4e000-7f8d28c52000 r--p 001bf000 08:01 13631532                   /lib/x86_64-linux-gnu/libc-2.23.so
7f8d28c52000-7f8d28c54000 rw-p 001c3000 08:01 13631532                   /lib/x86_64-linux-gnu/libc-2.23.so
7f8d28c54000-7f8d28c58000 rw-p 00000000 00:00 0 
7f8d28c58000-7f8d28c65000 r-xp 00000000 08:01 13238428                   /usr/lib/jvm/java-8-openjdk-amd64/jre/lib/amd64/jli/libjli.so
7f8d28c65000-7f8d28e65000 ---p 0000d000 08:01 13238428                   /usr/lib/jvm/java-8-openjdk-amd64/jre/lib/amd64/jli/libjli.so
7f8d28e65000-7f8d28e66000 r--p 0000d000 08:01 13238428                   /usr/lib/jvm/java-8-openjdk-amd64/jre/lib/amd64/jli/libjli.so
7f8d28e66000-7f8d28e67000 rw-p 0000e000 08:01 13238428                   /usr/lib/jvm/java-8-openjdk-amd64/jre/lib/amd64/jli/libjli.so
7f8d28e67000-7f8d28e8d000 r-xp 00000000 08:01 13631501                   /lib/x86_64-linux-gnu/ld-2.23.so
7f8d28e8d000-7f8d28e8e000 r--s 00010000 08:01 13238457                   /usr/lib/jvm/java-8-openjdk-amd64/jre/lib/ext/zipfs.jar
7f8d28e8e000-7f8d28e91000 r--s 0000f000 08:01 13238455                   /usr/lib/jvm/java-8-openjdk-amd64/jre/lib/ext/icedtea-sound.jar
7f8d28e91000-7f8d28f69000 rw-p 00000000 00:00 0 
7f8d28f69000-7f8d28f6c000 ---p 00000000 00:00 0 
7f8d28f6c000-7f8d2906f000 rw-p 00000000 00:00 0 
7f8d2906f000-7f8d29070000 r--s 0000a000 08:01 13238461                   /usr/lib/jvm/java-8-openjdk-amd64/jre/lib/ext/jaccess.jar
7f8d29070000-7f8d29072000 r--s 00001000 08:01 13238454                   /usr/lib/jvm/java-8-openjdk-amd64/jre/lib/ext/dnsns.jar
7f8d29072000-7f8d2907c000 r--s 00116000 08:01 13238459                   /usr/lib/jvm/java-8-openjdk-amd64/jre/lib/ext/localedata.jar
7f8d2907c000-7f8d29080000 r--s 00037000 08:01 13238458                   /usr/lib/jvm/java-8-openjdk-amd64/jre/lib/ext/sunpkcs11.jar
7f8d29080000-7f8d29088000 rw-s 00000000 08:01 5112297                    /tmp/hsperfdata_student/9024
7f8d29088000-7f8d29089000 rw-p 00000000 00:00 0 
7f8d29089000-7f8d2908a000 r--p 00000000 00:00 0 
7f8d2908a000-7f8d2908c000 rw-p 00000000 00:00 0 
7f8d2908c000-7f8d2908d000 r--p 00025000 08:01 13631501                   /lib/x86_64-linux-gnu/ld-2.23.so
7f8d2908d000-7f8d2908e000 rw-p 00026000 08:01 13631501                   /lib/x86_64-linux-gnu/ld-2.23.so
7f8d2908e000-7f8d2908f000 rw-p 00000000 00:00 0 
7fffb1c77000-7fffb1c98000 rw-p 00000000 00:00 0                          [stack]
7fffb1d1b000-7fffb1d1d000 r--p 00000000 00:00 0                          [vvar]
7fffb1d1d000-7fffb1d1f000 r-xp 00000000 00:00 0                          [vdso]
ffffffffff600000-ffffffffff601000 r-xp 00000000 00:00 0                  [vsyscall]

VM Arguments:
jvm_args: -Dfile.encoding=UTF-8 
java_command: eSpeakServices.ESpeakService
java_class_path (initial): /home/student/workspace/eSpeak-Jedit/bin
Launcher Type: SUN_STANDARD

Environment Variables:
PATH=/home/student/bin:/home/student/.local/bin:/usr/local/sbin:/usr/local/bin:/usr/sbin:/usr/bin:/sbin:/bin:/usr/games:/usr/local/games
SHELL=/bin/bash
DISPLAY=:0

Signal Handlers:
SIGSEGV: [libjvm.so+0xa66fd0], sa_mask[0]=11111111011111111101111111111110, sa_flags=SA_RESTART|SA_SIGINFO
SIGBUS: [libjvm.so+0xa66fd0], sa_mask[0]=11111111011111111101111111111110, sa_flags=SA_RESTART|SA_SIGINFO
SIGFPE: [libjvm.so+0x8b0180], sa_mask[0]=11111111011111111101111111111110, sa_flags=SA_RESTART|SA_SIGINFO
SIGPIPE: [libjvm.so+0x8b0180], sa_mask[0]=11111111011111111101111111111110, sa_flags=SA_RESTART|SA_SIGINFO
SIGXFSZ: [libjvm.so+0x8b0180], sa_mask[0]=11111111011111111101111111111110, sa_flags=SA_RESTART|SA_SIGINFO
SIGILL: [libjvm.so+0x8b0180], sa_mask[0]=11111111011111111101111111111110, sa_flags=SA_RESTART|SA_SIGINFO
SIGUSR1: SIG_DFL, sa_mask[0]=00000000000000000000000000000000, sa_flags=none
SIGUSR2: [libjvm.so+0x8b0030], sa_mask[0]=00100000000000000000000000000000, sa_flags=SA_RESTART|SA_SIGINFO
SIGHUP: [libjvm.so+0x8b0500], sa_mask[0]=11111111011111111101111111111110, sa_flags=SA_RESTART|SA_SIGINFO
SIGINT: [libjvm.so+0x8b0500], sa_mask[0]=11111111011111111101111111111110, sa_flags=SA_RESTART|SA_SIGINFO
SIGTERM: [libjvm.so+0x8b0500], sa_mask[0]=11111111011111111101111111111110, sa_flags=SA_RESTART|SA_SIGINFO
SIGQUIT: [libjvm.so+0x8b0500], sa_mask[0]=11111111011111111101111111111110, sa_flags=SA_RESTART|SA_SIGINFO


---------------  S Y S T E M  ---------------

OS:DISTRIB_ID=Ubuntu
DISTRIB_RELEASE=16.04
DISTRIB_CODENAME=xenial
DISTRIB_DESCRIPTION="Ubuntu 16.04.2 LTS"

uname:Linux 4.4.0-64-generic #85-Ubuntu SMP Mon Feb 20 11:50:30 UTC 2017 x86_64
libc:glibc 2.23 NPTL 2.23 
rlimit: STACK 8192k, CORE 0k, NPROC 14848, NOFILE 65536, AS infinity
load average:0,47 0,46 0,36

/proc/meminfo:
MemTotal:        3841372 kB
MemFree:          198356 kB
MemAvailable:     677272 kB
Buffers:          186720 kB
Cached:           577180 kB
SwapCached:         1552 kB
Active:          2473876 kB
Inactive:         963092 kB
Active(anon):    2152512 kB
Inactive(anon):   660772 kB
Active(file):     321364 kB
Inactive(file):   302320 kB
Unevictable:          32 kB
Mlocked:              32 kB
SwapTotal:       3986428 kB
SwapFree:        3961480 kB
Dirty:               868 kB
Writeback:             0 kB
AnonPages:       2671620 kB
Mapped:           321296 kB
Shmem:            140216 kB
Slab:             141432 kB
SReclaimable:     114240 kB
SUnreclaim:        27192 kB
KernelStack:        7968 kB
PageTables:        25428 kB
NFS_Unstable:          0 kB
Bounce:                0 kB
WritebackTmp:          0 kB
CommitLimit:     5907112 kB
Committed_AS:    5120944 kB
VmallocTotal:   34359738367 kB
VmallocUsed:           0 kB
VmallocChunk:          0 kB
HardwareCorrupted:     0 kB
AnonHugePages:   1615872 kB
CmaTotal:              0 kB
CmaFree:               0 kB
HugePages_Total:       0
HugePages_Free:        0
HugePages_Rsvd:        0
HugePages_Surp:        0
Hugepagesize:       2048 kB
DirectMap4k:       96636 kB
DirectMap2M:     3891200 kB


CPU:total 4 (2 cores per cpu, 2 threads per core) family 6 model 37 stepping 5, cmov, cx8, fxsr, mmx, sse, sse2, sse3, ssse3, sse4.1, sse4.2, popcnt, aes, clmul, ht, tsc, tscinvbit

/proc/cpuinfo:
processor	: 0
vendor_id	: GenuineIntel
cpu family	: 6
model		: 37
model name	: Intel(R) Core(TM) i5 CPU       M 560  @ 2.67GHz
stepping	: 5
microcode	: 0x2
cpu MHz		: 1199.000
cache size	: 3072 KB
physical id	: 0
siblings	: 4
core id		: 0
cpu cores	: 2
apicid		: 0
initial apicid	: 0
fpu		: yes
fpu_exception	: yes
cpuid level	: 11
wp		: yes
flags		: fpu vme de pse tsc msr pae mce cx8 apic sep mtrr pge mca cmov pat pse36 clflush dts acpi mmx fxsr sse sse2 ss ht tm pbe syscall nx rdtscp lm constant_tsc arch_perfmon pebs bts rep_good nopl xtopology nonstop_tsc aperfmperf pni pclmulqdq dtes64 monitor ds_cpl vmx smx est tm2 ssse3 cx16 xtpr pdcm pcid sse4_1 sse4_2 popcnt aes lahf_lm tpr_shadow vnmi flexpriority ept vpid dtherm ida arat
bugs		:
bogomips	: 5320.22
clflush size	: 64
cache_alignment	: 64
address sizes	: 36 bits physical, 48 bits virtual
power management:

processor	: 1
vendor_id	: GenuineIntel
cpu family	: 6
model		: 37
model name	: Intel(R) Core(TM) i5 CPU       M 560  @ 2.67GHz
stepping	: 5
microcode	: 0x2
cpu MHz		: 2667.000
cache size	: 3072 KB
physical id	: 0
siblings	: 4
core id		: 2
cpu cores	: 2
apicid		: 4
initial apicid	: 4
fpu		: yes
fpu_exception	: yes
cpuid level	: 11
wp		: yes
flags		: fpu vme de pse tsc msr pae mce cx8 apic sep mtrr pge mca cmov pat pse36 clflush dts acpi mmx fxsr sse sse2 ss ht tm pbe syscall nx rdtscp lm constant_tsc arch_perfmon pebs bts rep_good nopl xtopology nonstop_tsc aperfmperf pni pclmulqdq dtes64 monitor ds_cpl vmx smx est tm2 ssse3 cx16 xtpr pdcm pcid sse4_1 sse4_2 popcnt aes lahf_lm tpr_shadow vnmi flexpriority ept vpid dtherm ida arat
bugs		:
bogomips	: 5320.22
clflush size	: 64
cache_alignment	: 64
address sizes	: 36 bits physical, 48 bits virtual
power management:

processor	: 2
vendor_id	: GenuineIntel
cpu family	: 6
model		: 37
model name	: Intel(R) Core(TM) i5 CPU       M 560  @ 2.67GHz
stepping	: 5
microcode	: 0x2
cpu MHz		: 1333.000
cache size	: 3072 KB
physical id	: 0
siblings	: 4
core id		: 0
cpu cores	: 2
apicid		: 1
initial apicid	: 1
fpu		: yes
fpu_exception	: yes
cpuid level	: 11
wp		: yes
flags		: fpu vme de pse tsc msr pae mce cx8 apic sep mtrr pge mca cmov pat pse36 clflush dts acpi mmx fxsr sse sse2 ss ht tm pbe syscall nx rdtscp lm constant_tsc arch_perfmon pebs bts rep_good nopl xtopology nonstop_tsc aperfmperf pni pclmulqdq dtes64 monitor ds_cpl vmx smx est tm2 ssse3 cx16 xtpr pdcm pcid sse4_1 sse4_2 popcnt aes lahf_lm tpr_shadow vnmi flexpriority ept vpid dtherm ida arat
bugs		:
bogomips	: 5320.22
clflush size	: 64
cache_alignment	: 64
address sizes	: 36 bits physical, 48 bits virtual
power management:

processor	: 3
vendor_id	: GenuineIntel
cpu family	: 6
model		: 37
model name	: Intel(R) Core(TM) i5 CPU       M 560  @ 2.67GHz
stepping	: 5
microcode	: 0x2
cpu MHz		: 1999.000
cache size	: 3072 KB
physical id	: 0
siblings	: 4
core id		: 2
cpu cores	: 2
apicid		: 5
initial apicid	: 5
fpu		: yes
fpu_exception	: yes
cpuid level	: 11
wp		: yes
flags		: fpu vme de pse tsc msr pae mce cx8 apic sep mtrr pge mca cmov pat pse36 clflush dts acpi mmx fxsr sse sse2 ss ht tm pbe syscall nx rdtscp lm constant_tsc arch_perfmon pebs bts rep_good nopl xtopology nonstop_tsc aperfmperf pni pclmulqdq dtes64 monitor ds_cpl vmx smx est tm2 ssse3 cx16 xtpr pdcm pcid sse4_1 sse4_2 popcnt aes lahf_lm tpr_shadow vnmi flexpriority ept vpid dtherm ida arat
bugs		:
bogomips	: 5320.22
clflush size	: 64
cache_alignment	: 64
address sizes	: 36 bits physical, 48 bits virtual
power management:



Memory: 4k page, physical 3841372k(198356k free), swap 3986428k(3961480k free)

vm_info: OpenJDK 64-Bit Server VM (25.121-b13) for linux-amd64 JRE (1.8.0_121-8u121-b13-0ubuntu1.16.04.2-b13), built on Jan 23 2017 15:51:29 by "buildd" with gcc 5.4.0 20160609

time: Thu Feb 23 15:10:25 2017
elapsed time: 0 seconds (0d 0h 0m 0s)

